---------------------------------------------------------------
[ 2019-08-01T11:27:50+08:00 ] 127.0.0.1 127.0.0.1 GET /
[ info ] h_two.cn/ [运行时间：0.131008s][吞吐率：7.63req/s] [内存消耗：2,840.04kb] [文件加载：61]
[ info ] [ LANG ] D:\wamp\www\h_two\thinkphp\lang\zh-cn.php
[ info ] [ BIND ] 'admin'
[ info ] [ ROUTE ] array (
  'type' => 'module',
  'module' => 
  array (
    0 => 'admin',
    1 => NULL,
    2 => NULL,
  ),
)
[ info ] [ HEADER ] array (
  'host' => 'h_two.cn',
  'connection' => 'keep-alive',
  'purpose' => 'prefetch',
  'upgrade-insecure-requests' => '1',
  'user-agent' => 'Mozilla/5.0 (Windows NT 6.1; WOW64) AppleWebKit/537.36 (KHTML, like Gecko) Chrome/73.0.3683.86 Safari/537.36',
  'accept' => 'text/html,application/xhtml+xml,application/xml;q=0.9,image/webp,image/apng,*/*;q=0.8,application/signed-exchange;v=b3',
  'accept-encoding' => 'gzip, deflate',
  'accept-language' => 'zh-CN,zh;q=0.9,en;q=0.8',
  'cookie' => 'use_simple_menu=1',
)
[ info ] [ PARAM ] array (
)
[ info ] [ LANG ] D:\wamp\www\h_two\public/../application/admin\lang\zh-cn.php
[ info ] [ BEHAVIOR ] Run app\common\behavior\Common @module_init [ RunTime:0.002001s ]
[ info ] [ SESSION ] INIT array (
  'id' => '',
  'var_session_id' => '',
  'prefix' => 'think',
  'type' => '',
  'auto_start' => true,
  'expire' => 5400,
  'use_cookies' => true,
)
[ info ] [ VIEW ] D:\wamp\www\h_two\public/../application/common\view\tpl\dispatch_jump.tpl [ array (
  0 => 'code',
  1 => 'msg',
  2 => 'data',
  3 => 'url',
  4 => 'wait',
) ]
[ info ] [ BEHAVIOR ] Run app\admin\behavior\AdminLog @app_end [ RunTime:0.001000s ]
[ info ] [ LOG ] INIT File
---------------------------------------------------------------
[ 2019-08-01T11:27:51+08:00 ] 127.0.0.1 127.0.0.1 GET /
[ info ] h_two.cn/ [运行时间：0.084005s][吞吐率：11.90req/s] [内存消耗：2,839.71kb] [文件加载：61]
[ info ] [ LANG ] D:\wamp\www\h_two\thinkphp\lang\zh-cn.php
[ info ] [ BIND ] 'admin'
[ info ] [ ROUTE ] array (
  'type' => 'module',
  'module' => 
  array (
    0 => 'admin',
    1 => NULL,
    2 => NULL,
  ),
)
[ info ] [ HEADER ] array (
  'host' => 'h_two.cn',
  'connection' => 'keep-alive',
  'upgrade-insecure-requests' => '1',
  'user-agent' => 'Mozilla/5.0 (Windows NT 6.1; WOW64) AppleWebKit/537.36 (KHTML, like Gecko) Chrome/73.0.3683.86 Safari/537.36',
  'accept' => 'text/html,application/xhtml+xml,application/xml;q=0.9,image/webp,image/apng,*/*;q=0.8,application/signed-exchange;v=b3',
  'accept-encoding' => 'gzip, deflate',
  'accept-language' => 'zh-CN,zh;q=0.9,en;q=0.8',
  'cookie' => 'use_simple_menu=1; PHPSESSID=1r93l3n6ve7fc12mj3bsibjao7',
)
[ info ] [ PARAM ] array (
)
[ info ] [ LANG ] D:\wamp\www\h_two\public/../application/admin\lang\zh-cn.php
[ info ] [ BEHAVIOR ] Run app\common\behavior\Common @module_init [ RunTime:0.001000s ]
[ info ] [ SESSION ] INIT array (
  'id' => '',
  'var_session_id' => '',
  'prefix' => 'think',
  'type' => '',
  'auto_start' => true,
  'expire' => 5400,
  'use_cookies' => true,
)
[ info ] [ VIEW ] D:\wamp\www\h_two\public/../application/common\view\tpl\dispatch_jump.tpl [ array (
  0 => 'code',
  1 => 'msg',
  2 => 'data',
  3 => 'url',
  4 => 'wait',
) ]
[ info ] [ BEHAVIOR ] Run app\admin\behavior\AdminLog @app_end [ RunTime:0.000000s ]
[ info ] [ LOG ] INIT File
---------------------------------------------------------------
[ 2019-08-01T11:27:52+08:00 ] 127.0.0.1 127.0.0.1 GET /index/login?url=/
[ info ] h_two.cn/index/login?url=/ [运行时间：0.069004s][吞吐率：14.49req/s] [内存消耗：2,915.65kb] [文件加载：63]
[ info ] [ LANG ] D:\wamp\www\h_two\thinkphp\lang\zh-cn.php
[ info ] [ BIND ] 'admin'
[ info ] [ ROUTE ] array (
  'type' => 'module',
  'module' => 
  array (
    0 => 'admin',
    1 => 'index',
    2 => 'login',
  ),
)
[ info ] [ HEADER ] array (
  'host' => 'h_two.cn',
  'connection' => 'keep-alive',
  'upgrade-insecure-requests' => '1',
  'user-agent' => 'Mozilla/5.0 (Windows NT 6.1; WOW64) AppleWebKit/537.36 (KHTML, like Gecko) Chrome/73.0.3683.86 Safari/537.36',
  'accept' => 'text/html,application/xhtml+xml,application/xml;q=0.9,image/webp,image/apng,*/*;q=0.8,application/signed-exchange;v=b3',
  'referer' => 'http://h_two.cn/',
  'accept-encoding' => 'gzip, deflate',
  'accept-language' => 'zh-CN,zh;q=0.9,en;q=0.8',
  'cookie' => 'use_simple_menu=1; PHPSESSID=1r93l3n6ve7fc12mj3bsibjao7',
)
[ info ] [ PARAM ] array (
  'url' => '/',
)
[ info ] [ LANG ] D:\wamp\www\h_two\public/../application/admin\lang\zh-cn.php
[ info ] [ BEHAVIOR ] Run app\common\behavior\Common @module_init [ RunTime:0.001000s ]
[ info ] [ SESSION ] INIT array (
  'id' => '',
  'var_session_id' => '',
  'prefix' => 'think',
  'type' => '',
  'auto_start' => true,
  'expire' => 5400,
  'use_cookies' => true,
)
[ info ] [ LANG ] D:\wamp\www\h_two\public/../application/admin/lang/zh-cn/index.php
[ info ] [ RUN ] app\admin\controller\Index->login[ D:\wamp\www\h_two\application\admin\controller\Index.php ]
[ info ] [ VIEW ] D:\wamp\www\h_two\public/../application/admin\view\index\login.html [ array (
  0 => 'breadcrumb',
  1 => 'site',
  2 => 'config',
  3 => 'auth',
  4 => 'admin',
  5 => 'title',
  6 => 'background',
) ]
[ info ] [ BEHAVIOR ] Run app\admin\behavior\AdminLog @app_end [ RunTime:0.000000s ]
[ info ] [ LOG ] INIT File
---------------------------------------------------------------
[ 2019-08-01T11:27:53+08:00 ] 127.0.0.1 127.0.0.1 GET /ajax/lang?callback=define&controllername=index&v=1564630072
[ info ] h_two.cn/ajax/lang?callback=define&controllername=index&v=1564630072 [运行时间：0.093006s][吞吐率：10.75req/s] [内存消耗：2,961.73kb] [文件加载：62]
[ info ] [ LANG ] D:\wamp\www\h_two\thinkphp\lang\zh-cn.php
[ info ] [ BIND ] 'admin'
[ info ] [ ROUTE ] array (
  'type' => 'module',
  'module' => 
  array (
    0 => 'admin',
    1 => 'ajax',
    2 => 'lang',
  ),
)
[ info ] [ HEADER ] array (
  'host' => 'h_two.cn',
  'connection' => 'keep-alive',
  'user-agent' => 'Mozilla/5.0 (Windows NT 6.1; WOW64) AppleWebKit/537.36 (KHTML, like Gecko) Chrome/73.0.3683.86 Safari/537.36',
  'accept' => '*/*',
  'referer' => 'http://h_two.cn/index/login?url=/',
  'accept-encoding' => 'gzip, deflate',
  'accept-language' => 'zh-CN,zh;q=0.9,en;q=0.8',
  'cookie' => 'use_simple_menu=1; PHPSESSID=1r93l3n6ve7fc12mj3bsibjao7',
)
[ info ] [ PARAM ] array (
  'callback' => 'define',
  'controllername' => 'index',
  'v' => '1564630072',
)
[ info ] [ LANG ] D:\wamp\www\h_two\public/../application/admin\lang\zh-cn.php
[ info ] [ BEHAVIOR ] Run app\common\behavior\Common @module_init [ RunTime:0.001000s ]
[ info ] [ SESSION ] INIT array (
  'id' => '',
  'var_session_id' => '',
  'prefix' => 'think',
  'type' => '',
  'auto_start' => true,
  'expire' => 5400,
  'use_cookies' => true,
)
[ info ] [ RUN ] app\admin\controller\Ajax->lang[ D:\wamp\www\h_two\application\admin\controller\Ajax.php ]
[ info ] [ LANG ] D:\wamp\www\h_two\public/../application/admin/lang/zh-cn/index.php
[ info ] [ BEHAVIOR ] Run app\admin\behavior\AdminLog @app_end [ RunTime:0.000000s ]
[ info ] [ LOG ] INIT File
---------------------------------------------------------------
[ 2019-08-01T11:27:53+08:00 ] 127.0.0.1 127.0.0.1 GET /uploads/20181123/9f9ac92b726dbeca2b66921c30ef388f.jpg
[ info ] h_two.cn/uploads/20181123/9f9ac92b726dbeca2b66921c30ef388f.jpg [运行时间：0.063003s][吞吐率：15.87req/s] [内存消耗：2,177.22kb] [文件加载：49]
[ info ] [ LANG ] D:\wamp\www\h_two\thinkphp\lang\zh-cn.php
[ info ] [ BIND ] 'admin'
[ info ] [ ROUTE ] array (
  'type' => 'module',
  'module' => 
  array (
    0 => 'admin',
    1 => 'uploads',
    2 => '20181123',
  ),
)
[ info ] [ HEADER ] array (
  'host' => 'h_two.cn',
  'connection' => 'keep-alive',
  'user-agent' => 'Mozilla/5.0 (Windows NT 6.1; WOW64) AppleWebKit/537.36 (KHTML, like Gecko) Chrome/73.0.3683.86 Safari/537.36',
  'accept' => 'image/webp,image/apng,image/*,*/*;q=0.8',
  'referer' => 'http://h_two.cn/index/login?url=/',
  'accept-encoding' => 'gzip, deflate',
  'accept-language' => 'zh-CN,zh;q=0.9,en;q=0.8',
  'cookie' => 'use_simple_menu=1; PHPSESSID=1r93l3n6ve7fc12mj3bsibjao7',
)
[ info ] [ PARAM ] array (
)
[ info ] [ LANG ] D:\wamp\www\h_two\public/../application/admin\lang\zh-cn.php
[ info ] [ BEHAVIOR ] Run app\common\behavior\Common @module_init [ RunTime:0.002000s ]
[ info ] [ LOG ] INIT File
---------------------------------------------------------------
[ 2019-08-01T11:27:54+08:00 ] 127.0.0.1 127.0.0.1 POST /index/login?url=/
[ info ] h_two.cn/index/login?url=/ [运行时间：0.232013s][吞吐率：4.31req/s] [内存消耗：4,173.77kb] [文件加载：78]
[ info ] [ LANG ] D:\wamp\www\h_two\thinkphp\lang\zh-cn.php
[ info ] [ BIND ] 'admin'
[ info ] [ ROUTE ] array (
  'type' => 'module',
  'module' => 
  array (
    0 => 'admin',
    1 => 'index',
    2 => 'login',
  ),
)
[ info ] [ HEADER ] array (
  'host' => 'h_two.cn',
  'connection' => 'keep-alive',
  'content-length' => '73',
  'accept' => 'application/json, text/javascript, */*; q=0.01',
  'origin' => 'http://h_two.cn',
  'x-requested-with' => 'XMLHttpRequest',
  'user-agent' => 'Mozilla/5.0 (Windows NT 6.1; WOW64) AppleWebKit/537.36 (KHTML, like Gecko) Chrome/73.0.3683.86 Safari/537.36',
  'content-type' => 'application/x-www-form-urlencoded; charset=UTF-8',
  'referer' => 'http://h_two.cn/index/login?url=/',
  'accept-encoding' => 'gzip, deflate',
  'accept-language' => 'zh-CN,zh;q=0.9,en;q=0.8',
  'cookie' => 'use_simple_menu=1; PHPSESSID=1r93l3n6ve7fc12mj3bsibjao7',
)
[ info ] [ PARAM ] array (
  'url' => '/',
  '__token__' => '296abb45f88d673dd7add86130e95f4d',
  'username' => 'admin',
  'password' => '123456',
)
[ info ] [ LANG ] D:\wamp\www\h_two\public/../application/admin\lang\zh-cn.php
[ info ] [ BEHAVIOR ] Run app\common\behavior\Common @module_init [ RunTime:0.001000s ]
[ info ] [ SESSION ] INIT array (
  'id' => '',
  'var_session_id' => '',
  'prefix' => 'think',
  'type' => '',
  'auto_start' => true,
  'expire' => 5400,
  'use_cookies' => true,
)
[ info ] [ LANG ] D:\wamp\www\h_two\public/../application/admin/lang/zh-cn/index.php
[ info ] [ RUN ] app\admin\controller\Index->login[ D:\wamp\www\h_two\application\admin\controller\Index.php ]
[ info ] [ DB ] INIT mysql
[ info ] [ CACHE ] INIT File
[ info ] [ BEHAVIOR ] Run app\admin\behavior\AdminLog @app_end [ RunTime:0.050003s ]
[ info ] [ LOG ] INIT File
[ sql ] [ DB ] CONNECT:[ UseTime:0.011001s ] mysql:dbname=his_beta;host=192.168.0.220;charset=utf8
[ sql ] [ SQL ] SHOW COLUMNS FROM `yjy_admin` [ RunTime:0.034002s ]
[ sql ] [ SQL ] SELECT * FROM `yjy_admin` WHERE  `username` = 'admin' LIMIT 1 [ RunTime:0.002000s ]
[ sql ] [ SQL ] UPDATE `yjy_admin`  SET `logintime`=1564630073,`token`='86b16b00-3533-4c3f-9151-7fbbf9cd7396',`updatetime`=1564630073  WHERE  `id` = 1 [ RunTime:0.023001s ]
[ sql ] [ SQL ] SHOW COLUMNS FROM `yjy_admin_log` [ RunTime:0.017001s ]
[ sql ] [ SQL ] INSERT INTO `yjy_admin_log` (`title` , `content` , `url` , `admin_id` , `username` , `useragent` , `ip` , `createtime`) VALUES ('登录' , '{\"url\":\"\\/\",\"__token__\":\"296abb45f88d673dd7add86130e95f4d\",\"username\":\"admin\"}' , '/index/login?url=/' , 1 , 'admin' , 'Mozilla/5.0 (Windows NT 6.1; WOW64) AppleWebKit/537.36 (KHTML, like Gecko) Chrome/73.0.3683.86 Safari/537.36' , '127.0.0.1' , 1564630074) [ RunTime:0.029002s ]
---------------------------------------------------------------
[ 2019-08-01T11:27:54+08:00 ] 127.0.0.1 127.0.0.1 GET /
[ info ] h_two.cn/ [运行时间：0.882051s][吞吐率：1.13req/s] [内存消耗：6,113.78kb] [文件加载：81]
[ info ] [ LANG ] D:\wamp\www\h_two\thinkphp\lang\zh-cn.php
[ info ] [ BIND ] 'admin'
[ info ] [ ROUTE ] array (
  'type' => 'module',
  'module' => 
  array (
    0 => 'admin',
    1 => NULL,
    2 => NULL,
  ),
)
[ info ] [ HEADER ] array (
  'host' => 'h_two.cn',
  'connection' => 'keep-alive',
  'upgrade-insecure-requests' => '1',
  'user-agent' => 'Mozilla/5.0 (Windows NT 6.1; WOW64) AppleWebKit/537.36 (KHTML, like Gecko) Chrome/73.0.3683.86 Safari/537.36',
  'accept' => 'text/html,application/xhtml+xml,application/xml;q=0.9,image/webp,image/apng,*/*;q=0.8,application/signed-exchange;v=b3',
  'referer' => 'http://h_two.cn/index/login?url=/',
  'accept-encoding' => 'gzip, deflate',
  'accept-language' => 'zh-CN,zh;q=0.9,en;q=0.8',
  'cookie' => 'use_simple_menu=1; PHPSESSID=1r93l3n6ve7fc12mj3bsibjao7',
)
[ info ] [ PARAM ] array (
)
[ info ] [ LANG ] D:\wamp\www\h_two\public/../application/admin\lang\zh-cn.php
[ info ] [ BEHAVIOR ] Run app\common\behavior\Common @module_init [ RunTime:0.002000s ]
[ info ] [ SESSION ] INIT array (
  'id' => '',
  'var_session_id' => '',
  'prefix' => 'think',
  'type' => '',
  'auto_start' => true,
  'expire' => 5400,
  'use_cookies' => true,
)
[ info ] [ CACHE ] INIT File
[ info ] [ LANG ] D:\wamp\www\h_two\public/../application/admin/lang/zh-cn/index.php
[ info ] [ RUN ] app\admin\controller\Index->index[ D:\wamp\www\h_two\application\admin\controller\Index.php ]
[ info ] [ DB ] INIT mysql
[ info ] [ VIEW ] D:\wamp\www\h_two\public/../application/admin\view\index\index.html [ array (
  0 => 'breadcrumb',
  1 => 'site',
  2 => 'config',
  3 => 'auth',
  4 => 'admin',
  5 => 'menulist',
  6 => 'title',
  7 => 'isJustLogin',
) ]
[ info ] [ BEHAVIOR ] Run app\admin\behavior\AdminLog @app_end [ RunTime:0.000000s ]
[ info ] [ LOG ] INIT File
[ sql ] [ DB ] CONNECT:[ UseTime:0.011001s ] mysql:dbname=his_beta;host=192.168.0.220;charset=utf8
[ sql ] [ SQL ] SHOW COLUMNS FROM `yjy_auth_group_access` [ RunTime:0.021001s ]
[ sql ] [ SQL ] SELECT `AuthGroupAccess`.`uid`,`AuthGroupAccess`.`group_id`,`AuthGroup`.`id`,`AuthGroup`.`pid`,`AuthGroup`.`name`,`AuthGroup`.`rules` FROM `yjy_auth_group_access` `AuthGroupAccess` LEFT JOIN `yjy_auth_group` `AuthGroup` ON `AuthGroupAccess`.`group_id`=`AuthGroup`.`id` WHERE  (  AuthGroupAccess.uid='1' and AuthGroup.status='normal' ) [ RunTime:0.002000s ]
[ sql ] [ SQL ] SHOW COLUMNS FROM `yjy_auth_rule` [ RunTime:0.031002s ]
[ sql ] [ SQL ] SELECT `id`,`pid`,`condition`,`icon`,`name`,`title`,`ismenu` FROM `yjy_auth_rule` WHERE  `status` = 'normal' [ RunTime:0.007000s ]
---------------------------------------------------------------
[ 2019-08-01T11:27:55+08:00 ] 127.0.0.1 127.0.0.1 GET /uploads/20181123/9f9ac92b726dbeca2b66921c30ef388f.jpg
[ info ] h_two.cn/uploads/20181123/9f9ac92b726dbeca2b66921c30ef388f.jpg [运行时间：0.059003s][吞吐率：16.95req/s] [内存消耗：2,177.10kb] [文件加载：49]
[ info ] [ LANG ] D:\wamp\www\h_two\thinkphp\lang\zh-cn.php
[ info ] [ BIND ] 'admin'
[ info ] [ ROUTE ] array (
  'type' => 'module',
  'module' => 
  array (
    0 => 'admin',
    1 => 'uploads',
    2 => '20181123',
  ),
)
[ info ] [ HEADER ] array (
  'host' => 'h_two.cn',
  'connection' => 'keep-alive',
  'user-agent' => 'Mozilla/5.0 (Windows NT 6.1; WOW64) AppleWebKit/537.36 (KHTML, like Gecko) Chrome/73.0.3683.86 Safari/537.36',
  'accept' => 'image/webp,image/apng,image/*,*/*;q=0.8',
  'referer' => 'http://h_two.cn/',
  'accept-encoding' => 'gzip, deflate',
  'accept-language' => 'zh-CN,zh;q=0.9,en;q=0.8',
  'cookie' => 'use_simple_menu=1; PHPSESSID=1r93l3n6ve7fc12mj3bsibjao7',
)
[ info ] [ PARAM ] array (
)
[ info ] [ LANG ] D:\wamp\www\h_two\public/../application/admin\lang\zh-cn.php
[ info ] [ BEHAVIOR ] Run app\common\behavior\Common @module_init [ RunTime:0.001000s ]
[ info ] [ LOG ] INIT File
---------------------------------------------------------------
[ 2019-08-01T11:27:55+08:00 ] 127.0.0.1 127.0.0.1 GET /ajax/lang?callback=define&controllername=index&v=1564630074
[ info ] h_two.cn/ajax/lang?callback=define&controllername=index&v=1564630074 [运行时间：0.091005s][吞吐率：10.99req/s] [内存消耗：3,834.20kb] [文件加载：70]
[ info ] [ LANG ] D:\wamp\www\h_two\thinkphp\lang\zh-cn.php
[ info ] [ BIND ] 'admin'
[ info ] [ ROUTE ] array (
  'type' => 'module',
  'module' => 
  array (
    0 => 'admin',
    1 => 'ajax',
    2 => 'lang',
  ),
)
[ info ] [ HEADER ] array (
  'host' => 'h_two.cn',
  'connection' => 'keep-alive',
  'user-agent' => 'Mozilla/5.0 (Windows NT 6.1; WOW64) AppleWebKit/537.36 (KHTML, like Gecko) Chrome/73.0.3683.86 Safari/537.36',
  'accept' => '*/*',
  'referer' => 'http://h_two.cn/',
  'accept-encoding' => 'gzip, deflate',
  'accept-language' => 'zh-CN,zh;q=0.9,en;q=0.8',
  'cookie' => 'use_simple_menu=1; PHPSESSID=1r93l3n6ve7fc12mj3bsibjao7',
)
[ info ] [ PARAM ] array (
  'callback' => 'define',
  'controllername' => 'index',
  'v' => '1564630074',
)
[ info ] [ LANG ] D:\wamp\www\h_two\public/../application/admin\lang\zh-cn.php
[ info ] [ BEHAVIOR ] Run app\common\behavior\Common @module_init [ RunTime:0.002000s ]
[ info ] [ SESSION ] INIT array (
  'id' => '',
  'var_session_id' => '',
  'prefix' => 'think',
  'type' => '',
  'auto_start' => true,
  'expire' => 5400,
  'use_cookies' => true,
)
[ info ] [ CACHE ] INIT File
[ info ] [ RUN ] app\admin\controller\Ajax->lang[ D:\wamp\www\h_two\application\admin\controller\Ajax.php ]
[ info ] [ LANG ] D:\wamp\www\h_two\public/../application/admin/lang/zh-cn/index.php
[ info ] [ BEHAVIOR ] Run app\admin\behavior\AdminLog @app_end [ RunTime:0.001000s ]
[ info ] [ LOG ] INIT File
---------------------------------------------------------------
[ 2019-08-01T11:27:56+08:00 ] 127.0.0.1 127.0.0.1 GET /general/notice/index?dialog=1
[ info ] h_two.cn/general/notice/index?dialog=1 [运行时间：0.213012s][吞吐率：4.69req/s] [内存消耗：4,563.02kb] [文件加载：77]
[ info ] [ LANG ] D:\wamp\www\h_two\thinkphp\lang\zh-cn.php
[ info ] [ BIND ] 'admin'
[ info ] [ ROUTE ] array (
  'type' => 'module',
  'module' => 
  array (
    0 => 'admin',
    1 => 'general.notice',
    2 => 'index',
  ),
)
[ info ] [ HEADER ] array (
  'host' => 'h_two.cn',
  'connection' => 'keep-alive',
  'upgrade-insecure-requests' => '1',
  'user-agent' => 'Mozilla/5.0 (Windows NT 6.1; WOW64) AppleWebKit/537.36 (KHTML, like Gecko) Chrome/73.0.3683.86 Safari/537.36',
  'accept' => 'text/html,application/xhtml+xml,application/xml;q=0.9,image/webp,image/apng,*/*;q=0.8,application/signed-exchange;v=b3',
  'referer' => 'http://h_two.cn/',
  'accept-encoding' => 'gzip, deflate',
  'accept-language' => 'zh-CN,zh;q=0.9,en;q=0.8',
  'cookie' => 'use_simple_menu=1; PHPSESSID=1r93l3n6ve7fc12mj3bsibjao7',
)
[ info ] [ PARAM ] array (
  'dialog' => '1',
)
[ info ] [ LANG ] D:\wamp\www\h_two\public/../application/admin\lang\zh-cn.php
[ info ] [ BEHAVIOR ] Run app\common\behavior\Common @module_init [ RunTime:0.002000s ]
[ info ] [ SESSION ] INIT array (
  'id' => '',
  'var_session_id' => '',
  'prefix' => 'think',
  'type' => '',
  'auto_start' => true,
  'expire' => 5400,
  'use_cookies' => true,
)
[ info ] [ CACHE ] INIT File
[ info ] [ LANG ] D:\wamp\www\h_two\public/../application/admin/lang/zh-cn/general/notice.php
[ info ] [ RUN ] app\admin\controller\general\Notice->index[ D:\wamp\www\h_two\application\admin\controller\general\Notice.php ]
[ info ] [ VIEW ] D:\wamp\www\h_two\public/../application/admin\view\general\notice\index.html [ array (
  0 => 'breadcrumb',
  1 => 'site',
  2 => 'config',
  3 => 'auth',
  4 => 'admin',
) ]
[ info ] [ DB ] INIT mysql
[ info ] [ BEHAVIOR ] Run app\admin\behavior\AdminLog @app_end [ RunTime:0.001000s ]
[ info ] [ LOG ] INIT File
[ sql ] [ DB ] CONNECT:[ UseTime:0.011001s ] mysql:dbname=his_beta;host=192.168.0.220;charset=utf8
[ sql ] [ SQL ] SHOW COLUMNS FROM `yjy_auth_rule` [ RunTime:0.021001s ]
[ sql ] [ SQL ] SELECT `title`,`remark` FROM `yjy_auth_rule` WHERE  `name` = '/general/notice/index' LIMIT 1 [ RunTime:0.001000s ]
---------------------------------------------------------------
[ 2019-08-01T11:27:56+08:00 ] 127.0.0.1 127.0.0.1 GET /dashboard?addtabs=1
[ info ] h_two.cn/dashboard?addtabs=1 [运行时间：0.699040s][吞吐率：1.43req/s] [内存消耗：6,283.44kb] [文件加载：87]
[ info ] [ LANG ] D:\wamp\www\h_two\thinkphp\lang\zh-cn.php
[ info ] [ BIND ] 'admin'
[ info ] [ ROUTE ] array (
  'type' => 'module',
  'module' => 
  array (
    0 => 'admin',
    1 => 'dashboard',
    2 => NULL,
  ),
)
[ info ] [ HEADER ] array (
  'host' => 'h_two.cn',
  'connection' => 'keep-alive',
  'upgrade-insecure-requests' => '1',
  'user-agent' => 'Mozilla/5.0 (Windows NT 6.1; WOW64) AppleWebKit/537.36 (KHTML, like Gecko) Chrome/73.0.3683.86 Safari/537.36',
  'accept' => 'text/html,application/xhtml+xml,application/xml;q=0.9,image/webp,image/apng,*/*;q=0.8,application/signed-exchange;v=b3',
  'referer' => 'http://h_two.cn/dashboard?ref=addtabs',
  'accept-encoding' => 'gzip, deflate',
  'accept-language' => 'zh-CN,zh;q=0.9,en;q=0.8',
  'cookie' => 'use_simple_menu=1; PHPSESSID=1r93l3n6ve7fc12mj3bsibjao7',
)
[ info ] [ PARAM ] array (
  'addtabs' => '1',
)
[ info ] [ LANG ] D:\wamp\www\h_two\public/../application/admin\lang\zh-cn.php
[ info ] [ BEHAVIOR ] Run app\common\behavior\Common @module_init [ RunTime:0.001000s ]
[ info ] [ SESSION ] INIT array (
  'id' => '',
  'var_session_id' => '',
  'prefix' => 'think',
  'type' => '',
  'auto_start' => true,
  'expire' => 5400,
  'use_cookies' => true,
)
[ info ] [ DB ] INIT mysql
[ info ] [ CACHE ] INIT File
[ info ] [ LANG ] D:\wamp\www\h_two\public/../application/admin/lang/zh-cn/dashboard.php
[ info ] [ RUN ] app\admin\controller\Dashboard->index[ D:\wamp\www\h_two\application\admin\controller\Dashboard.php ]
[ info ] [ VIEW ] D:\wamp\www\h_two\public/../application/admin\view\dashboard\index.html [ array (
  0 => 'breadcrumb',
  1 => 'site',
  2 => 'config',
  3 => 'auth',
  4 => 'admin',
  5 => 'totaluser',
  6 => 'totalviews',
  7 => 'totalorder',
  8 => 'totalorderamount',
  9 => 'todayuserlogin',
  10 => 'todayusersignup',
  11 => 'todayorder',
  12 => 'todayunsettleorder',
  13 => 'sevendnu',
  14 => 'sevendau',
  15 => 'paylist',
  16 => 'createlist',
  17 => 'msgTypeList',
  18 => 'today_pay_total',
  19 => 'today_deduct_amount',
  20 => 'today_order_total',
  21 => 'today_ctm_depositamt',
  22 => 'today_total',
  23 => 'today_deposit_total',
  24 => 'today_change_total',
  25 => 'today_coc',
  26 => 'today_cst',
  27 => 'today_rvinfoAll',
  28 => 'today_rvinfo',
  29 => 'today_rvinfoNo',
  30 => 'data',
  31 => 'expiredNum',
  32 => 'counts',
  33 => 'pay_total',
  34 => 'deduct_amount',
  35 => 'order_total',
  36 => 'ctm_depositamt',
  37 => 'total',
  38 => 'deposit_total',
  39 => 'change_total',
  40 => 'coc',
  41 => 'cst',
  42 => 'rvinfoAll',
  43 => 'rvinfo',
  44 => 'rvinfoNo',
) ]
[ info ] [ BEHAVIOR ] Run app\admin\behavior\AdminLog @app_end [ RunTime:0.001000s ]
[ info ] [ LOG ] INIT File
[ sql ] [ DB ] CONNECT:[ UseTime:0.013000s ] mysql:dbname=his_beta;host=192.168.0.220;charset=utf8
[ sql ] [ SQL ] SHOW COLUMNS FROM `yjy_auth_group_access` [ RunTime:0.023002s ]
[ sql ] [ SQL ] SELECT `AuthGroupAccess`.`uid`,`AuthGroupAccess`.`group_id`,`AuthGroup`.`id`,`AuthGroup`.`pid`,`AuthGroup`.`name`,`AuthGroup`.`rules` FROM `yjy_auth_group_access` `AuthGroupAccess` LEFT JOIN `yjy_auth_group` `AuthGroup` ON `AuthGroupAccess`.`group_id`=`AuthGroup`.`id` WHERE  (  AuthGroupAccess.uid='1' and AuthGroup.status='normal' ) [ RunTime:0.004000s ]
[ sql ] [ SQL ] SHOW COLUMNS FROM `yjy_auth_rule` [ RunTime:0.025002s ]
[ sql ] [ SQL ] SELECT `id`,`pid`,`condition`,`icon`,`name`,`title`,`ismenu` FROM `yjy_auth_rule` WHERE  `status` = 'normal' [ RunTime:0.011000s ]
[ sql ] [ SQL ] SHOW COLUMNS FROM `yjy_order_items` [ RunTime:0.032002s ]
[ sql ] [ SQL ] SELECT count(*) as count,COUNT(distinct order_items.customer_id) as uniq_customer_count,sum(case when item_status='-2' then 0 else item_total end) as item_total,sum(item_pay_total) as item_pay_total,sum(case when item_status='-2' then 0 else item_coupon_total end) as item_coupon_total,sum(item_original_total) as item_original_total,sum(item_original_pay_total) as item_original_pay_total,sum(case when item_status='-2' then 0 else item_total_times end) as total_times,sum(case when item_status='-2' then 0 else item_used_times end) as used_total_times,sum(item_undeducted_total) as undeducted_total FROM `yjy_order_items` `order_items` LEFT JOIN `yjy_customer_osconsult` `osc` ON `order_items`.`osconsult_id`=`osc`.`osc_id` LEFT JOIN `yjy_c_project` `c_project` ON `osc`.`cpdt_id`=`c_project`.`id` LEFT JOIN `yjy_customer` `customer` ON `order_items`.`customer_id`=`customer`.`ctm_id` LEFT JOIN `yjy_ctmsource` `sce` ON `customer`.`ctm_source`=`sce`.`sce_id` LEFT JOIN `yjy_ctmchannels` `channels` ON `customer`.`ctm_explore`=`channels`.`chn_id` WHERE  `order_items`.`item_status` IN (-2,1,2)  AND `order_items`.`item_paytime` BETWEEN 1564588800 AND 1564675199 LIMIT 1 [ RunTime:0.004000s ]
[ sql ] [ SQL ] SHOW COLUMNS FROM `yjy_deduct_records` [ RunTime:0.031001s ]
[ sql ] [ SQL ] SELECT SUM(deduct_amount ) AS deduct_amount FROM `yjy_deduct_records` WHERE  `createtime` BETWEEN 1564588800 AND 1564675199 [ RunTime:0.002000s ]
[ sql ] [ SQL ] SELECT count(*) as count,COUNT(distinct order_items.customer_id) as uniq_customer_count,sum(case when item_status='-2' then 0 else item_total end) as item_total,sum(item_pay_total) as item_pay_total,sum(case when item_status='-2' then 0 else item_coupon_total end) as item_coupon_total,sum(item_original_total) as item_original_total,sum(item_original_pay_total) as item_original_pay_total,sum(case when item_status='-2' then 0 else item_total_times end) as total_times,sum(case when item_status='-2' then 0 else item_used_times end) as used_total_times,sum(item_undeducted_total) as undeducted_total FROM `yjy_order_items` `order_items` LEFT JOIN `yjy_customer_osconsult` `osc` ON `order_items`.`osconsult_id`=`osc`.`osc_id` LEFT JOIN `yjy_c_project` `c_project` ON `osc`.`cpdt_id`=`c_project`.`id` LEFT JOIN `yjy_customer` `customer` ON `order_items`.`customer_id`=`customer`.`ctm_id` LEFT JOIN `yjy_ctmsource` `sce` ON `customer`.`ctm_source`=`sce`.`sce_id` LEFT JOIN `yjy_ctmchannels` `channels` ON `customer`.`ctm_explore`=`channels`.`chn_id` WHERE  `order_items`.`item_status` IN (-2,1,2)  AND `order_items`.`item_paytime` BETWEEN 1564588800 AND 1564675199 LIMIT 1 [ RunTime:0.004000s ]
[ sql ] [ SQL ] SHOW COLUMNS FROM `yjy_account_log` [ RunTime:0.035002s ]
[ sql ] [ SQL ] SELECT SUM(deposit_amt ) AS deposit_amt FROM `yjy_account_log` WHERE  `change_time` BETWEEN 1564588800 AND 1564675199 [ RunTime:0.013001s ]
[ sql ] [ SQL ] SELECT SUM(deposit_amt ) AS deposit_amt FROM `yjy_account_log` WHERE  `change_time` BETWEEN 1564588800 AND 1564675199  AND `deposit_amt` > 0 [ RunTime:0.013001s ]
[ sql ] [ SQL ] SELECT SUM(deposit_amt ) AS deposit_amt FROM `yjy_account_log` WHERE  `change_time` BETWEEN 1564588800 AND 1564675199  AND `deposit_amt` < 0 [ RunTime:0.022001s ]
[ sql ] [ SQL ] SHOW COLUMNS FROM `yjy_customer_osconsult` [ RunTime:0.015001s ]
[ sql ] [ SQL ] SELECT count(osc_id) AS osc_id FROM `yjy_customer_osconsult` WHERE  `createtime` BETWEEN 1564588800 AND 1564675199 [ RunTime:0.002000s ]
[ sql ] [ SQL ] SHOW COLUMNS FROM `yjy_customer_consult` [ RunTime:0.021001s ]
[ sql ] [ SQL ] SELECT count(cst_id) AS cst_id FROM `yjy_customer_consult` WHERE  `createtime` BETWEEN 1564588800 AND 1564675199 [ RunTime:0.002000s ]
[ sql ] [ SQL ] SHOW COLUMNS FROM `yjy_rvinfo` [ RunTime:0.020001s ]
[ sql ] [ SQL ] SELECT count(rvi_id) AS rvi_id FROM `yjy_rvinfo` WHERE  `rv_date` BETWEEN '2019-08-01' AND '2019-08-01' [ RunTime:0.002000s ]
[ sql ] [ SQL ] SELECT count(rvi_id) AS rvi_id FROM `yjy_rvinfo` WHERE  `rv_time` BETWEEN 1564588800 AND 1564675199 [ RunTime:0.002000s ]
[ sql ] [ SQL ] SELECT count(*) as count,COUNT(distinct order_items.customer_id) as uniq_customer_count,sum(case when item_status='-2' then 0 else item_total end) as item_total,sum(item_pay_total) as item_pay_total,sum(case when item_status='-2' then 0 else item_coupon_total end) as item_coupon_total,sum(item_original_total) as item_original_total,sum(item_original_pay_total) as item_original_pay_total,sum(case when item_status='-2' then 0 else item_total_times end) as total_times,sum(case when item_status='-2' then 0 else item_used_times end) as used_total_times,sum(item_undeducted_total) as undeducted_total FROM `yjy_order_items` `order_items` LEFT JOIN `yjy_customer_osconsult` `osc` ON `order_items`.`osconsult_id`=`osc`.`osc_id` LEFT JOIN `yjy_c_project` `c_project` ON `osc`.`cpdt_id`=`c_project`.`id` LEFT JOIN `yjy_customer` `customer` ON `order_items`.`customer_id`=`customer`.`ctm_id` LEFT JOIN `yjy_ctmsource` `sce` ON `customer`.`ctm_source`=`sce`.`sce_id` LEFT JOIN `yjy_ctmchannels` `channels` ON `customer`.`ctm_explore`=`channels`.`chn_id` WHERE  `order_items`.`item_status` IN (-2,1,2)  AND `order_items`.`item_paytime` BETWEEN 1564588800 AND 1567180800 LIMIT 1 [ RunTime:0.003000s ]
[ sql ] [ SQL ] SELECT SUM(deduct_amount ) AS deduct_amount FROM `yjy_deduct_records` WHERE  `createtime` BETWEEN 1564588800 AND 1567180800 [ RunTime:0.001000s ]
[ sql ] [ SQL ] SELECT count(*) as count,COUNT(distinct order_items.customer_id) as uniq_customer_count,sum(case when item_status='-2' then 0 else item_total end) as item_total,sum(item_pay_total) as item_pay_total,sum(case when item_status='-2' then 0 else item_coupon_total end) as item_coupon_total,sum(item_original_total) as item_original_total,sum(item_original_pay_total) as item_original_pay_total,sum(case when item_status='-2' then 0 else item_total_times end) as total_times,sum(case when item_status='-2' then 0 else item_used_times end) as used_total_times,sum(item_undeducted_total) as undeducted_total FROM `yjy_order_items` `order_items` LEFT JOIN `yjy_customer_osconsult` `osc` ON `order_items`.`osconsult_id`=`osc`.`osc_id` LEFT JOIN `yjy_c_project` `c_project` ON `osc`.`cpdt_id`=`c_project`.`id` LEFT JOIN `yjy_customer` `customer` ON `order_items`.`customer_id`=`customer`.`ctm_id` LEFT JOIN `yjy_ctmsource` `sce` ON `customer`.`ctm_source`=`sce`.`sce_id` LEFT JOIN `yjy_ctmchannels` `channels` ON `customer`.`ctm_explore`=`channels`.`chn_id` WHERE  `order_items`.`item_status` IN (-2,1,2)  AND `order_items`.`item_paytime` BETWEEN 1564588800 AND 1567180800 LIMIT 1 [ RunTime:0.003000s ]
[ sql ] [ SQL ] SELECT SUM(deposit_amt ) AS deposit_amt FROM `yjy_account_log` WHERE  `change_time` BETWEEN 1564588800 AND 1567180800 [ RunTime:0.011001s ]
[ sql ] [ SQL ] SELECT SUM(deposit_amt ) AS deposit_amt FROM `yjy_account_log` WHERE  `change_time` BETWEEN 1564588800 AND 1567180800  AND `deposit_amt` > 0 [ RunTime:0.012000s ]
[ sql ] [ SQL ] SELECT SUM(deposit_amt ) AS deposit_amt FROM `yjy_account_log` WHERE  `change_time` BETWEEN 1564588800 AND 1567180800  AND `deposit_amt` < 0 [ RunTime:0.011001s ]
[ sql ] [ SQL ] SELECT count(osc_id) AS osc_id FROM `yjy_customer_osconsult` WHERE  `createtime` BETWEEN 1564588800 AND 1567180800 [ RunTime:0.001000s ]
[ sql ] [ SQL ] SELECT count(cst_id) AS cst_id FROM `yjy_customer_consult` WHERE  `createtime` BETWEEN 1564588800 AND 1567180800 [ RunTime:0.002000s ]
[ sql ] [ SQL ] SELECT count(rvi_id) AS rvi_id FROM `yjy_rvinfo` WHERE  `rv_date` BETWEEN '2019-08-01' AND '2019-08-31' [ RunTime:0.001001s ]
[ sql ] [ SQL ] SELECT count(rvi_id) AS rvi_id FROM `yjy_rvinfo` WHERE  `rv_time` BETWEEN 1564588800 AND 1567180800 [ RunTime:0.002000s ]
[ sql ] [ SQL ] SHOW COLUMNS FROM `yjy_project` [ RunTime:0.020001s ]
[ sql ] [ SQL ] SELECT `p`.`pro_id`,`p`.`pro_name`,`p`.`pro_code`,`p`.`pro_spec`,`p`.`depot_id`,d.name as dname,u.name as uname,`lot`.`lot_id`,`lot`.`lotnum`,`lot`.`lstock`,`lot`.`lstime`,`lot`.`letime`,`lot`.`lproducer`,`sup`.`sup_name` FROM `yjy_project` `p` LEFT JOIN `yjy_depot` `d` ON `p`.`depot_id`=`d`.`id` LEFT JOIN `yjy_unit` `u` ON `p`.`pro_unit`=`u`.`id` LEFT JOIN `yjy_wm_lotnum` `lot` ON `p`.`pro_id`=`lot`.`lpro_id` LEFT JOIN `yjy_wm_manlist` `ml` ON `lot`.`lot_id`=`ml`.`lotid` LEFT JOIN `yjy_wm_manifest` `mf` ON `ml`.`manid`=`mf`.`man_id` LEFT JOIN `yjy_wm_supplier` `sup` ON `mf`.`msupplier_id`=`sup`.`sup_id` WHERE  `mf`.`mprimary_type` IN ('1','2') AND `lot`.`lstock` > '0'  AND `lot`.`letime` < 1580527676  AND `p`.`pro_type` = 1 ORDER BY `lot`.`lot_id`  ASC [ RunTime:0.006001s ]
---------------------------------------------------------------
[ 2019-08-01T11:27:57+08:00 ] 127.0.0.1 127.0.0.1 GET /customer/customer/listofbirth
[ info ] h_two.cn/customer/customer/listofbirth [运行时间：0.944054s][吞吐率：1.06req/s] [内存消耗：7,238.30kb] [文件加载：90]
[ info ] [ LANG ] D:\wamp\www\h_two\thinkphp\lang\zh-cn.php
[ info ] [ BIND ] 'admin'
[ info ] [ ROUTE ] array (
  'type' => 'module',
  'module' => 
  array (
    0 => 'admin',
    1 => 'customer.customer',
    2 => 'listofbirth',
  ),
)
[ info ] [ HEADER ] array (
  'host' => 'h_two.cn',
  'connection' => 'keep-alive',
  'upgrade-insecure-requests' => '1',
  'user-agent' => 'Mozilla/5.0 (Windows NT 6.1; WOW64) AppleWebKit/537.36 (KHTML, like Gecko) Chrome/73.0.3683.86 Safari/537.36',
  'accept' => 'text/html,application/xhtml+xml,application/xml;q=0.9,image/webp,image/apng,*/*;q=0.8,application/signed-exchange;v=b3',
  'referer' => 'http://h_two.cn/general/notice/index?dialog=1',
  'accept-encoding' => 'gzip, deflate',
  'accept-language' => 'zh-CN,zh;q=0.9,en;q=0.8',
  'cookie' => 'use_simple_menu=1; PHPSESSID=1r93l3n6ve7fc12mj3bsibjao7',
)
[ info ] [ PARAM ] array (
)
[ info ] [ LANG ] D:\wamp\www\h_two\public/../application/admin\lang\zh-cn.php
[ info ] [ BEHAVIOR ] Run app\common\behavior\Common @module_init [ RunTime:0.002000s ]
[ info ] [ SESSION ] INIT array (
  'id' => '',
  'var_session_id' => '',
  'prefix' => 'think',
  'type' => '',
  'auto_start' => true,
  'expire' => 5400,
  'use_cookies' => true,
)
[ info ] [ CACHE ] INIT File
[ info ] [ LANG ] D:\wamp\www\h_two\public/../application/admin/lang/zh-cn/customer/customer.php
[ info ] [ DB ] INIT mysql
[ info ] [ RUN ] app\admin\controller\customer\Customer->listofbirth[ D:\wamp\www\h_two\application\admin\controller\customer\Customer.php ]
[ info ] [ VIEW ] D:\wamp\www\h_two\public/../application/admin\view\customer\customer\index.html [ array (
  0 => 'breadcrumb',
  1 => 'site',
  2 => 'config',
  3 => 'auth',
  4 => 'admin',
  5 => 'jobList',
  6 => 'ctmSrcList',
  7 => 'fatList',
  8 => 'channelList',
  9 => 'pdcList',
  10 => 'cpdtList',
  11 => 'oscTypeList',
  12 => 'adminList',
  13 => 'genderList',
  14 => 'briefAdminList',
  15 => 'ctmtypeList',
  16 => 'toolList',
  17 => 'ArriveStatus',
  18 => 'deptList',
) ]
[ info ] [ BEHAVIOR ] Run app\admin\behavior\AdminLog @app_end [ RunTime:0.002000s ]
[ info ] [ LOG ] INIT File
[ sql ] [ DB ] CONNECT:[ UseTime:0.007001s ] mysql:dbname=his_beta;host=192.168.0.220;charset=utf8
[ sql ] [ SQL ] SHOW COLUMNS FROM `yjy_ctmsource` [ RunTime:0.016001s ]
[ sql ] [ SQL ] SELECT `sce_id`,`sce_name` FROM `yjy_ctmsource` WHERE  `sce_status` = 1 ORDER BY `sce_sort`  desc [ RunTime:0.001000s ]
[ sql ] [ SQL ] SHOW COLUMNS FROM `yjy_fat` [ RunTime:0.020001s ]
[ sql ] [ SQL ] SELECT `fat_id`,`fat_name` FROM `yjy_fat` [ RunTime:0.002000s ]
[ sql ] [ SQL ] SHOW COLUMNS FROM `yjy_ctmchannels` [ RunTime:0.019001s ]
[ sql ] [ SQL ] SELECT `chn_id`,`chn_name` FROM `yjy_ctmchannels` WHERE  `chn_status` = 1 ORDER BY `chn_sort`  desc [ RunTime:0.003000s ]
[ sql ] [ SQL ] SHOW COLUMNS FROM `yjy_pducat` [ RunTime:0.022002s ]
[ sql ] [ SQL ] SELECT `pdc_id`,`pdc_name` FROM `yjy_pducat` WHERE  `pdc_status` = 1 ORDER BY `pdc_sort`  DESC,`pdc_id`  ASC [ RunTime:0.002000s ]
[ sql ] [ SQL ] SHOW COLUMNS FROM `yjy_c_project` [ RunTime:0.020001s ]
[ sql ] [ SQL ] SELECT `id`,`cpdt_name` FROM `yjy_c_project` WHERE  `cpdt_status` = 1 ORDER BY `id`  ASC [ RunTime:0.003001s ]
[ sql ] [ SQL ] SHOW COLUMNS FROM `yjy_customertype` [ RunTime:0.025002s ]
[ sql ] [ SQL ] SELECT `type_id`,`type_name` FROM `yjy_customertype` [ RunTime:0.002000s ]
[ sql ] [ SQL ] SELECT `sce_id`,`sce_name` FROM `yjy_ctmsource` WHERE  `sce_status` = 1 ORDER BY `sce_sort`  desc [ RunTime:0.003000s ]
[ sql ] [ SQL ] SELECT `fat_id`,`fat_name` FROM `yjy_fat` [ RunTime:0.003000s ]
[ sql ] [ SQL ] SELECT `chn_id`,`chn_name` FROM `yjy_ctmchannels` WHERE  `chn_status` = 1 ORDER BY `chn_sort`  desc [ RunTime:0.004000s ]
[ sql ] [ SQL ] SELECT `pdc_id`,`pdc_name` FROM `yjy_pducat` WHERE  `pdc_status` = 1 ORDER BY `pdc_sort`  DESC,`pdc_id`  ASC [ RunTime:0.003000s ]
[ sql ] [ SQL ] SELECT `id`,`cpdt_name` FROM `yjy_c_project` WHERE  `cpdt_status` = 1 ORDER BY `id`  ASC [ RunTime:0.004001s ]
[ sql ] [ SQL ] SHOW COLUMNS FROM `yjy_auth_rule` [ RunTime:0.022001s ]
[ sql ] [ SQL ] SELECT `title`,`remark` FROM `yjy_auth_rule` WHERE  `name` = '/customer/customer/listofbirth' LIMIT 1 [ RunTime:0.002000s ]
[ sql ] [ SQL ] SHOW COLUMNS FROM `yjy_auth_group_access` [ RunTime:0.021002s ]
[ sql ] [ SQL ] SELECT `AuthGroupAccess`.`uid`,`AuthGroupAccess`.`group_id`,`AuthGroup`.`id`,`AuthGroup`.`pid`,`AuthGroup`.`name`,`AuthGroup`.`rules` FROM `yjy_auth_group_access` `AuthGroupAccess` LEFT JOIN `yjy_auth_group` `AuthGroup` ON `AuthGroupAccess`.`group_id`=`AuthGroup`.`id` WHERE  (  AuthGroupAccess.uid='1' and AuthGroup.status='normal' ) [ RunTime:0.002000s ]
[ sql ] [ SQL ] SELECT `id`,`pid`,`condition`,`icon`,`name`,`title`,`ismenu` FROM `yjy_auth_rule` WHERE  `status` = 'normal' [ RunTime:0.008000s ]
---------------------------------------------------------------
[ 2019-08-01T11:27:57+08:00 ] 127.0.0.1 127.0.0.1 GET /customer/rvinfo/todayrevisitnotices
[ info ] h_two.cn/customer/rvinfo/todayrevisitnotices [运行时间：1.515087s][吞吐率：0.66req/s] [内存消耗：6,716.41kb] [文件加载：87]
[ info ] [ LANG ] D:\wamp\www\h_two\thinkphp\lang\zh-cn.php
[ info ] [ BIND ] 'admin'
[ info ] [ ROUTE ] array (
  'type' => 'module',
  'module' => 
  array (
    0 => 'admin',
    1 => 'customer.rvinfo',
    2 => 'todayrevisitnotices',
  ),
)
[ info ] [ HEADER ] array (
  'host' => 'h_two.cn',
  'connection' => 'keep-alive',
  'upgrade-insecure-requests' => '1',
  'user-agent' => 'Mozilla/5.0 (Windows NT 6.1; WOW64) AppleWebKit/537.36 (KHTML, like Gecko) Chrome/73.0.3683.86 Safari/537.36',
  'accept' => 'text/html,application/xhtml+xml,application/xml;q=0.9,image/webp,image/apng,*/*;q=0.8,application/signed-exchange;v=b3',
  'referer' => 'http://h_two.cn/general/notice/index?dialog=1',
  'accept-encoding' => 'gzip, deflate',
  'accept-language' => 'zh-CN,zh;q=0.9,en;q=0.8',
  'cookie' => 'use_simple_menu=1; PHPSESSID=1r93l3n6ve7fc12mj3bsibjao7',
)
[ info ] [ PARAM ] array (
)
[ info ] [ LANG ] D:\wamp\www\h_two\public/../application/admin\lang\zh-cn.php
[ info ] [ BEHAVIOR ] Run app\common\behavior\Common @module_init [ RunTime:0.001000s ]
[ info ] [ SESSION ] INIT array (
  'id' => '',
  'var_session_id' => '',
  'prefix' => 'think',
  'type' => '',
  'auto_start' => true,
  'expire' => 5400,
  'use_cookies' => true,
)
[ info ] [ CACHE ] INIT File
[ info ] [ LANG ] D:\wamp\www\h_two\public/../application/admin/lang/zh-cn/customer/rvinfo.php
[ info ] [ DB ] INIT mysql
[ info ] [ RUN ] app\admin\controller\customer\Rvinfo->todayrevisitnotices[ D:\wamp\www\h_two\application\admin\controller\customer\Rvinfo.php ]
[ info ] [ VIEW ] D:\wamp\www\h_two\public/../application/admin\view\customer\rvinfo\todayrevisitnotices.html [ array (
  0 => 'breadcrumb',
  1 => 'site',
  2 => 'config',
  3 => 'auth',
  4 => 'admin',
  5 => 'rvStatusList',
  6 => 'deptList',
  7 => 'ArriveStatus',
  8 => 'typeList',
  9 => 'cpdtList',
  10 => 'fatList',
  11 => 'toolList',
  12 => 'startDate',
  13 => 'endDate',
  14 => 'briefAdminList',
  15 => 'ctmSrcList',
  16 => 'channelList',
) ]
[ info ] [ BEHAVIOR ] Run app\admin\behavior\AdminLog @app_end [ RunTime:0.001000s ]
[ info ] [ LOG ] INIT File
[ sql ] [ DB ] CONNECT:[ UseTime:0.013000s ] mysql:dbname=his_beta;host=192.168.0.220;charset=utf8
[ sql ] [ SQL ] SHOW COLUMNS FROM `yjy_rvtype` [ RunTime:0.016001s ]
[ sql ] [ SQL ] SELECT `rvt_id`,`rvt_name` FROM `yjy_rvtype` [ RunTime:0.009001s ]
[ sql ] [ SQL ] SHOW COLUMNS FROM `yjy_c_project` [ RunTime:0.022002s ]
[ sql ] [ SQL ] SELECT `id`,`cpdt_name` FROM `yjy_c_project` WHERE  `cpdt_status` = 1 ORDER BY `id`  ASC [ RunTime:0.003000s ]
[ sql ] [ SQL ] SHOW COLUMNS FROM `yjy_fat` [ RunTime:0.022002s ]
[ sql ] [ SQL ] SELECT `fat_id`,`fat_name` FROM `yjy_fat` [ RunTime:0.002000s ]
[ sql ] [ SQL ] SHOW COLUMNS FROM `yjy_ctmsource` [ RunTime:0.026002s ]
[ sql ] [ SQL ] SELECT `sce_id`,`sce_name` FROM `yjy_ctmsource` WHERE  `sce_status` = 1 ORDER BY `sce_sort`  desc [ RunTime:0.002000s ]
[ sql ] [ SQL ] SHOW COLUMNS FROM `yjy_ctmchannels` [ RunTime:0.019001s ]
[ sql ] [ SQL ] SELECT `chn_id`,`chn_name` FROM `yjy_ctmchannels` WHERE  `chn_status` = 1 ORDER BY `chn_sort`  desc [ RunTime:0.002001s ]
[ sql ] [ SQL ] SHOW COLUMNS FROM `yjy_auth_rule` [ RunTime:0.021001s ]
[ sql ] [ SQL ] SELECT `title`,`remark` FROM `yjy_auth_rule` WHERE  `name` = '/customer/rvinfo/todayrevisitnotices' LIMIT 1 [ RunTime:0.003001s ]
[ sql ] [ SQL ] SHOW COLUMNS FROM `yjy_auth_group_access` [ RunTime:0.014001s ]
[ sql ] [ SQL ] SELECT `AuthGroupAccess`.`uid`,`AuthGroupAccess`.`group_id`,`AuthGroup`.`id`,`AuthGroup`.`pid`,`AuthGroup`.`name`,`AuthGroup`.`rules` FROM `yjy_auth_group_access` `AuthGroupAccess` LEFT JOIN `yjy_auth_group` `AuthGroup` ON `AuthGroupAccess`.`group_id`=`AuthGroup`.`id` WHERE  (  AuthGroupAccess.uid='1' and AuthGroup.status='normal' ) [ RunTime:0.002000s ]
[ sql ] [ SQL ] SELECT `id`,`pid`,`condition`,`icon`,`name`,`title`,`ismenu` FROM `yjy_auth_rule` WHERE  `status` = 'normal' [ RunTime:0.007000s ]
---------------------------------------------------------------
[ 2019-08-01T11:27:57+08:00 ] 127.0.0.1 127.0.0.1 GET /ajax/lang?callback=define&controllername=general.notice&v=1564630075
[ info ] h_two.cn/ajax/lang?callback=define&controllername=general.notice&v=1564630075 [运行时间：1.316075s][吞吐率：0.76req/s] [内存消耗：3,829.94kb] [文件加载：70]
[ info ] [ LANG ] D:\wamp\www\h_two\thinkphp\lang\zh-cn.php
[ info ] [ BIND ] 'admin'
[ info ] [ ROUTE ] array (
  'type' => 'module',
  'module' => 
  array (
    0 => 'admin',
    1 => 'ajax',
    2 => 'lang',
  ),
)
[ info ] [ HEADER ] array (
  'host' => 'h_two.cn',
  'connection' => 'keep-alive',
  'user-agent' => 'Mozilla/5.0 (Windows NT 6.1; WOW64) AppleWebKit/537.36 (KHTML, like Gecko) Chrome/73.0.3683.86 Safari/537.36',
  'accept' => '*/*',
  'referer' => 'http://h_two.cn/general/notice/index?dialog=1',
  'accept-encoding' => 'gzip, deflate',
  'accept-language' => 'zh-CN,zh;q=0.9,en;q=0.8',
  'cookie' => 'use_simple_menu=1; PHPSESSID=1r93l3n6ve7fc12mj3bsibjao7',
)
[ info ] [ PARAM ] array (
  'callback' => 'define',
  'controllername' => 'general.notice',
  'v' => '1564630075',
)
[ info ] [ LANG ] D:\wamp\www\h_two\public/../application/admin\lang\zh-cn.php
[ info ] [ BEHAVIOR ] Run app\common\behavior\Common @module_init [ RunTime:0.001000s ]
[ info ] [ SESSION ] INIT array (
  'id' => '',
  'var_session_id' => '',
  'prefix' => 'think',
  'type' => '',
  'auto_start' => true,
  'expire' => 5400,
  'use_cookies' => true,
)
[ info ] [ CACHE ] INIT File
[ info ] [ RUN ] app\admin\controller\Ajax->lang[ D:\wamp\www\h_two\application\admin\controller\Ajax.php ]
[ info ] [ LANG ] D:\wamp\www\h_two\public/../application/admin/lang/zh-cn/general/notice.php
[ info ] [ BEHAVIOR ] Run app\admin\behavior\AdminLog @app_end [ RunTime:0.001000s ]
[ info ] [ LOG ] INIT File
---------------------------------------------------------------
[ 2019-08-01T11:27:57+08:00 ] 127.0.0.1 127.0.0.1 GET /ajax/lang?callback=define&controllername=dashboard&v=1564630075
[ info ] h_two.cn/ajax/lang?callback=define&controllername=dashboard&v=1564630075 [运行时间：0.891051s][吞吐率：1.12req/s] [内存消耗：3,835.28kb] [文件加载：71]
[ info ] [ LANG ] D:\wamp\www\h_two\thinkphp\lang\zh-cn.php
[ info ] [ BIND ] 'admin'
[ info ] [ ROUTE ] array (
  'type' => 'module',
  'module' => 
  array (
    0 => 'admin',
    1 => 'ajax',
    2 => 'lang',
  ),
)
[ info ] [ HEADER ] array (
  'host' => 'h_two.cn',
  'connection' => 'keep-alive',
  'user-agent' => 'Mozilla/5.0 (Windows NT 6.1; WOW64) AppleWebKit/537.36 (KHTML, like Gecko) Chrome/73.0.3683.86 Safari/537.36',
  'accept' => '*/*',
  'referer' => 'http://h_two.cn/dashboard?addtabs=1',
  'accept-encoding' => 'gzip, deflate',
  'accept-language' => 'zh-CN,zh;q=0.9,en;q=0.8',
  'cookie' => 'use_simple_menu=1; PHPSESSID=1r93l3n6ve7fc12mj3bsibjao7',
)
[ info ] [ PARAM ] array (
  'callback' => 'define',
  'controllername' => 'dashboard',
  'v' => '1564630075',
)
[ info ] [ LANG ] D:\wamp\www\h_two\public/../application/admin\lang\zh-cn.php
[ info ] [ BEHAVIOR ] Run app\common\behavior\Common @module_init [ RunTime:0.001000s ]
[ info ] [ SESSION ] INIT array (
  'id' => '',
  'var_session_id' => '',
  'prefix' => 'think',
  'type' => '',
  'auto_start' => true,
  'expire' => 5400,
  'use_cookies' => true,
)
[ info ] [ CACHE ] INIT File
[ info ] [ RUN ] app\admin\controller\Ajax->lang[ D:\wamp\www\h_two\application\admin\controller\Ajax.php ]
[ info ] [ LANG ] D:\wamp\www\h_two\public/../application/admin/lang/zh-cn/dashboard.php
[ info ] [ BEHAVIOR ] Run app\admin\behavior\AdminLog @app_end [ RunTime:0.000000s ]
[ info ] [ LOG ] INIT File
---------------------------------------------------------------
[ 2019-08-01T11:27:57+08:00 ] 127.0.0.1 127.0.0.1 GET /ajax/lang?callback=define&controllername=customer.customer&v=1564630076
[ info ] h_two.cn/ajax/lang?callback=define&controllername=customer.customer&v=1564630076 [运行时间：0.365020s][吞吐率：2.74req/s] [内存消耗：3,885.87kb] [文件加载：73]
[ info ] [ LANG ] D:\wamp\www\h_two\thinkphp\lang\zh-cn.php
[ info ] [ BIND ] 'admin'
[ info ] [ ROUTE ] array (
  'type' => 'module',
  'module' => 
  array (
    0 => 'admin',
    1 => 'ajax',
    2 => 'lang',
  ),
)
[ info ] [ HEADER ] array (
  'host' => 'h_two.cn',
  'connection' => 'keep-alive',
  'user-agent' => 'Mozilla/5.0 (Windows NT 6.1; WOW64) AppleWebKit/537.36 (KHTML, like Gecko) Chrome/73.0.3683.86 Safari/537.36',
  'accept' => '*/*',
  'referer' => 'http://h_two.cn/customer/customer/listofbirth',
  'accept-encoding' => 'gzip, deflate',
  'accept-language' => 'zh-CN,zh;q=0.9,en;q=0.8',
  'cookie' => 'use_simple_menu=1; PHPSESSID=1r93l3n6ve7fc12mj3bsibjao7',
)
[ info ] [ PARAM ] array (
  'callback' => 'define',
  'controllername' => 'customer.customer',
  'v' => '1564630076',
)
[ info ] [ LANG ] D:\wamp\www\h_two\public/../application/admin\lang\zh-cn.php
[ info ] [ BEHAVIOR ] Run app\common\behavior\Common @module_init [ RunTime:0.001001s ]
[ info ] [ SESSION ] INIT array (
  'id' => '',
  'var_session_id' => '',
  'prefix' => 'think',
  'type' => '',
  'auto_start' => true,
  'expire' => 5400,
  'use_cookies' => true,
)
[ info ] [ CACHE ] INIT File
[ info ] [ RUN ] app\admin\controller\Ajax->lang[ D:\wamp\www\h_two\application\admin\controller\Ajax.php ]
[ info ] [ LANG ] D:\wamp\www\h_two\public/../application/admin/lang/zh-cn/customer/customer.php
[ info ] [ BEHAVIOR ] Run app\admin\behavior\AdminLog @app_end [ RunTime:0.001000s ]
[ info ] [ LOG ] INIT File
---------------------------------------------------------------
[ 2019-08-01T11:27:58+08:00 ] 127.0.0.1 127.0.0.1 GET /ajax/lang?callback=define&controllername=customer.rvinfo&v=1564630076
[ info ] h_two.cn/ajax/lang?callback=define&controllername=customer.rvinfo&v=1564630076 [运行时间：0.345020s][吞吐率：2.90req/s] [内存消耗：3,886.86kb] [文件加载：73]
[ info ] [ LANG ] D:\wamp\www\h_two\thinkphp\lang\zh-cn.php
[ info ] [ BIND ] 'admin'
[ info ] [ ROUTE ] array (
  'type' => 'module',
  'module' => 
  array (
    0 => 'admin',
    1 => 'ajax',
    2 => 'lang',
  ),
)
[ info ] [ HEADER ] array (
  'host' => 'h_two.cn',
  'connection' => 'keep-alive',
  'user-agent' => 'Mozilla/5.0 (Windows NT 6.1; WOW64) AppleWebKit/537.36 (KHTML, like Gecko) Chrome/73.0.3683.86 Safari/537.36',
  'accept' => '*/*',
  'referer' => 'http://h_two.cn/customer/rvinfo/todayrevisitnotices',
  'accept-encoding' => 'gzip, deflate',
  'accept-language' => 'zh-CN,zh;q=0.9,en;q=0.8',
  'cookie' => 'use_simple_menu=1; PHPSESSID=1r93l3n6ve7fc12mj3bsibjao7',
)
[ info ] [ PARAM ] array (
  'callback' => 'define',
  'controllername' => 'customer.rvinfo',
  'v' => '1564630076',
)
[ info ] [ LANG ] D:\wamp\www\h_two\public/../application/admin\lang\zh-cn.php
[ info ] [ BEHAVIOR ] Run app\common\behavior\Common @module_init [ RunTime:0.048002s ]
[ info ] [ SESSION ] INIT array (
  'id' => '',
  'var_session_id' => '',
  'prefix' => 'think',
  'type' => '',
  'auto_start' => true,
  'expire' => 5400,
  'use_cookies' => true,
)
[ info ] [ CACHE ] INIT File
[ info ] [ RUN ] app\admin\controller\Ajax->lang[ D:\wamp\www\h_two\application\admin\controller\Ajax.php ]
[ info ] [ LANG ] D:\wamp\www\h_two\public/../application/admin/lang/zh-cn/customer/rvinfo.php
[ info ] [ BEHAVIOR ] Run app\admin\behavior\AdminLog @app_end [ RunTime:0.001000s ]
[ info ] [ LOG ] INIT File
---------------------------------------------------------------
[ 2019-08-01T11:27:59+08:00 ] 127.0.0.1 127.0.0.1 GET /wm/drugsly?addtabs=1
[ info ] h_two.cn/wm/drugsly?addtabs=1 [运行时间：0.452026s][吞吐率：2.21req/s] [内存消耗：6,074.34kb] [文件加载：78]
[ info ] [ LANG ] D:\wamp\www\h_two\thinkphp\lang\zh-cn.php
[ info ] [ BIND ] 'admin'
[ info ] [ ROUTE ] array (
  'type' => 'module',
  'module' => 
  array (
    0 => 'admin',
    1 => 'wm.drugsly',
    2 => NULL,
  ),
)
[ info ] [ HEADER ] array (
  'host' => 'h_two.cn',
  'connection' => 'keep-alive',
  'upgrade-insecure-requests' => '1',
  'user-agent' => 'Mozilla/5.0 (Windows NT 6.1; WOW64) AppleWebKit/537.36 (KHTML, like Gecko) Chrome/73.0.3683.86 Safari/537.36',
  'accept' => 'text/html,application/xhtml+xml,application/xml;q=0.9,image/webp,image/apng,*/*;q=0.8,application/signed-exchange;v=b3',
  'referer' => 'http://h_two.cn/wm/drugsly?ref=addtabs',
  'accept-encoding' => 'gzip, deflate',
  'accept-language' => 'zh-CN,zh;q=0.9,en;q=0.8',
  'cookie' => 'use_simple_menu=1; PHPSESSID=1r93l3n6ve7fc12mj3bsibjao7',
)
[ info ] [ PARAM ] array (
  'addtabs' => '1',
)
[ info ] [ LANG ] D:\wamp\www\h_two\public/../application/admin\lang\zh-cn.php
[ info ] [ BEHAVIOR ] Run app\common\behavior\Common @module_init [ RunTime:0.001000s ]
[ info ] [ SESSION ] INIT array (
  'id' => '',
  'var_session_id' => '',
  'prefix' => 'think',
  'type' => '',
  'auto_start' => true,
  'expire' => 5400,
  'use_cookies' => true,
)
[ info ] [ DB ] INIT mysql
[ info ] [ CACHE ] INIT File
[ info ] [ LANG ] D:\wamp\www\h_two\public/../application/admin/lang/zh-cn/wm/drugsly.php
[ info ] [ RUN ] app\admin\controller\wm\Drugsly->index[ D:\wamp\www\h_two\application\admin\controller\wm\Drugsly.php ]
[ info ] [ VIEW ] D:\wamp\www\h_two\public/../application/admin\view\wm\drugsly\index.html [ array (
  0 => 'breadcrumb',
  1 => 'site',
  2 => 'config',
  3 => 'auth',
  4 => 'admin',
  5 => 'supplierList',
  6 => 'depotList',
  7 => 'deptList',
  8 => 'deptEditList',
  9 => 'userList',
) ]
[ info ] [ BEHAVIOR ] Run app\admin\behavior\AdminLog @app_end [ RunTime:0.001000s ]
[ info ] [ LOG ] INIT File
[ sql ] [ DB ] CONNECT:[ UseTime:0.004000s ] mysql:dbname=his_beta;host=192.168.0.220;charset=utf8
[ sql ] [ SQL ] SHOW COLUMNS FROM `yjy_auth_group_access` [ RunTime:0.021001s ]
[ sql ] [ SQL ] SELECT `AuthGroupAccess`.`uid`,`AuthGroupAccess`.`group_id`,`AuthGroup`.`id`,`AuthGroup`.`pid`,`AuthGroup`.`name`,`AuthGroup`.`rules` FROM `yjy_auth_group_access` `AuthGroupAccess` LEFT JOIN `yjy_auth_group` `AuthGroup` ON `AuthGroupAccess`.`group_id`=`AuthGroup`.`id` WHERE  (  AuthGroupAccess.uid='1' and AuthGroup.status='normal' ) [ RunTime:0.004001s ]
[ sql ] [ SQL ] SHOW COLUMNS FROM `yjy_auth_rule` [ RunTime:0.021001s ]
[ sql ] [ SQL ] SELECT `id`,`pid`,`condition`,`icon`,`name`,`title`,`ismenu` FROM `yjy_auth_rule` WHERE  `status` = 'normal' [ RunTime:0.008000s ]
[ sql ] [ SQL ] SHOW COLUMNS FROM `yjy_wm_supplier` [ RunTime:0.060004s ]
[ sql ] [ SQL ] SELECT * FROM `yjy_wm_supplier` WHERE  `sup_type` <> 2  AND `sup_status` = 1 [ RunTime:0.005000s ]
[ sql ] [ SQL ] SHOW COLUMNS FROM `yjy_depot` [ RunTime:0.017001s ]
[ sql ] [ SQL ] SELECT * FROM `yjy_depot` WHERE  `type` = 1  AND `status` = 'normal' [ RunTime:0.003000s ]
[ sql ] [ SQL ] SHOW COLUMNS FROM `yjy_deptment` [ RunTime:0.020001s ]
[ sql ] [ SQL ] SELECT * FROM `yjy_deptment` WHERE  `dept_status` = 1 ORDER BY `dept_id`  asc [ RunTime:0.004000s ]
[ sql ] [ SQL ] SELECT * FROM `yjy_deptment` WHERE  `dept_status` = 1 ORDER BY `dept_id`  asc [ RunTime:0.006000s ]
[ sql ] [ SQL ] SHOW COLUMNS FROM `yjy_admin` [ RunTime:0.019001s ]
[ sql ] [ SQL ] SELECT * FROM `yjy_admin` ORDER BY `username`  asc [ RunTime:0.006001s ]
[ sql ] [ SQL ] SELECT `title`,`remark` FROM `yjy_auth_rule` WHERE  `name` = '/wm/drugsly' LIMIT 1 [ RunTime:0.032001s ]
---------------------------------------------------------------
[ 2019-08-01T11:27:59+08:00 ] 127.0.0.1 127.0.0.1 GET /base/msg?sort=msg_id&order=DESC&offset=0&limit=25&_=1564630076741
[ info ] h_two.cn/base/msg?sort=msg_id&order=DESC&offset=0&limit=25&_=1564630076741 [运行时间：0.496029s][吞吐率：2.02req/s] [内存消耗：5,383.15kb] [文件加载：79]
[ info ] [ LANG ] D:\wamp\www\h_two\thinkphp\lang\zh-cn.php
[ info ] [ BIND ] 'admin'
[ info ] [ ROUTE ] array (
  'type' => 'module',
  'module' => 
  array (
    0 => 'admin',
    1 => 'base.msg',
    2 => NULL,
  ),
)
[ info ] [ HEADER ] array (
  'host' => 'h_two.cn',
  'connection' => 'keep-alive',
  'accept' => 'application/json, text/javascript, */*; q=0.01',
  'x-requested-with' => 'XMLHttpRequest',
  'user-agent' => 'Mozilla/5.0 (Windows NT 6.1; WOW64) AppleWebKit/537.36 (KHTML, like Gecko) Chrome/73.0.3683.86 Safari/537.36',
  'content-type' => 'application/json',
  'referer' => 'http://h_two.cn/dashboard?addtabs=1',
  'accept-encoding' => 'gzip, deflate',
  'accept-language' => 'zh-CN,zh;q=0.9,en;q=0.8',
  'cookie' => 'use_simple_menu=1; PHPSESSID=1r93l3n6ve7fc12mj3bsibjao7',
)
[ info ] [ PARAM ] array (
  'sort' => 'msg_id',
  'order' => 'DESC',
  'offset' => '0',
  'limit' => '25',
  '_' => '1564630076741',
)
[ info ] [ LANG ] D:\wamp\www\h_two\public/../application/admin\lang\zh-cn.php
[ info ] [ BEHAVIOR ] Run app\common\behavior\Common @module_init [ RunTime:0.001000s ]
[ info ] [ SESSION ] INIT array (
  'id' => '',
  'var_session_id' => '',
  'prefix' => 'think',
  'type' => '',
  'auto_start' => true,
  'expire' => 5400,
  'use_cookies' => true,
)
[ info ] [ DB ] INIT mysql
[ info ] [ CACHE ] INIT File
[ info ] [ LANG ] D:\wamp\www\h_two\public/../application/admin/lang/zh-cn/base/msg.php
[ info ] [ RUN ] app\admin\controller\base\Msg->index[ D:\wamp\www\h_two\application\admin\controller\base\Msg.php ]
[ info ] [ BEHAVIOR ] Run app\admin\behavior\AdminLog @app_end [ RunTime:0.001000s ]
[ info ] [ LOG ] INIT File
[ sql ] [ DB ] CONNECT:[ UseTime:0.012001s ] mysql:dbname=his_beta;host=192.168.0.220;charset=utf8
[ sql ] [ SQL ] SHOW COLUMNS FROM `yjy_auth_group_access` [ RunTime:0.017001s ]
[ sql ] [ SQL ] SELECT `AuthGroupAccess`.`uid`,`AuthGroupAccess`.`group_id`,`AuthGroup`.`id`,`AuthGroup`.`pid`,`AuthGroup`.`name`,`AuthGroup`.`rules` FROM `yjy_auth_group_access` `AuthGroupAccess` LEFT JOIN `yjy_auth_group` `AuthGroup` ON `AuthGroupAccess`.`group_id`=`AuthGroup`.`id` WHERE  (  AuthGroupAccess.uid='1' and AuthGroup.status='normal' ) [ RunTime:0.003000s ]
[ sql ] [ SQL ] SHOW COLUMNS FROM `yjy_auth_rule` [ RunTime:0.021001s ]
[ sql ] [ SQL ] SELECT `id`,`pid`,`condition`,`icon`,`name`,`title`,`ismenu` FROM `yjy_auth_rule` WHERE  `status` = 'normal' [ RunTime:0.008001s ]
[ sql ] [ SQL ] SHOW COLUMNS FROM `yjy_msg` [ RunTime:0.015001s ]
[ sql ] [ SQL ] SELECT COUNT(*) AS tp_count FROM `yjy_msg` WHERE  `msg_to` = 1  AND `createtime` <= 1564675199 ORDER BY `msg_id`  DESC LIMIT 1 [ RunTime:0.003000s ]
[ sql ] [ SQL ] SELECT * FROM `yjy_msg` WHERE  `msg_to` = 1  AND `createtime` <= 1564675199 ORDER BY `msg_id`  DESC LIMIT 0,25 [ RunTime:0.003000s ]
---------------------------------------------------------------
[ 2019-08-01T11:27:59+08:00 ] 127.0.0.1 127.0.0.1 GET /customer/customer/listofbirth?sort=ctm_id&order=desc&offset=0&limit=25&_=1564630076742
[ info ] h_two.cn/customer/customer/listofbirth?sort=ctm_id&order=desc&offset=0&limit=25&_=1564630076742 [运行时间：0.840048s][吞吐率：1.19req/s] [内存消耗：5,487.48kb] [文件加载：89]
[ info ] [ LANG ] D:\wamp\www\h_two\thinkphp\lang\zh-cn.php
[ info ] [ BIND ] 'admin'
[ info ] [ ROUTE ] array (
  'type' => 'module',
  'module' => 
  array (
    0 => 'admin',
    1 => 'customer.customer',
    2 => 'listofbirth',
  ),
)
[ info ] [ HEADER ] array (
  'host' => 'h_two.cn',
  'connection' => 'keep-alive',
  'accept' => 'application/json, text/javascript, */*; q=0.01',
  'x-requested-with' => 'XMLHttpRequest',
  'user-agent' => 'Mozilla/5.0 (Windows NT 6.1; WOW64) AppleWebKit/537.36 (KHTML, like Gecko) Chrome/73.0.3683.86 Safari/537.36',
  'content-type' => 'application/json',
  'referer' => 'http://h_two.cn/dashboard?addtabs=1',
  'accept-encoding' => 'gzip, deflate',
  'accept-language' => 'zh-CN,zh;q=0.9,en;q=0.8',
  'cookie' => 'use_simple_menu=1; PHPSESSID=1r93l3n6ve7fc12mj3bsibjao7',
)
[ info ] [ PARAM ] array (
  'sort' => 'ctm_id',
  'order' => 'desc',
  'offset' => '0',
  'limit' => '25',
  '_' => '1564630076742',
)
[ info ] [ LANG ] D:\wamp\www\h_two\public/../application/admin\lang\zh-cn.php
[ info ] [ BEHAVIOR ] Run app\common\behavior\Common @module_init [ RunTime:0.004000s ]
[ info ] [ SESSION ] INIT array (
  'id' => '',
  'var_session_id' => '',
  'prefix' => 'think',
  'type' => '',
  'auto_start' => true,
  'expire' => 5400,
  'use_cookies' => true,
)
[ info ] [ CACHE ] INIT File
[ info ] [ LANG ] D:\wamp\www\h_two\public/../application/admin/lang/zh-cn/customer/customer.php
[ info ] [ DB ] INIT mysql
[ info ] [ RUN ] app\admin\controller\customer\Customer->listofbirth[ D:\wamp\www\h_two\application\admin\controller\customer\Customer.php ]
[ info ] [ BEHAVIOR ] Run app\admin\behavior\AdminLog @app_end [ RunTime:0.000000s ]
[ info ] [ LOG ] INIT File
[ sql ] [ DB ] CONNECT:[ UseTime:0.003001s ] mysql:dbname=his_beta;host=192.168.0.220;charset=utf8
[ sql ] [ SQL ] SHOW COLUMNS FROM `yjy_ctmsource` [ RunTime:0.021001s ]
[ sql ] [ SQL ] SELECT `sce_id`,`sce_name` FROM `yjy_ctmsource` WHERE  `sce_status` = 1 ORDER BY `sce_sort`  desc [ RunTime:0.004000s ]
[ sql ] [ SQL ] SHOW COLUMNS FROM `yjy_fat` [ RunTime:0.017001s ]
[ sql ] [ SQL ] SELECT `fat_id`,`fat_name` FROM `yjy_fat` [ RunTime:0.002000s ]
[ sql ] [ SQL ] SHOW COLUMNS FROM `yjy_ctmchannels` [ RunTime:0.020002s ]
[ sql ] [ SQL ] SELECT `chn_id`,`chn_name` FROM `yjy_ctmchannels` WHERE  `chn_status` = 1 ORDER BY `chn_sort`  desc [ RunTime:0.004000s ]
[ sql ] [ SQL ] SHOW COLUMNS FROM `yjy_pducat` [ RunTime:0.015001s ]
[ sql ] [ SQL ] SELECT `pdc_id`,`pdc_name` FROM `yjy_pducat` WHERE  `pdc_status` = 1 ORDER BY `pdc_sort`  DESC,`pdc_id`  ASC [ RunTime:0.003000s ]
[ sql ] [ SQL ] SHOW COLUMNS FROM `yjy_c_project` [ RunTime:0.018001s ]
[ sql ] [ SQL ] SELECT `id`,`cpdt_name` FROM `yjy_c_project` WHERE  `cpdt_status` = 1 ORDER BY `id`  ASC [ RunTime:0.003001s ]
[ sql ] [ SQL ] SHOW COLUMNS FROM `yjy_customertype` [ RunTime:0.025001s ]
[ sql ] [ SQL ] SELECT `type_id`,`type_name` FROM `yjy_customertype` [ RunTime:0.003000s ]
[ sql ] [ SQL ] SHOW COLUMNS FROM `yjy_customer` [ RunTime:0.021001s ]
[ sql ] [ SQL ] SELECT COUNT(*) AS tp_count FROM `yjy_customer` `customer` LEFT JOIN `yjy_ctmsource` `sce` ON `customer`.`ctm_source`=`sce`.`sce_id` LEFT JOIN `yjy_ctmchannels` `channels` ON `customer`.`ctm_explore`=`channels`.`chn_id` LEFT JOIN `yjy_admin` `admin` ON `customer`.`admin_id`=`admin`.`id` WHERE  `ctm_status` = 1  AND `ctm_ifbirth` = 1  AND (  `ctm_birthdate` LIKE '%-08-01' ) LIMIT 1 [ RunTime:0.009001s ]
[ sql ] [ SQL ] SELECT `customer`.*,sce.sce_name as ctm_source,channels.chn_name as ctm_explore,admin.dept_id as dept_id FROM `yjy_customer` `customer` LEFT JOIN `yjy_ctmsource` `sce` ON `customer`.`ctm_source`=`sce`.`sce_id` LEFT JOIN `yjy_ctmchannels` `channels` ON `customer`.`ctm_explore`=`channels`.`chn_id` LEFT JOIN `yjy_admin` `admin` ON `customer`.`admin_id`=`admin`.`id` WHERE  `ctm_status` = 1  AND `ctm_ifbirth` = 1  AND (  `ctm_birthdate` LIKE '%-08-01' ) ORDER BY `ctm_id`  desc LIMIT 0,25 [ RunTime:0.032002s ]
[ sql ] [ SQL ] SHOW COLUMNS FROM `yjy_auth_group_access` [ RunTime:0.015001s ]
[ sql ] [ SQL ] SELECT `AuthGroupAccess`.`uid`,`AuthGroupAccess`.`group_id`,`AuthGroup`.`id`,`AuthGroup`.`pid`,`AuthGroup`.`name`,`AuthGroup`.`rules` FROM `yjy_auth_group_access` `AuthGroupAccess` LEFT JOIN `yjy_auth_group` `AuthGroup` ON `AuthGroupAccess`.`group_id`=`AuthGroup`.`id` WHERE  (  AuthGroupAccess.uid='1' and AuthGroup.status='normal' ) [ RunTime:0.004000s ]
[ sql ] [ SQL ] SELECT `id`,`cpdt_name` FROM `yjy_c_project` [ RunTime:0.002000s ]
---------------------------------------------------------------
[ 2019-08-01T11:28:00+08:00 ] 127.0.0.1 127.0.0.1 GET /customer/rvinfo/todayrevisitnotices?sort=rv_date+desc%2C+rvi_id&order=DESC&offset=0&limit=25&_=1564630077913
[ info ] h_two.cn/customer/rvinfo/todayrevisitnotices?sort=rv_date+desc%2C+rvi_id&order=DESC&offset=0&limit=25&_=1564630077913 [运行时间：1.222070s][吞吐率：0.82req/s] [内存消耗：5,901.63kb] [文件加载：89]
[ info ] [ LANG ] D:\wamp\www\h_two\thinkphp\lang\zh-cn.php
[ info ] [ BIND ] 'admin'
[ info ] [ ROUTE ] array (
  'type' => 'module',
  'module' => 
  array (
    0 => 'admin',
    1 => 'customer.rvinfo',
    2 => 'todayrevisitnotices',
  ),
)
[ info ] [ HEADER ] array (
  'host' => 'h_two.cn',
  'connection' => 'keep-alive',
  'accept' => 'application/json, text/javascript, */*; q=0.01',
  'x-requested-with' => 'XMLHttpRequest',
  'user-agent' => 'Mozilla/5.0 (Windows NT 6.1; WOW64) AppleWebKit/537.36 (KHTML, like Gecko) Chrome/73.0.3683.86 Safari/537.36',
  'content-type' => 'application/json',
  'referer' => 'http://h_two.cn/customer/rvinfo/todayrevisitnotices',
  'accept-encoding' => 'gzip, deflate',
  'accept-language' => 'zh-CN,zh;q=0.9,en;q=0.8',
  'cookie' => 'use_simple_menu=1; PHPSESSID=1r93l3n6ve7fc12mj3bsibjao7',
)
[ info ] [ PARAM ] array (
  'sort' => 'rv_date desc, rvi_id',
  'order' => 'DESC',
  'offset' => '0',
  'limit' => '25',
  '_' => '1564630077913',
)
[ info ] [ LANG ] D:\wamp\www\h_two\public/../application/admin\lang\zh-cn.php
[ info ] [ BEHAVIOR ] Run app\common\behavior\Common @module_init [ RunTime:0.001000s ]
[ info ] [ SESSION ] INIT array (
  'id' => '',
  'var_session_id' => '',
  'prefix' => 'think',
  'type' => '',
  'auto_start' => true,
  'expire' => 5400,
  'use_cookies' => true,
)
[ info ] [ CACHE ] INIT File
[ info ] [ LANG ] D:\wamp\www\h_two\public/../application/admin/lang/zh-cn/customer/rvinfo.php
[ info ] [ DB ] INIT mysql
[ info ] [ RUN ] app\admin\controller\customer\Rvinfo->todayrevisitnotices[ D:\wamp\www\h_two\application\admin\controller\customer\Rvinfo.php ]
[ info ] [ BEHAVIOR ] Run app\admin\behavior\AdminLog @app_end [ RunTime:0.001000s ]
[ info ] [ LOG ] INIT File
[ sql ] [ DB ] CONNECT:[ UseTime:0.011001s ] mysql:dbname=his_beta;host=192.168.0.220;charset=utf8
[ sql ] [ SQL ] SHOW COLUMNS FROM `yjy_rvtype` [ RunTime:0.022001s ]
[ sql ] [ SQL ] SELECT `rvt_id`,`rvt_name` FROM `yjy_rvtype` [ RunTime:0.002000s ]
[ sql ] [ SQL ] SHOW COLUMNS FROM `yjy_c_project` [ RunTime:0.021002s ]
[ sql ] [ SQL ] SELECT `id`,`cpdt_name` FROM `yjy_c_project` WHERE  `cpdt_status` = 1 ORDER BY `id`  ASC [ RunTime:0.002000s ]
[ sql ] [ SQL ] SHOW COLUMNS FROM `yjy_fat` [ RunTime:0.014001s ]
[ sql ] [ SQL ] SELECT `fat_id`,`fat_name` FROM `yjy_fat` [ RunTime:0.002000s ]
[ sql ] [ SQL ] SHOW COLUMNS FROM `yjy_ctmsource` [ RunTime:0.021001s ]
[ sql ] [ SQL ] SELECT `sce_id`,`sce_name` FROM `yjy_ctmsource` WHERE  `sce_status` = 1 ORDER BY `sce_sort`  desc [ RunTime:0.002000s ]
[ sql ] [ SQL ] SHOW COLUMNS FROM `yjy_ctmchannels` [ RunTime:0.019001s ]
[ sql ] [ SQL ] SELECT `chn_id`,`chn_name` FROM `yjy_ctmchannels` WHERE  `chn_status` = 1 ORDER BY `chn_sort`  desc [ RunTime:0.002001s ]
[ sql ] [ SQL ] SHOW COLUMNS FROM `yjy_auth_group_access` [ RunTime:0.016001s ]
[ sql ] [ SQL ] SELECT `AuthGroupAccess`.`uid`,`AuthGroupAccess`.`group_id`,`AuthGroup`.`id`,`AuthGroup`.`pid`,`AuthGroup`.`name`,`AuthGroup`.`rules` FROM `yjy_auth_group_access` `AuthGroupAccess` LEFT JOIN `yjy_auth_group` `AuthGroup` ON `AuthGroupAccess`.`group_id`=`AuthGroup`.`id` WHERE  (  AuthGroupAccess.uid='1' and AuthGroup.status='normal' ) [ RunTime:0.002000s ]
[ sql ] [ SQL ] SHOW COLUMNS FROM `yjy_rvinfo` [ RunTime:0.029002s ]
[ sql ] [ SQL ] SELECT COUNT(*) AS tp_count FROM `yjy_rvinfo` `rvinfo` LEFT JOIN `yjy_customer` `customer` ON `rvinfo`.`customer_id`=`customer`.`ctm_id` LEFT JOIN `yjy_admin` `admin` ON `rvinfo`.`admin_id`=`admin`.`id` WHERE  `rvinfo`.`rv_date` BETWEEN '2019-08-01' AND '2019-08-01' LIMIT 1 [ RunTime:0.002000s ]
[ sql ] [ SQL ] SELECT `rvinfo`.*,`fat`.`fat_name`,`customer`.`ctm_name`,`customer`.`ctm_id`,`customer`.`arrive_status`,`customer`.`ctm_sex`,`customer`.`ctm_birthdate`,`customer`.`ctm_mobile`,`customer`.`ctm_tel`,`customer`.`ctm_source`,`customer`.`ctm_first_dept_id`,`customer`.`ctm_first_cpdt_id`,`customer`.`ctm_first_osc_cpdt_id`,`customer`.`ctm_first_osc_dept_id`,`admin`.`nickname`,`admin`.`dept_id`,`dept`.`dept_name` FROM `yjy_rvinfo` `rvinfo` LEFT JOIN `yjy_customer` `customer` ON `rvinfo`.`customer_id`=`customer`.`ctm_id` LEFT JOIN `yjy_admin` `admin` ON `rvinfo`.`admin_id`=`admin`.`id` LEFT JOIN `yjy_fat` `fat` ON `rvinfo`.`fat_id`=`fat`.`fat_id` LEFT JOIN `yjy_deptment` `dept` ON `admin`.`dept_id`=`dept`.`dept_id` WHERE  `rvinfo`.`rv_date` BETWEEN '2019-08-01' AND '2019-08-01' ORDER BY `rvinfo`.`rvi_id`  DESC LIMIT 0,25 [ RunTime:0.003000s ]
[ sql ] [ SQL ] SELECT `id`,`cpdt_name` FROM `yjy_c_project` [ RunTime:0.002000s ]
[ sql ] [ SQL ] SHOW COLUMNS FROM `yjy_deptment` [ RunTime:0.021001s ]
[ sql ] [ SQL ] SELECT `dept_id`,`dept_name` FROM `yjy_deptment` [ RunTime:0.002000s ]
---------------------------------------------------------------
[ 2019-08-01T11:28:00+08:00 ] 127.0.0.1 127.0.0.1 GET /customer/customer/listofbirth?sort=ctm_id&order=desc&offset=0&limit=25&_=1564630077271
[ info ] h_two.cn/customer/customer/listofbirth?sort=ctm_id&order=desc&offset=0&limit=25&_=1564630077271 [运行时间：1.413081s][吞吐率：0.71req/s] [内存消耗：5,487.49kb] [文件加载：89]
[ info ] [ LANG ] D:\wamp\www\h_two\thinkphp\lang\zh-cn.php
[ info ] [ BIND ] 'admin'
[ info ] [ ROUTE ] array (
  'type' => 'module',
  'module' => 
  array (
    0 => 'admin',
    1 => 'customer.customer',
    2 => 'listofbirth',
  ),
)
[ info ] [ HEADER ] array (
  'host' => 'h_two.cn',
  'connection' => 'keep-alive',
  'accept' => 'application/json, text/javascript, */*; q=0.01',
  'x-requested-with' => 'XMLHttpRequest',
  'user-agent' => 'Mozilla/5.0 (Windows NT 6.1; WOW64) AppleWebKit/537.36 (KHTML, like Gecko) Chrome/73.0.3683.86 Safari/537.36',
  'content-type' => 'application/json',
  'referer' => 'http://h_two.cn/customer/customer/listofbirth',
  'accept-encoding' => 'gzip, deflate',
  'accept-language' => 'zh-CN,zh;q=0.9,en;q=0.8',
  'cookie' => 'use_simple_menu=1; PHPSESSID=1r93l3n6ve7fc12mj3bsibjao7',
)
[ info ] [ PARAM ] array (
  'sort' => 'ctm_id',
  'order' => 'desc',
  'offset' => '0',
  'limit' => '25',
  '_' => '1564630077271',
)
[ info ] [ LANG ] D:\wamp\www\h_two\public/../application/admin\lang\zh-cn.php
[ info ] [ BEHAVIOR ] Run app\common\behavior\Common @module_init [ RunTime:0.002000s ]
[ info ] [ SESSION ] INIT array (
  'id' => '',
  'var_session_id' => '',
  'prefix' => 'think',
  'type' => '',
  'auto_start' => true,
  'expire' => 5400,
  'use_cookies' => true,
)
[ info ] [ CACHE ] INIT File
[ info ] [ LANG ] D:\wamp\www\h_two\public/../application/admin/lang/zh-cn/customer/customer.php
[ info ] [ DB ] INIT mysql
[ info ] [ RUN ] app\admin\controller\customer\Customer->listofbirth[ D:\wamp\www\h_two\application\admin\controller\customer\Customer.php ]
[ info ] [ BEHAVIOR ] Run app\admin\behavior\AdminLog @app_end [ RunTime:0.001000s ]
[ info ] [ LOG ] INIT File
[ sql ] [ DB ] CONNECT:[ UseTime:0.011001s ] mysql:dbname=his_beta;host=192.168.0.220;charset=utf8
[ sql ] [ SQL ] SHOW COLUMNS FROM `yjy_ctmsource` [ RunTime:0.021001s ]
[ sql ] [ SQL ] SELECT `sce_id`,`sce_name` FROM `yjy_ctmsource` WHERE  `sce_status` = 1 ORDER BY `sce_sort`  desc [ RunTime:0.002000s ]
[ sql ] [ SQL ] SHOW COLUMNS FROM `yjy_fat` [ RunTime:0.019001s ]
[ sql ] [ SQL ] SELECT `fat_id`,`fat_name` FROM `yjy_fat` [ RunTime:0.003000s ]
[ sql ] [ SQL ] SHOW COLUMNS FROM `yjy_ctmchannels` [ RunTime:0.018001s ]
[ sql ] [ SQL ] SELECT `chn_id`,`chn_name` FROM `yjy_ctmchannels` WHERE  `chn_status` = 1 ORDER BY `chn_sort`  desc [ RunTime:0.002000s ]
[ sql ] [ SQL ] SHOW COLUMNS FROM `yjy_pducat` [ RunTime:0.017001s ]
[ sql ] [ SQL ] SELECT `pdc_id`,`pdc_name` FROM `yjy_pducat` WHERE  `pdc_status` = 1 ORDER BY `pdc_sort`  DESC,`pdc_id`  ASC [ RunTime:0.002001s ]
[ sql ] [ SQL ] SHOW COLUMNS FROM `yjy_c_project` [ RunTime:0.021001s ]
[ sql ] [ SQL ] SELECT `id`,`cpdt_name` FROM `yjy_c_project` WHERE  `cpdt_status` = 1 ORDER BY `id`  ASC [ RunTime:0.002000s ]
[ sql ] [ SQL ] SHOW COLUMNS FROM `yjy_customertype` [ RunTime:0.019001s ]
[ sql ] [ SQL ] SELECT `type_id`,`type_name` FROM `yjy_customertype` [ RunTime:0.001000s ]
[ sql ] [ SQL ] SHOW COLUMNS FROM `yjy_customer` [ RunTime:0.020001s ]
[ sql ] [ SQL ] SELECT COUNT(*) AS tp_count FROM `yjy_customer` `customer` LEFT JOIN `yjy_ctmsource` `sce` ON `customer`.`ctm_source`=`sce`.`sce_id` LEFT JOIN `yjy_ctmchannels` `channels` ON `customer`.`ctm_explore`=`channels`.`chn_id` LEFT JOIN `yjy_admin` `admin` ON `customer`.`admin_id`=`admin`.`id` WHERE  `ctm_status` = 1  AND `ctm_ifbirth` = 1  AND (  `ctm_birthdate` LIKE '%-08-01' ) LIMIT 1 [ RunTime:0.008000s ]
[ sql ] [ SQL ] SELECT `customer`.*,sce.sce_name as ctm_source,channels.chn_name as ctm_explore,admin.dept_id as dept_id FROM `yjy_customer` `customer` LEFT JOIN `yjy_ctmsource` `sce` ON `customer`.`ctm_source`=`sce`.`sce_id` LEFT JOIN `yjy_ctmchannels` `channels` ON `customer`.`ctm_explore`=`channels`.`chn_id` LEFT JOIN `yjy_admin` `admin` ON `customer`.`admin_id`=`admin`.`id` WHERE  `ctm_status` = 1  AND `ctm_ifbirth` = 1  AND (  `ctm_birthdate` LIKE '%-08-01' ) ORDER BY `ctm_id`  desc LIMIT 0,25 [ RunTime:0.032001s ]
[ sql ] [ SQL ] SHOW COLUMNS FROM `yjy_auth_group_access` [ RunTime:0.015000s ]
[ sql ] [ SQL ] SELECT `AuthGroupAccess`.`uid`,`AuthGroupAccess`.`group_id`,`AuthGroup`.`id`,`AuthGroup`.`pid`,`AuthGroup`.`name`,`AuthGroup`.`rules` FROM `yjy_auth_group_access` `AuthGroupAccess` LEFT JOIN `yjy_auth_group` `AuthGroup` ON `AuthGroupAccess`.`group_id`=`AuthGroup`.`id` WHERE  (  AuthGroupAccess.uid='1' and AuthGroup.status='normal' ) [ RunTime:0.002001s ]
[ sql ] [ SQL ] SELECT `id`,`cpdt_name` FROM `yjy_c_project` [ RunTime:0.001000s ]
---------------------------------------------------------------
[ 2019-08-01T11:28:00+08:00 ] 127.0.0.1 127.0.0.1 GET /ajax/lang?callback=define&controllername=wm.drugsly&v=1564630078
[ info ] h_two.cn/ajax/lang?callback=define&controllername=wm.drugsly&v=1564630078 [运行时间：0.742042s][吞吐率：1.35req/s] [内存消耗：3,830.77kb] [文件加载：70]
[ info ] [ LANG ] D:\wamp\www\h_two\thinkphp\lang\zh-cn.php
[ info ] [ BIND ] 'admin'
[ info ] [ ROUTE ] array (
  'type' => 'module',
  'module' => 
  array (
    0 => 'admin',
    1 => 'ajax',
    2 => 'lang',
  ),
)
[ info ] [ HEADER ] array (
  'host' => 'h_two.cn',
  'connection' => 'keep-alive',
  'user-agent' => 'Mozilla/5.0 (Windows NT 6.1; WOW64) AppleWebKit/537.36 (KHTML, like Gecko) Chrome/73.0.3683.86 Safari/537.36',
  'accept' => '*/*',
  'referer' => 'http://h_two.cn/wm/drugsly?addtabs=1',
  'accept-encoding' => 'gzip, deflate',
  'accept-language' => 'zh-CN,zh;q=0.9,en;q=0.8',
  'cookie' => 'use_simple_menu=1; PHPSESSID=1r93l3n6ve7fc12mj3bsibjao7',
)
[ info ] [ PARAM ] array (
  'callback' => 'define',
  'controllername' => 'wm.drugsly',
  'v' => '1564630078',
)
[ info ] [ LANG ] D:\wamp\www\h_two\public/../application/admin\lang\zh-cn.php
[ info ] [ BEHAVIOR ] Run app\common\behavior\Common @module_init [ RunTime:0.001000s ]
[ info ] [ SESSION ] INIT array (
  'id' => '',
  'var_session_id' => '',
  'prefix' => 'think',
  'type' => '',
  'auto_start' => true,
  'expire' => 5400,
  'use_cookies' => true,
)
[ info ] [ CACHE ] INIT File
[ info ] [ RUN ] app\admin\controller\Ajax->lang[ D:\wamp\www\h_two\application\admin\controller\Ajax.php ]
[ info ] [ LANG ] D:\wamp\www\h_two\public/../application/admin/lang/zh-cn/wm/drugsly.php
[ info ] [ BEHAVIOR ] Run app\admin\behavior\AdminLog @app_end [ RunTime:0.001000s ]
[ info ] [ LOG ] INIT File
---------------------------------------------------------------
[ 2019-08-01T11:28:01+08:00 ] 127.0.0.1 127.0.0.1 GET /wm/drugsly/index?sort=man_id&order=DESC&offset=0&limit=25&_=1564630079654
[ info ] h_two.cn/wm/drugsly/index?sort=man_id&order=DESC&offset=0&limit=25&_=1564630079654 [运行时间：0.351020s][吞吐率：2.85req/s] [内存消耗：6,089.58kb] [文件加载：78]
[ info ] [ LANG ] D:\wamp\www\h_two\thinkphp\lang\zh-cn.php
[ info ] [ BIND ] 'admin'
[ info ] [ ROUTE ] array (
  'type' => 'module',
  'module' => 
  array (
    0 => 'admin',
    1 => 'wm.drugsly',
    2 => 'index',
  ),
)
[ info ] [ HEADER ] array (
  'host' => 'h_two.cn',
  'connection' => 'keep-alive',
  'accept' => 'application/json, text/javascript, */*; q=0.01',
  'x-requested-with' => 'XMLHttpRequest',
  'user-agent' => 'Mozilla/5.0 (Windows NT 6.1; WOW64) AppleWebKit/537.36 (KHTML, like Gecko) Chrome/73.0.3683.86 Safari/537.36',
  'content-type' => 'application/json',
  'referer' => 'http://h_two.cn/wm/drugsly?addtabs=1',
  'accept-encoding' => 'gzip, deflate',
  'accept-language' => 'zh-CN,zh;q=0.9,en;q=0.8',
  'cookie' => 'use_simple_menu=1; PHPSESSID=1r93l3n6ve7fc12mj3bsibjao7',
)
[ info ] [ PARAM ] array (
  'sort' => 'man_id',
  'order' => 'DESC',
  'offset' => '0',
  'limit' => '25',
  '_' => '1564630079654',
)
[ info ] [ LANG ] D:\wamp\www\h_two\public/../application/admin\lang\zh-cn.php
[ info ] [ BEHAVIOR ] Run app\common\behavior\Common @module_init [ RunTime:0.003001s ]
[ info ] [ SESSION ] INIT array (
  'id' => '',
  'var_session_id' => '',
  'prefix' => 'think',
  'type' => '',
  'auto_start' => true,
  'expire' => 5400,
  'use_cookies' => true,
)
[ info ] [ DB ] INIT mysql
[ info ] [ CACHE ] INIT File
[ info ] [ LANG ] D:\wamp\www\h_two\public/../application/admin/lang/zh-cn/wm/drugsly.php
[ info ] [ RUN ] app\admin\controller\wm\Drugsly->index[ D:\wamp\www\h_two\application\admin\controller\wm\Drugsly.php ]
[ info ] [ BEHAVIOR ] Run app\admin\behavior\AdminLog @app_end [ RunTime:0.000000s ]
[ info ] [ LOG ] INIT File
[ sql ] [ DB ] CONNECT:[ UseTime:0.011000s ] mysql:dbname=his_beta;host=192.168.0.220;charset=utf8
[ sql ] [ SQL ] SHOW COLUMNS FROM `yjy_auth_group_access` [ RunTime:0.015001s ]
[ sql ] [ SQL ] SELECT `AuthGroupAccess`.`uid`,`AuthGroupAccess`.`group_id`,`AuthGroup`.`id`,`AuthGroup`.`pid`,`AuthGroup`.`name`,`AuthGroup`.`rules` FROM `yjy_auth_group_access` `AuthGroupAccess` LEFT JOIN `yjy_auth_group` `AuthGroup` ON `AuthGroupAccess`.`group_id`=`AuthGroup`.`id` WHERE  (  AuthGroupAccess.uid='1' and AuthGroup.status='normal' ) [ RunTime:0.002000s ]
[ sql ] [ SQL ] SHOW COLUMNS FROM `yjy_auth_rule` [ RunTime:0.022001s ]
[ sql ] [ SQL ] SELECT `id`,`pid`,`condition`,`icon`,`name`,`title`,`ismenu` FROM `yjy_auth_rule` WHERE  `status` = 'normal' [ RunTime:0.008000s ]
[ sql ] [ SQL ] SHOW COLUMNS FROM `yjy_wm_supplier` [ RunTime:0.020001s ]
[ sql ] [ SQL ] SELECT * FROM `yjy_wm_supplier` WHERE  `sup_type` <> 2  AND `sup_status` = 1 [ RunTime:0.002000s ]
[ sql ] [ SQL ] SHOW COLUMNS FROM `yjy_depot` [ RunTime:0.022002s ]
[ sql ] [ SQL ] SELECT * FROM `yjy_depot` WHERE  `type` = 1  AND `status` = 'normal' [ RunTime:0.002000s ]
[ sql ] [ SQL ] SHOW COLUMNS FROM `yjy_deptment` [ RunTime:0.021001s ]
[ sql ] [ SQL ] SELECT * FROM `yjy_deptment` WHERE  `dept_status` = 1 ORDER BY `dept_id`  asc [ RunTime:0.002000s ]
[ sql ] [ SQL ] SELECT * FROM `yjy_deptment` WHERE  `dept_status` = 1 ORDER BY `dept_id`  asc [ RunTime:0.003000s ]
[ sql ] [ SQL ] SHOW COLUMNS FROM `yjy_admin` [ RunTime:0.017001s ]
[ sql ] [ SQL ] SELECT * FROM `yjy_admin` ORDER BY `username`  asc [ RunTime:0.005000s ]
[ sql ] [ SQL ] SHOW COLUMNS FROM `yjy_wm_manifest` [ RunTime:0.016001s ]
[ sql ] [ SQL ] SELECT COUNT(*) AS tp_count FROM `yjy_wm_manifest` `m` LEFT JOIN `yjy_customer` `c` ON `m`.`member_id`=`c`.`ctm_id` WHERE  `m`.`mprimary_type` = '4'  AND `m`.`mbelong_type` = '1' LIMIT 1 [ RunTime:0.002000s ]
[ sql ] [ SQL ] SELECT `mf`.*,dpt.name as dpt_name,`a`.`nickname`,`dep`.`dept_name`,`c`.`ctm_name` FROM `yjy_wm_manifest` `mf` LEFT JOIN `yjy_depot` `dpt` ON `mf`.`mdepot_id`=`dpt`.`id` LEFT JOIN `yjy_admin` `a` ON `mf`.`mout_id`=`a`.`id` LEFT JOIN `yjy_deptment` `dep` ON `mf`.`mdepart_id`=`dep`.`dept_id` LEFT JOIN `yjy_customer` `c` ON `mf`.`member_id`=`c`.`ctm_id` WHERE  `mf`.`mprimary_type` = '4'  AND `mf`.`mbelong_type` = '1' ORDER BY `man_id`  DESC LIMIT 0,25 [ RunTime:0.004000s ]
---------------------------------------------------------------
[ 2019-08-01T11:28:01+08:00 ] 127.0.0.1 127.0.0.1 GET /wm/drugsly/edits/ids/114
[ info ] h_two.cn/wm/drugsly/edits/ids/114 [运行时间：0.317018s][吞吐率：3.15req/s] [内存消耗：6,114.21kb] [文件加载：78]
[ info ] [ LANG ] D:\wamp\www\h_two\thinkphp\lang\zh-cn.php
[ info ] [ BIND ] 'admin'
[ info ] [ ROUTE ] array (
  'type' => 'module',
  'module' => 
  array (
    0 => 'admin',
    1 => 'wm.drugsly',
    2 => 'edits',
  ),
)
[ info ] [ HEADER ] array (
  'host' => 'h_two.cn',
  'connection' => 'keep-alive',
  'upgrade-insecure-requests' => '1',
  'user-agent' => 'Mozilla/5.0 (Windows NT 6.1; WOW64) AppleWebKit/537.36 (KHTML, like Gecko) Chrome/73.0.3683.86 Safari/537.36',
  'accept' => 'text/html,application/xhtml+xml,application/xml;q=0.9,image/webp,image/apng,*/*;q=0.8,application/signed-exchange;v=b3',
  'referer' => 'http://h_two.cn/wm/drugsly?addtabs=1',
  'accept-encoding' => 'gzip, deflate',
  'accept-language' => 'zh-CN,zh;q=0.9,en;q=0.8',
  'cookie' => 'use_simple_menu=1; PHPSESSID=1r93l3n6ve7fc12mj3bsibjao7',
)
[ info ] [ PARAM ] array (
  'ids' => '114',
)
[ info ] [ LANG ] D:\wamp\www\h_two\public/../application/admin\lang\zh-cn.php
[ info ] [ BEHAVIOR ] Run app\common\behavior\Common @module_init [ RunTime:0.002000s ]
[ info ] [ SESSION ] INIT array (
  'id' => '',
  'var_session_id' => '',
  'prefix' => 'think',
  'type' => '',
  'auto_start' => true,
  'expire' => 5400,
  'use_cookies' => true,
)
[ info ] [ DB ] INIT mysql
[ info ] [ CACHE ] INIT File
[ info ] [ LANG ] D:\wamp\www\h_two\public/../application/admin/lang/zh-cn/wm/drugsly.php
[ info ] [ RUN ] app\admin\controller\wm\Drugsly->edits[ D:\wamp\www\h_two\application\admin\controller\wm\Drugsly.php ]
[ info ] [ VIEW ] D:\wamp\www\h_two\public/../application/admin\view\wm\drugsly\edits.html [ array (
  0 => 'breadcrumb',
  1 => 'site',
  2 => 'config',
  3 => 'auth',
  4 => 'admin',
  5 => 'supplierList',
  6 => 'depotList',
  7 => 'deptList',
  8 => 'deptEditList',
  9 => 'userList',
  10 => 'row',
  11 => 'totalCost',
  12 => 'list',
) ]
[ info ] [ BEHAVIOR ] Run app\admin\behavior\AdminLog @app_end [ RunTime:0.001001s ]
[ info ] [ LOG ] INIT File
[ sql ] [ DB ] CONNECT:[ UseTime:0.002001s ] mysql:dbname=his_beta;host=192.168.0.220;charset=utf8
[ sql ] [ SQL ] SHOW COLUMNS FROM `yjy_auth_group_access` [ RunTime:0.014000s ]
[ sql ] [ SQL ] SELECT `AuthGroupAccess`.`uid`,`AuthGroupAccess`.`group_id`,`AuthGroup`.`id`,`AuthGroup`.`pid`,`AuthGroup`.`name`,`AuthGroup`.`rules` FROM `yjy_auth_group_access` `AuthGroupAccess` LEFT JOIN `yjy_auth_group` `AuthGroup` ON `AuthGroupAccess`.`group_id`=`AuthGroup`.`id` WHERE  (  AuthGroupAccess.uid='1' and AuthGroup.status='normal' ) [ RunTime:0.002001s ]
[ sql ] [ SQL ] SHOW COLUMNS FROM `yjy_auth_rule` [ RunTime:0.014000s ]
[ sql ] [ SQL ] SELECT `id`,`pid`,`condition`,`icon`,`name`,`title`,`ismenu` FROM `yjy_auth_rule` WHERE  `status` = 'normal' [ RunTime:0.007001s ]
[ sql ] [ SQL ] SHOW COLUMNS FROM `yjy_wm_supplier` [ RunTime:0.015001s ]
[ sql ] [ SQL ] SELECT * FROM `yjy_wm_supplier` WHERE  `sup_type` <> 2  AND `sup_status` = 1 [ RunTime:0.002000s ]
[ sql ] [ SQL ] SHOW COLUMNS FROM `yjy_depot` [ RunTime:0.021001s ]
[ sql ] [ SQL ] SELECT * FROM `yjy_depot` WHERE  `type` = 1  AND `status` = 'normal' [ RunTime:0.003000s ]
[ sql ] [ SQL ] SHOW COLUMNS FROM `yjy_deptment` [ RunTime:0.020001s ]
[ sql ] [ SQL ] SELECT * FROM `yjy_deptment` WHERE  `dept_status` = 1 ORDER BY `dept_id`  asc [ RunTime:0.003000s ]
[ sql ] [ SQL ] SELECT * FROM `yjy_deptment` WHERE  `dept_status` = 1 ORDER BY `dept_id`  asc [ RunTime:0.002001s ]
[ sql ] [ SQL ] SHOW COLUMNS FROM `yjy_admin` [ RunTime:0.017001s ]
[ sql ] [ SQL ] SELECT * FROM `yjy_admin` ORDER BY `username`  asc [ RunTime:0.005000s ]
[ sql ] [ SQL ] SHOW COLUMNS FROM `yjy_wm_manifest` [ RunTime:0.017001s ]
[ sql ] [ SQL ] SELECT `m`.*,`c`.`ctm_name` FROM `yjy_wm_manifest` `m` LEFT JOIN `yjy_customer` `c` ON `m`.`member_id`=`c`.`ctm_id` WHERE  `m`.`man_id` = '114' LIMIT 1 [ RunTime:0.003000s ]
[ sql ] [ SQL ] SHOW COLUMNS FROM `yjy_wm_manlist` [ RunTime:0.019001s ]
[ sql ] [ SQL ] SELECT `ml`.*,`lotnum`.`lot_id`,`lotnum`.`lstock`,`lotnum`.`lotnum`,`lotnum`.`lproducer`,`lotnum`.`laddr`,`lotnum`.`lapprov_num`,`lotnum`.`lregist_num`,`pro`.`pro_name`,`pro`.`pro_unit`,`pro`.`pro_id`,`pro`.`pro_spec`,u.name as uname FROM `yjy_wm_manlist` `ml` LEFT JOIN `yjy_wm_lotnum` `lotnum` ON `ml`.`lotid`=`lotnum`.`lot_id` LEFT JOIN `yjy_project` `pro` ON `lotnum`.`lpro_id`=`pro`.`pro_id` LEFT JOIN `yjy_unit` `u` ON `pro`.`pro_unit`=`u`.`id` WHERE  `manid` = 114 [ RunTime:0.003000s ]
---------------------------------------------------------------
[ 2019-08-01T11:28:02+08:00 ] 127.0.0.1 127.0.0.1 GET /ajax/lang?callback=define&controllername=wm.drugsly&v=1564630081
[ info ] h_two.cn/ajax/lang?callback=define&controllername=wm.drugsly&v=1564630081 [运行时间：0.088005s][吞吐率：11.36req/s] [内存消耗：3,830.90kb] [文件加载：70]
[ info ] [ LANG ] D:\wamp\www\h_two\thinkphp\lang\zh-cn.php
[ info ] [ BIND ] 'admin'
[ info ] [ ROUTE ] array (
  'type' => 'module',
  'module' => 
  array (
    0 => 'admin',
    1 => 'ajax',
    2 => 'lang',
  ),
)
[ info ] [ HEADER ] array (
  'host' => 'h_two.cn',
  'connection' => 'keep-alive',
  'user-agent' => 'Mozilla/5.0 (Windows NT 6.1; WOW64) AppleWebKit/537.36 (KHTML, like Gecko) Chrome/73.0.3683.86 Safari/537.36',
  'accept' => '*/*',
  'referer' => 'http://h_two.cn/wm/drugsly/edits/ids/114',
  'accept-encoding' => 'gzip, deflate',
  'accept-language' => 'zh-CN,zh;q=0.9,en;q=0.8',
  'cookie' => 'use_simple_menu=1; PHPSESSID=1r93l3n6ve7fc12mj3bsibjao7',
)
[ info ] [ PARAM ] array (
  'callback' => 'define',
  'controllername' => 'wm.drugsly',
  'v' => '1564630081',
)
[ info ] [ LANG ] D:\wamp\www\h_two\public/../application/admin\lang\zh-cn.php
[ info ] [ BEHAVIOR ] Run app\common\behavior\Common @module_init [ RunTime:0.001001s ]
[ info ] [ SESSION ] INIT array (
  'id' => '',
  'var_session_id' => '',
  'prefix' => 'think',
  'type' => '',
  'auto_start' => true,
  'expire' => 5400,
  'use_cookies' => true,
)
[ info ] [ CACHE ] INIT File
[ info ] [ RUN ] app\admin\controller\Ajax->lang[ D:\wamp\www\h_two\application\admin\controller\Ajax.php ]
[ info ] [ LANG ] D:\wamp\www\h_two\public/../application/admin/lang/zh-cn/wm/drugsly.php
[ info ] [ BEHAVIOR ] Run app\admin\behavior\AdminLog @app_end [ RunTime:0.001000s ]
[ info ] [ LOG ] INIT File
