---------------------------------------------------------------
[ 2019-08-15T09:02:54+08:00 ] 127.0.0.1 127.0.0.1 GET /
[ info ] h_two.cn/ [运行时间：0.104006s][吞吐率：9.61req/s] [内存消耗：2,851.35kb] [文件加载：61]
[ info ] [ LANG ] D:\wamp\www\h_two\thinkphp\lang\zh-cn.php
[ info ] [ BIND ] 'admin'
[ info ] [ ROUTE ] array (
  'type' => 'module',
  'module' => 
  array (
    0 => 'admin',
    1 => NULL,
    2 => NULL,
  ),
)
[ info ] [ HEADER ] array (
  'host' => 'h_two.cn',
  'connection' => 'keep-alive',
  'purpose' => 'prefetch',
  'upgrade-insecure-requests' => '1',
  'user-agent' => 'Mozilla/5.0 (Windows NT 6.1; WOW64) AppleWebKit/537.36 (KHTML, like Gecko) Chrome/73.0.3683.86 Safari/537.36',
  'accept' => 'text/html,application/xhtml+xml,application/xml;q=0.9,image/webp,image/apng,*/*;q=0.8,application/signed-exchange;v=b3',
  'accept-encoding' => 'gzip, deflate',
  'accept-language' => 'zh-CN,zh;q=0.9,en;q=0.8',
  'cookie' => 'use_simple_menu=1',
)
[ info ] [ PARAM ] array (
)
[ info ] [ LANG ] D:\wamp\www\h_two\public/../application/admin\lang\zh-cn.php
[ info ] [ BEHAVIOR ] Run app\common\behavior\Common @module_init [ RunTime:0.003001s ]
[ info ] [ SESSION ] INIT array (
  'id' => '',
  'var_session_id' => '',
  'prefix' => 'think',
  'type' => '',
  'auto_start' => true,
  'expire' => 5400,
  'use_cookies' => true,
)
[ info ] [ VIEW ] D:\wamp\www\h_two\public/../application/common\view\tpl\dispatch_jump.tpl [ array (
  0 => 'code',
  1 => 'msg',
  2 => 'data',
  3 => 'url',
  4 => 'wait',
) ]
[ info ] [ BEHAVIOR ] Run app\admin\behavior\AdminLog @app_end [ RunTime:0.001000s ]
[ info ] [ LOG ] INIT File
---------------------------------------------------------------
[ 2019-08-15T09:02:56+08:00 ] 127.0.0.1 127.0.0.1 GET /
[ info ] h_two.cn/ [运行时间：0.047002s][吞吐率：21.28req/s] [内存消耗：2,851.11kb] [文件加载：61]
[ info ] [ LANG ] D:\wamp\www\h_two\thinkphp\lang\zh-cn.php
[ info ] [ BIND ] 'admin'
[ info ] [ ROUTE ] array (
  'type' => 'module',
  'module' => 
  array (
    0 => 'admin',
    1 => NULL,
    2 => NULL,
  ),
)
[ info ] [ HEADER ] array (
  'host' => 'h_two.cn',
  'connection' => 'keep-alive',
  'upgrade-insecure-requests' => '1',
  'user-agent' => 'Mozilla/5.0 (Windows NT 6.1; WOW64) AppleWebKit/537.36 (KHTML, like Gecko) Chrome/73.0.3683.86 Safari/537.36',
  'accept' => 'text/html,application/xhtml+xml,application/xml;q=0.9,image/webp,image/apng,*/*;q=0.8,application/signed-exchange;v=b3',
  'accept-encoding' => 'gzip, deflate',
  'accept-language' => 'zh-CN,zh;q=0.9,en;q=0.8',
  'cookie' => 'use_simple_menu=1; PHPSESSID=occ5c24f00149tit50qkphmr86',
)
[ info ] [ PARAM ] array (
)
[ info ] [ LANG ] D:\wamp\www\h_two\public/../application/admin\lang\zh-cn.php
[ info ] [ BEHAVIOR ] Run app\common\behavior\Common @module_init [ RunTime:0.001000s ]
[ info ] [ SESSION ] INIT array (
  'id' => '',
  'var_session_id' => '',
  'prefix' => 'think',
  'type' => '',
  'auto_start' => true,
  'expire' => 5400,
  'use_cookies' => true,
)
[ info ] [ VIEW ] D:\wamp\www\h_two\public/../application/common\view\tpl\dispatch_jump.tpl [ array (
  0 => 'code',
  1 => 'msg',
  2 => 'data',
  3 => 'url',
  4 => 'wait',
) ]
[ info ] [ BEHAVIOR ] Run app\admin\behavior\AdminLog @app_end [ RunTime:0.000000s ]
[ info ] [ LOG ] INIT File
---------------------------------------------------------------
[ 2019-08-15T09:03:40+08:00 ] 127.0.0.1 127.0.0.1 GET /index/login?url=/
[ info ] h_two.cn/index/login?url=/ [运行时间：0.060003s][吞吐率：16.67req/s] [内存消耗：2,927.26kb] [文件加载：63]
[ info ] [ LANG ] D:\wamp\www\h_two\thinkphp\lang\zh-cn.php
[ info ] [ BIND ] 'admin'
[ info ] [ ROUTE ] array (
  'type' => 'module',
  'module' => 
  array (
    0 => 'admin',
    1 => 'index',
    2 => 'login',
  ),
)
[ info ] [ HEADER ] array (
  'host' => 'h_two.cn',
  'connection' => 'keep-alive',
  'upgrade-insecure-requests' => '1',
  'user-agent' => 'Mozilla/5.0 (Windows NT 6.1; WOW64) AppleWebKit/537.36 (KHTML, like Gecko) Chrome/73.0.3683.86 Safari/537.36',
  'accept' => 'text/html,application/xhtml+xml,application/xml;q=0.9,image/webp,image/apng,*/*;q=0.8,application/signed-exchange;v=b3',
  'referer' => 'http://h_two.cn/',
  'accept-encoding' => 'gzip, deflate',
  'accept-language' => 'zh-CN,zh;q=0.9,en;q=0.8',
  'cookie' => 'use_simple_menu=1; PHPSESSID=occ5c24f00149tit50qkphmr86',
)
[ info ] [ PARAM ] array (
  'url' => '/',
)
[ info ] [ LANG ] D:\wamp\www\h_two\public/../application/admin\lang\zh-cn.php
[ info ] [ BEHAVIOR ] Run app\common\behavior\Common @module_init [ RunTime:0.001000s ]
[ info ] [ SESSION ] INIT array (
  'id' => '',
  'var_session_id' => '',
  'prefix' => 'think',
  'type' => '',
  'auto_start' => true,
  'expire' => 5400,
  'use_cookies' => true,
)
[ info ] [ LANG ] D:\wamp\www\h_two\public/../application/admin/lang/zh-cn/index.php
[ info ] [ RUN ] app\admin\controller\Index->login[ D:\wamp\www\h_two\application\admin\controller\Index.php ]
[ info ] [ VIEW ] D:\wamp\www\h_two\public/../application/admin\view\index\login.html [ array (
  0 => 'breadcrumb',
  1 => 'site',
  2 => 'config',
  3 => 'auth',
  4 => 'admin',
  5 => 'title',
  6 => 'background',
) ]
[ info ] [ BEHAVIOR ] Run app\admin\behavior\AdminLog @app_end [ RunTime:0.000000s ]
[ info ] [ LOG ] INIT File
---------------------------------------------------------------
[ 2019-08-15T09:03:40+08:00 ] 127.0.0.1 127.0.0.1 GET /ajax/lang?callback=define&controllername=index&v=1565831020
[ info ] h_two.cn/ajax/lang?callback=define&controllername=index&v=1565831020 [运行时间：0.068004s][吞吐率：14.71req/s] [内存消耗：2,973.35kb] [文件加载：62]
[ info ] [ LANG ] D:\wamp\www\h_two\thinkphp\lang\zh-cn.php
[ info ] [ BIND ] 'admin'
[ info ] [ ROUTE ] array (
  'type' => 'module',
  'module' => 
  array (
    0 => 'admin',
    1 => 'ajax',
    2 => 'lang',
  ),
)
[ info ] [ HEADER ] array (
  'host' => 'h_two.cn',
  'connection' => 'keep-alive',
  'user-agent' => 'Mozilla/5.0 (Windows NT 6.1; WOW64) AppleWebKit/537.36 (KHTML, like Gecko) Chrome/73.0.3683.86 Safari/537.36',
  'accept' => '*/*',
  'referer' => 'http://h_two.cn/index/login?url=/',
  'accept-encoding' => 'gzip, deflate',
  'accept-language' => 'zh-CN,zh;q=0.9,en;q=0.8',
  'cookie' => 'use_simple_menu=1; PHPSESSID=occ5c24f00149tit50qkphmr86',
)
[ info ] [ PARAM ] array (
  'callback' => 'define',
  'controllername' => 'index',
  'v' => '1565831020',
)
[ info ] [ LANG ] D:\wamp\www\h_two\public/../application/admin\lang\zh-cn.php
[ info ] [ BEHAVIOR ] Run app\common\behavior\Common @module_init [ RunTime:0.001000s ]
[ info ] [ SESSION ] INIT array (
  'id' => '',
  'var_session_id' => '',
  'prefix' => 'think',
  'type' => '',
  'auto_start' => true,
  'expire' => 5400,
  'use_cookies' => true,
)
[ info ] [ RUN ] app\admin\controller\Ajax->lang[ D:\wamp\www\h_two\application\admin\controller\Ajax.php ]
[ info ] [ LANG ] D:\wamp\www\h_two\public/../application/admin/lang/zh-cn/index.php
[ info ] [ BEHAVIOR ] Run app\admin\behavior\AdminLog @app_end [ RunTime:0.000000s ]
[ info ] [ LOG ] INIT File
---------------------------------------------------------------
[ 2019-08-15T09:03:40+08:00 ] 127.0.0.1 127.0.0.1 GET /uploads/20181123/9f9ac92b726dbeca2b66921c30ef388f.jpg
[ info ] h_two.cn/uploads/20181123/9f9ac92b726dbeca2b66921c30ef388f.jpg [运行时间：0.047002s][吞吐率：21.28req/s] [内存消耗：2,188.53kb] [文件加载：49]
[ info ] [ LANG ] D:\wamp\www\h_two\thinkphp\lang\zh-cn.php
[ info ] [ BIND ] 'admin'
[ info ] [ ROUTE ] array (
  'type' => 'module',
  'module' => 
  array (
    0 => 'admin',
    1 => 'uploads',
    2 => '20181123',
  ),
)
[ info ] [ HEADER ] array (
  'host' => 'h_two.cn',
  'connection' => 'keep-alive',
  'user-agent' => 'Mozilla/5.0 (Windows NT 6.1; WOW64) AppleWebKit/537.36 (KHTML, like Gecko) Chrome/73.0.3683.86 Safari/537.36',
  'accept' => 'image/webp,image/apng,image/*,*/*;q=0.8',
  'referer' => 'http://h_two.cn/index/login?url=/',
  'accept-encoding' => 'gzip, deflate',
  'accept-language' => 'zh-CN,zh;q=0.9,en;q=0.8',
  'cookie' => 'use_simple_menu=1; PHPSESSID=occ5c24f00149tit50qkphmr86',
)
[ info ] [ PARAM ] array (
)
[ info ] [ LANG ] D:\wamp\www\h_two\public/../application/admin\lang\zh-cn.php
[ info ] [ BEHAVIOR ] Run app\common\behavior\Common @module_init [ RunTime:0.001000s ]
[ info ] [ LOG ] INIT File
---------------------------------------------------------------
[ 2019-08-15T09:03:41+08:00 ] 127.0.0.1 127.0.0.1 POST /index/login?url=/
[ info ] h_two.cn/index/login?url=/ [运行时间：0.221012s][吞吐率：4.52req/s] [内存消耗：4,185.59kb] [文件加载：78]
[ info ] [ LANG ] D:\wamp\www\h_two\thinkphp\lang\zh-cn.php
[ info ] [ BIND ] 'admin'
[ info ] [ ROUTE ] array (
  'type' => 'module',
  'module' => 
  array (
    0 => 'admin',
    1 => 'index',
    2 => 'login',
  ),
)
[ info ] [ HEADER ] array (
  'host' => 'h_two.cn',
  'connection' => 'keep-alive',
  'content-length' => '73',
  'accept' => 'application/json, text/javascript, */*; q=0.01',
  'origin' => 'http://h_two.cn',
  'x-requested-with' => 'XMLHttpRequest',
  'user-agent' => 'Mozilla/5.0 (Windows NT 6.1; WOW64) AppleWebKit/537.36 (KHTML, like Gecko) Chrome/73.0.3683.86 Safari/537.36',
  'content-type' => 'application/x-www-form-urlencoded; charset=UTF-8',
  'referer' => 'http://h_two.cn/index/login?url=/',
  'accept-encoding' => 'gzip, deflate',
  'accept-language' => 'zh-CN,zh;q=0.9,en;q=0.8',
  'cookie' => 'use_simple_menu=1; PHPSESSID=occ5c24f00149tit50qkphmr86',
)
[ info ] [ PARAM ] array (
  'url' => '/',
  '__token__' => 'e2b4ed70e4f6d6ffdcbb3533ebd3c02f',
  'username' => 'admin',
  'password' => '123456',
)
[ info ] [ LANG ] D:\wamp\www\h_two\public/../application/admin\lang\zh-cn.php
[ info ] [ BEHAVIOR ] Run app\common\behavior\Common @module_init [ RunTime:0.001000s ]
[ info ] [ SESSION ] INIT array (
  'id' => '',
  'var_session_id' => '',
  'prefix' => 'think',
  'type' => '',
  'auto_start' => true,
  'expire' => 5400,
  'use_cookies' => true,
)
[ info ] [ LANG ] D:\wamp\www\h_two\public/../application/admin/lang/zh-cn/index.php
[ info ] [ RUN ] app\admin\controller\Index->login[ D:\wamp\www\h_two\application\admin\controller\Index.php ]
[ info ] [ DB ] INIT mysql
[ info ] [ CACHE ] INIT File
[ info ] [ BEHAVIOR ] Run app\admin\behavior\AdminLog @app_end [ RunTime:0.045002s ]
[ info ] [ LOG ] INIT File
[ sql ] [ DB ] CONNECT:[ UseTime:0.003000s ] mysql:dbname=his_beta;host=192.168.0.220;charset=utf8
[ sql ] [ SQL ] SHOW COLUMNS FROM `yjy_admin` [ RunTime:0.004000s ]
[ sql ] [ SQL ] SELECT * FROM `yjy_admin` WHERE  `username` = 'admin' LIMIT 1 [ RunTime:0.002001s ]
[ sql ] [ SQL ] UPDATE `yjy_admin`  SET `logintime`=1565831021,`token`='3328140b-78c4-4a3a-8e29-1b7ab2c566f8',`updatetime`=1565831021  WHERE  `id` = 1 [ RunTime:0.044003s ]
[ sql ] [ SQL ] SHOW COLUMNS FROM `yjy_admin_log` [ RunTime:0.003000s ]
[ sql ] [ SQL ] INSERT INTO `yjy_admin_log` (`title` , `content` , `url` , `admin_id` , `username` , `useragent` , `ip` , `createtime`) VALUES ('登录' , '{\"url\":\"\\/\",\"__token__\":\"e2b4ed70e4f6d6ffdcbb3533ebd3c02f\",\"username\":\"admin\"}' , '/index/login?url=/' , 1 , 'admin' , 'Mozilla/5.0 (Windows NT 6.1; WOW64) AppleWebKit/537.36 (KHTML, like Gecko) Chrome/73.0.3683.86 Safari/537.36' , '127.0.0.1' , 1565831021) [ RunTime:0.038002s ]
---------------------------------------------------------------
[ 2019-08-15T09:03:42+08:00 ] 127.0.0.1 127.0.0.1 GET /
[ info ] h_two.cn/ [运行时间：0.721042s][吞吐率：1.39req/s] [内存消耗：6,126.90kb] [文件加载：81]
[ info ] [ LANG ] D:\wamp\www\h_two\thinkphp\lang\zh-cn.php
[ info ] [ BIND ] 'admin'
[ info ] [ ROUTE ] array (
  'type' => 'module',
  'module' => 
  array (
    0 => 'admin',
    1 => NULL,
    2 => NULL,
  ),
)
[ info ] [ HEADER ] array (
  'host' => 'h_two.cn',
  'connection' => 'keep-alive',
  'upgrade-insecure-requests' => '1',
  'user-agent' => 'Mozilla/5.0 (Windows NT 6.1; WOW64) AppleWebKit/537.36 (KHTML, like Gecko) Chrome/73.0.3683.86 Safari/537.36',
  'accept' => 'text/html,application/xhtml+xml,application/xml;q=0.9,image/webp,image/apng,*/*;q=0.8,application/signed-exchange;v=b3',
  'referer' => 'http://h_two.cn/index/login?url=/',
  'accept-encoding' => 'gzip, deflate',
  'accept-language' => 'zh-CN,zh;q=0.9,en;q=0.8',
  'cookie' => 'use_simple_menu=1; PHPSESSID=occ5c24f00149tit50qkphmr86',
)
[ info ] [ PARAM ] array (
)
[ info ] [ LANG ] D:\wamp\www\h_two\public/../application/admin\lang\zh-cn.php
[ info ] [ BEHAVIOR ] Run app\common\behavior\Common @module_init [ RunTime:0.000000s ]
[ info ] [ SESSION ] INIT array (
  'id' => '',
  'var_session_id' => '',
  'prefix' => 'think',
  'type' => '',
  'auto_start' => true,
  'expire' => 5400,
  'use_cookies' => true,
)
[ info ] [ CACHE ] INIT File
[ info ] [ LANG ] D:\wamp\www\h_two\public/../application/admin/lang/zh-cn/index.php
[ info ] [ RUN ] app\admin\controller\Index->index[ D:\wamp\www\h_two\application\admin\controller\Index.php ]
[ info ] [ DB ] INIT mysql
[ info ] [ VIEW ] D:\wamp\www\h_two\public/../application/admin\view\index\index.html [ array (
  0 => 'breadcrumb',
  1 => 'site',
  2 => 'config',
  3 => 'auth',
  4 => 'admin',
  5 => 'menulist',
  6 => 'title',
  7 => 'isJustLogin',
) ]
[ info ] [ BEHAVIOR ] Run app\admin\behavior\AdminLog @app_end [ RunTime:0.000000s ]
[ info ] [ LOG ] INIT File
[ sql ] [ DB ] CONNECT:[ UseTime:0.002001s ] mysql:dbname=his_beta;host=192.168.0.220;charset=utf8
[ sql ] [ SQL ] SHOW COLUMNS FROM `yjy_auth_group_access` [ RunTime:0.003000s ]
[ sql ] [ SQL ] SELECT `AuthGroupAccess`.`uid`,`AuthGroupAccess`.`group_id`,`AuthGroup`.`id`,`AuthGroup`.`pid`,`AuthGroup`.`name`,`AuthGroup`.`rules` FROM `yjy_auth_group_access` `AuthGroupAccess` LEFT JOIN `yjy_auth_group` `AuthGroup` ON `AuthGroupAccess`.`group_id`=`AuthGroup`.`id` WHERE  (  AuthGroupAccess.uid='1' and AuthGroup.status='normal' ) [ RunTime:0.002000s ]
[ sql ] [ SQL ] SHOW COLUMNS FROM `yjy_auth_rule` [ RunTime:0.003000s ]
[ sql ] [ SQL ] SELECT `id`,`pid`,`condition`,`icon`,`name`,`title`,`ismenu` FROM `yjy_auth_rule` WHERE  `status` = 'normal' [ RunTime:0.007000s ]
---------------------------------------------------------------
[ 2019-08-15T09:03:42+08:00 ] 127.0.0.1 127.0.0.1 GET /uploads/20181123/9f9ac92b726dbeca2b66921c30ef388f.jpg
[ info ] h_two.cn/uploads/20181123/9f9ac92b726dbeca2b66921c30ef388f.jpg [运行时间：0.043003s][吞吐率：23.25req/s] [内存消耗：2,188.55kb] [文件加载：49]
[ info ] [ LANG ] D:\wamp\www\h_two\thinkphp\lang\zh-cn.php
[ info ] [ BIND ] 'admin'
[ info ] [ ROUTE ] array (
  'type' => 'module',
  'module' => 
  array (
    0 => 'admin',
    1 => 'uploads',
    2 => '20181123',
  ),
)
[ info ] [ HEADER ] array (
  'host' => 'h_two.cn',
  'connection' => 'keep-alive',
  'user-agent' => 'Mozilla/5.0 (Windows NT 6.1; WOW64) AppleWebKit/537.36 (KHTML, like Gecko) Chrome/73.0.3683.86 Safari/537.36',
  'accept' => 'image/webp,image/apng,image/*,*/*;q=0.8',
  'referer' => 'http://h_two.cn/',
  'accept-encoding' => 'gzip, deflate',
  'accept-language' => 'zh-CN,zh;q=0.9,en;q=0.8',
  'cookie' => 'use_simple_menu=1; PHPSESSID=occ5c24f00149tit50qkphmr86',
)
[ info ] [ PARAM ] array (
)
[ info ] [ LANG ] D:\wamp\www\h_two\public/../application/admin\lang\zh-cn.php
[ info ] [ BEHAVIOR ] Run app\common\behavior\Common @module_init [ RunTime:0.001000s ]
[ info ] [ LOG ] INIT File
---------------------------------------------------------------
[ 2019-08-15T09:03:42+08:00 ] 127.0.0.1 127.0.0.1 GET /ajax/lang?callback=define&controllername=index&v=1565831021
[ info ] h_two.cn/ajax/lang?callback=define&controllername=index&v=1565831021 [运行时间：0.070004s][吞吐率：14.28req/s] [内存消耗：3,845.98kb] [文件加载：70]
[ info ] [ LANG ] D:\wamp\www\h_two\thinkphp\lang\zh-cn.php
[ info ] [ BIND ] 'admin'
[ info ] [ ROUTE ] array (
  'type' => 'module',
  'module' => 
  array (
    0 => 'admin',
    1 => 'ajax',
    2 => 'lang',
  ),
)
[ info ] [ HEADER ] array (
  'host' => 'h_two.cn',
  'connection' => 'keep-alive',
  'user-agent' => 'Mozilla/5.0 (Windows NT 6.1; WOW64) AppleWebKit/537.36 (KHTML, like Gecko) Chrome/73.0.3683.86 Safari/537.36',
  'accept' => '*/*',
  'referer' => 'http://h_two.cn/',
  'accept-encoding' => 'gzip, deflate',
  'accept-language' => 'zh-CN,zh;q=0.9,en;q=0.8',
  'cookie' => 'use_simple_menu=1; PHPSESSID=occ5c24f00149tit50qkphmr86',
)
[ info ] [ PARAM ] array (
  'callback' => 'define',
  'controllername' => 'index',
  'v' => '1565831021',
)
[ info ] [ LANG ] D:\wamp\www\h_two\public/../application/admin\lang\zh-cn.php
[ info ] [ BEHAVIOR ] Run app\common\behavior\Common @module_init [ RunTime:0.001000s ]
[ info ] [ SESSION ] INIT array (
  'id' => '',
  'var_session_id' => '',
  'prefix' => 'think',
  'type' => '',
  'auto_start' => true,
  'expire' => 5400,
  'use_cookies' => true,
)
[ info ] [ CACHE ] INIT File
[ info ] [ RUN ] app\admin\controller\Ajax->lang[ D:\wamp\www\h_two\application\admin\controller\Ajax.php ]
[ info ] [ LANG ] D:\wamp\www\h_two\public/../application/admin/lang/zh-cn/index.php
[ info ] [ BEHAVIOR ] Run app\admin\behavior\AdminLog @app_end [ RunTime:0.001000s ]
[ info ] [ LOG ] INIT File
---------------------------------------------------------------
[ 2019-08-15T09:03:42+08:00 ] 127.0.0.1 127.0.0.1 GET /general/notice/index?dialog=1
[ info ] h_two.cn/general/notice/index?dialog=1 [运行时间：0.133007s][吞吐率：7.52req/s] [内存消耗：4,574.86kb] [文件加载：77]
[ info ] [ LANG ] D:\wamp\www\h_two\thinkphp\lang\zh-cn.php
[ info ] [ BIND ] 'admin'
[ info ] [ ROUTE ] array (
  'type' => 'module',
  'module' => 
  array (
    0 => 'admin',
    1 => 'general.notice',
    2 => 'index',
  ),
)
[ info ] [ HEADER ] array (
  'host' => 'h_two.cn',
  'connection' => 'keep-alive',
  'upgrade-insecure-requests' => '1',
  'user-agent' => 'Mozilla/5.0 (Windows NT 6.1; WOW64) AppleWebKit/537.36 (KHTML, like Gecko) Chrome/73.0.3683.86 Safari/537.36',
  'accept' => 'text/html,application/xhtml+xml,application/xml;q=0.9,image/webp,image/apng,*/*;q=0.8,application/signed-exchange;v=b3',
  'referer' => 'http://h_two.cn/',
  'accept-encoding' => 'gzip, deflate',
  'accept-language' => 'zh-CN,zh;q=0.9,en;q=0.8',
  'cookie' => 'use_simple_menu=1; PHPSESSID=occ5c24f00149tit50qkphmr86',
)
[ info ] [ PARAM ] array (
  'dialog' => '1',
)
[ info ] [ LANG ] D:\wamp\www\h_two\public/../application/admin\lang\zh-cn.php
[ info ] [ BEHAVIOR ] Run app\common\behavior\Common @module_init [ RunTime:0.001000s ]
[ info ] [ SESSION ] INIT array (
  'id' => '',
  'var_session_id' => '',
  'prefix' => 'think',
  'type' => '',
  'auto_start' => true,
  'expire' => 5400,
  'use_cookies' => true,
)
[ info ] [ CACHE ] INIT File
[ info ] [ LANG ] D:\wamp\www\h_two\public/../application/admin/lang/zh-cn/general/notice.php
[ info ] [ RUN ] app\admin\controller\general\Notice->index[ D:\wamp\www\h_two\application\admin\controller\general\Notice.php ]
[ info ] [ VIEW ] D:\wamp\www\h_two\public/../application/admin\view\general\notice\index.html [ array (
  0 => 'breadcrumb',
  1 => 'site',
  2 => 'config',
  3 => 'auth',
  4 => 'admin',
) ]
[ info ] [ DB ] INIT mysql
[ info ] [ BEHAVIOR ] Run app\admin\behavior\AdminLog @app_end [ RunTime:0.000000s ]
[ info ] [ LOG ] INIT File
[ sql ] [ DB ] CONNECT:[ UseTime:0.001000s ] mysql:dbname=his_beta;host=192.168.0.220;charset=utf8
[ sql ] [ SQL ] SHOW COLUMNS FROM `yjy_auth_rule` [ RunTime:0.003000s ]
[ sql ] [ SQL ] SELECT `title`,`remark` FROM `yjy_auth_rule` WHERE  `name` = '/general/notice/index' LIMIT 1 [ RunTime:0.001000s ]
---------------------------------------------------------------
[ 2019-08-15T09:03:43+08:00 ] 127.0.0.1 127.0.0.1 GET /dashboard?addtabs=1
[ info ] h_two.cn/dashboard?addtabs=1 [运行时间：0.428025s][吞吐率：2.34req/s] [内存消耗：6,314.65kb] [文件加载：87]
[ info ] [ LANG ] D:\wamp\www\h_two\thinkphp\lang\zh-cn.php
[ info ] [ BIND ] 'admin'
[ info ] [ ROUTE ] array (
  'type' => 'module',
  'module' => 
  array (
    0 => 'admin',
    1 => 'dashboard',
    2 => NULL,
  ),
)
[ info ] [ HEADER ] array (
  'host' => 'h_two.cn',
  'connection' => 'keep-alive',
  'upgrade-insecure-requests' => '1',
  'user-agent' => 'Mozilla/5.0 (Windows NT 6.1; WOW64) AppleWebKit/537.36 (KHTML, like Gecko) Chrome/73.0.3683.86 Safari/537.36',
  'accept' => 'text/html,application/xhtml+xml,application/xml;q=0.9,image/webp,image/apng,*/*;q=0.8,application/signed-exchange;v=b3',
  'referer' => 'http://h_two.cn/dashboard?ref=addtabs',
  'accept-encoding' => 'gzip, deflate',
  'accept-language' => 'zh-CN,zh;q=0.9,en;q=0.8',
  'cookie' => 'use_simple_menu=1; PHPSESSID=occ5c24f00149tit50qkphmr86',
)
[ info ] [ PARAM ] array (
  'addtabs' => '1',
)
[ info ] [ LANG ] D:\wamp\www\h_two\public/../application/admin\lang\zh-cn.php
[ info ] [ BEHAVIOR ] Run app\common\behavior\Common @module_init [ RunTime:0.001000s ]
[ info ] [ SESSION ] INIT array (
  'id' => '',
  'var_session_id' => '',
  'prefix' => 'think',
  'type' => '',
  'auto_start' => true,
  'expire' => 5400,
  'use_cookies' => true,
)
[ info ] [ DB ] INIT mysql
[ info ] [ CACHE ] INIT File
[ info ] [ LANG ] D:\wamp\www\h_two\public/../application/admin/lang/zh-cn/dashboard.php
[ info ] [ RUN ] app\admin\controller\Dashboard->index[ D:\wamp\www\h_two\application\admin\controller\Dashboard.php ]
[ info ] [ VIEW ] D:\wamp\www\h_two\public/../application/admin\view\dashboard\index.html [ array (
  0 => 'breadcrumb',
  1 => 'site',
  2 => 'config',
  3 => 'auth',
  4 => 'admin',
  5 => 'totaluser',
  6 => 'totalviews',
  7 => 'totalorder',
  8 => 'totalorderamount',
  9 => 'todayuserlogin',
  10 => 'todayusersignup',
  11 => 'todayorder',
  12 => 'todayunsettleorder',
  13 => 'sevendnu',
  14 => 'sevendau',
  15 => 'paylist',
  16 => 'createlist',
  17 => 'msgTypeList',
  18 => 'today_pay_total',
  19 => 'today_deduct_amount',
  20 => 'today_order_total',
  21 => 'today_ctm_depositamt',
  22 => 'today_total',
  23 => 'today_deposit_total',
  24 => 'today_change_total',
  25 => 'today_coc',
  26 => 'today_cst',
  27 => 'today_rvinfoAll',
  28 => 'today_rvinfo',
  29 => 'today_rvinfoNo',
  30 => 'data',
  31 => 'expiredNum',
  32 => 'counts',
  33 => 'pay_total',
  34 => 'deduct_amount',
  35 => 'order_total',
  36 => 'ctm_depositamt',
  37 => 'total',
  38 => 'deposit_total',
  39 => 'change_total',
  40 => 'coc',
  41 => 'cst',
  42 => 'rvinfoAll',
  43 => 'rvinfo',
  44 => 'rvinfoNo',
) ]
[ info ] [ BEHAVIOR ] Run app\admin\behavior\AdminLog @app_end [ RunTime:0.000000s ]
[ info ] [ LOG ] INIT File
[ sql ] [ DB ] CONNECT:[ UseTime:0.002000s ] mysql:dbname=his_beta;host=192.168.0.220;charset=utf8
[ sql ] [ SQL ] SHOW COLUMNS FROM `yjy_auth_group_access` [ RunTime:0.003000s ]
[ sql ] [ SQL ] SELECT `AuthGroupAccess`.`uid`,`AuthGroupAccess`.`group_id`,`AuthGroup`.`id`,`AuthGroup`.`pid`,`AuthGroup`.`name`,`AuthGroup`.`rules` FROM `yjy_auth_group_access` `AuthGroupAccess` LEFT JOIN `yjy_auth_group` `AuthGroup` ON `AuthGroupAccess`.`group_id`=`AuthGroup`.`id` WHERE  (  AuthGroupAccess.uid='1' and AuthGroup.status='normal' ) [ RunTime:0.003000s ]
[ sql ] [ SQL ] SHOW COLUMNS FROM `yjy_auth_rule` [ RunTime:0.004001s ]
[ sql ] [ SQL ] SELECT `id`,`pid`,`condition`,`icon`,`name`,`title`,`ismenu` FROM `yjy_auth_rule` WHERE  `status` = 'normal' [ RunTime:0.007000s ]
[ sql ] [ SQL ] SHOW COLUMNS FROM `yjy_order_items` [ RunTime:0.004000s ]
[ sql ] [ SQL ] SELECT count(*) as count,COUNT(distinct order_items.customer_id) as uniq_customer_count,sum(case when item_status='-2' then 0 else item_total end) as item_total,sum(item_pay_total) as item_pay_total,sum(case when item_status='-2' then 0 else item_coupon_total end) as item_coupon_total,sum(item_original_total) as item_original_total,sum(item_original_pay_total) as item_original_pay_total,sum(case when item_status='-2' then 0 else item_total_times end) as total_times,sum(case when item_status='-2' then 0 else item_used_times end) as used_total_times,sum(item_undeducted_total) as undeducted_total FROM `yjy_order_items` `order_items` LEFT JOIN `yjy_customer_osconsult` `osc` ON `order_items`.`osconsult_id`=`osc`.`osc_id` LEFT JOIN `yjy_c_project` `c_project` ON `osc`.`cpdt_id`=`c_project`.`id` LEFT JOIN `yjy_customer` `customer` ON `order_items`.`customer_id`=`customer`.`ctm_id` LEFT JOIN `yjy_ctmsource` `sce` ON `customer`.`ctm_source`=`sce`.`sce_id` LEFT JOIN `yjy_ctmchannels` `channels` ON `customer`.`ctm_explore`=`channels`.`chn_id` LEFT JOIN `yjy_project` `project` ON `order_items`.`pro_id`=`project`.`pro_id` WHERE  `order_items`.`item_status` IN (-2,1,2)  AND `order_items`.`item_paytime` BETWEEN 1565798400 AND 1565884799 LIMIT 1 [ RunTime:0.008001s ]
[ sql ] [ SQL ] SHOW COLUMNS FROM `yjy_deduct_records` [ RunTime:0.004000s ]
[ sql ] [ SQL ] SELECT SUM(deduct_amount ) AS deduct_amount FROM `yjy_deduct_records` WHERE  `createtime` BETWEEN 1565798400 AND 1565884799 [ RunTime:0.002000s ]
[ sql ] [ SQL ] SELECT count(*) as count,COUNT(distinct order_items.customer_id) as uniq_customer_count,sum(case when item_status='-2' then 0 else item_total end) as item_total,sum(item_pay_total) as item_pay_total,sum(case when item_status='-2' then 0 else item_coupon_total end) as item_coupon_total,sum(item_original_total) as item_original_total,sum(item_original_pay_total) as item_original_pay_total,sum(case when item_status='-2' then 0 else item_total_times end) as total_times,sum(case when item_status='-2' then 0 else item_used_times end) as used_total_times,sum(item_undeducted_total) as undeducted_total FROM `yjy_order_items` `order_items` LEFT JOIN `yjy_customer_osconsult` `osc` ON `order_items`.`osconsult_id`=`osc`.`osc_id` LEFT JOIN `yjy_c_project` `c_project` ON `osc`.`cpdt_id`=`c_project`.`id` LEFT JOIN `yjy_customer` `customer` ON `order_items`.`customer_id`=`customer`.`ctm_id` LEFT JOIN `yjy_ctmsource` `sce` ON `customer`.`ctm_source`=`sce`.`sce_id` LEFT JOIN `yjy_ctmchannels` `channels` ON `customer`.`ctm_explore`=`channels`.`chn_id` LEFT JOIN `yjy_project` `project` ON `order_items`.`pro_id`=`project`.`pro_id` WHERE  `order_items`.`item_status` IN (-2,1,2)  AND `order_items`.`item_paytime` BETWEEN 1565798400 AND 1565884799 LIMIT 1 [ RunTime:0.003001s ]
[ sql ] [ SQL ] SHOW COLUMNS FROM `yjy_account_log` [ RunTime:0.003000s ]
[ sql ] [ SQL ] SELECT SUM(deposit_amt ) AS deposit_amt FROM `yjy_account_log` WHERE  `change_time` BETWEEN 1565798400 AND 1565884799 [ RunTime:0.012001s ]
[ sql ] [ SQL ] SELECT SUM(deposit_amt ) AS deposit_amt FROM `yjy_account_log` WHERE  `change_time` BETWEEN 1565798400 AND 1565884799  AND `deposit_amt` > 0 [ RunTime:0.011000s ]
[ sql ] [ SQL ] SELECT SUM(deposit_amt ) AS deposit_amt FROM `yjy_account_log` WHERE  `change_time` BETWEEN 1565798400 AND 1565884799  AND `deposit_amt` < 0 [ RunTime:0.012000s ]
[ sql ] [ SQL ] SHOW COLUMNS FROM `yjy_customer_osconsult` [ RunTime:0.004000s ]
[ sql ] [ SQL ] SELECT count(osc_id) AS osc_id FROM `yjy_customer_osconsult` WHERE  `createtime` BETWEEN 1565798400 AND 1565884799 [ RunTime:0.002000s ]
[ sql ] [ SQL ] SHOW COLUMNS FROM `yjy_customer_consult` [ RunTime:0.003000s ]
[ sql ] [ SQL ] SELECT count(cst_id) AS cst_id FROM `yjy_customer_consult` WHERE  `createtime` BETWEEN 1565798400 AND 1565884799 [ RunTime:0.002000s ]
[ sql ] [ SQL ] SHOW COLUMNS FROM `yjy_rvinfo` [ RunTime:0.003000s ]
[ sql ] [ SQL ] SELECT count(rvi_id) AS rvi_id FROM `yjy_rvinfo` WHERE  `rv_date` BETWEEN '2019-08-15' AND '2019-08-15' [ RunTime:0.002001s ]
[ sql ] [ SQL ] SELECT count(rvi_id) AS rvi_id FROM `yjy_rvinfo` WHERE  `rv_time` BETWEEN 1565798400 AND 1565884799 [ RunTime:0.002000s ]
[ sql ] [ SQL ] SELECT count(*) as count,COUNT(distinct order_items.customer_id) as uniq_customer_count,sum(case when item_status='-2' then 0 else item_total end) as item_total,sum(item_pay_total) as item_pay_total,sum(case when item_status='-2' then 0 else item_coupon_total end) as item_coupon_total,sum(item_original_total) as item_original_total,sum(item_original_pay_total) as item_original_pay_total,sum(case when item_status='-2' then 0 else item_total_times end) as total_times,sum(case when item_status='-2' then 0 else item_used_times end) as used_total_times,sum(item_undeducted_total) as undeducted_total FROM `yjy_order_items` `order_items` LEFT JOIN `yjy_customer_osconsult` `osc` ON `order_items`.`osconsult_id`=`osc`.`osc_id` LEFT JOIN `yjy_c_project` `c_project` ON `osc`.`cpdt_id`=`c_project`.`id` LEFT JOIN `yjy_customer` `customer` ON `order_items`.`customer_id`=`customer`.`ctm_id` LEFT JOIN `yjy_ctmsource` `sce` ON `customer`.`ctm_source`=`sce`.`sce_id` LEFT JOIN `yjy_ctmchannels` `channels` ON `customer`.`ctm_explore`=`channels`.`chn_id` LEFT JOIN `yjy_project` `project` ON `order_items`.`pro_id`=`project`.`pro_id` WHERE  `order_items`.`item_status` IN (-2,1,2)  AND `order_items`.`item_paytime` BETWEEN 1564588800 AND 1567180800 LIMIT 1 [ RunTime:0.003000s ]
[ sql ] [ SQL ] SELECT SUM(deduct_amount ) AS deduct_amount FROM `yjy_deduct_records` WHERE  `createtime` BETWEEN 1564588800 AND 1567180800 [ RunTime:0.002000s ]
[ sql ] [ SQL ] SELECT count(*) as count,COUNT(distinct order_items.customer_id) as uniq_customer_count,sum(case when item_status='-2' then 0 else item_total end) as item_total,sum(item_pay_total) as item_pay_total,sum(case when item_status='-2' then 0 else item_coupon_total end) as item_coupon_total,sum(item_original_total) as item_original_total,sum(item_original_pay_total) as item_original_pay_total,sum(case when item_status='-2' then 0 else item_total_times end) as total_times,sum(case when item_status='-2' then 0 else item_used_times end) as used_total_times,sum(item_undeducted_total) as undeducted_total FROM `yjy_order_items` `order_items` LEFT JOIN `yjy_customer_osconsult` `osc` ON `order_items`.`osconsult_id`=`osc`.`osc_id` LEFT JOIN `yjy_c_project` `c_project` ON `osc`.`cpdt_id`=`c_project`.`id` LEFT JOIN `yjy_customer` `customer` ON `order_items`.`customer_id`=`customer`.`ctm_id` LEFT JOIN `yjy_ctmsource` `sce` ON `customer`.`ctm_source`=`sce`.`sce_id` LEFT JOIN `yjy_ctmchannels` `channels` ON `customer`.`ctm_explore`=`channels`.`chn_id` LEFT JOIN `yjy_project` `project` ON `order_items`.`pro_id`=`project`.`pro_id` WHERE  `order_items`.`item_status` IN (-2,1,2)  AND `order_items`.`item_paytime` BETWEEN 1564588800 AND 1567180800 LIMIT 1 [ RunTime:0.002000s ]
[ sql ] [ SQL ] SELECT SUM(deposit_amt ) AS deposit_amt FROM `yjy_account_log` WHERE  `change_time` BETWEEN 1564588800 AND 1567180800 [ RunTime:0.017001s ]
[ sql ] [ SQL ] SELECT SUM(deposit_amt ) AS deposit_amt FROM `yjy_account_log` WHERE  `change_time` BETWEEN 1564588800 AND 1567180800  AND `deposit_amt` > 0 [ RunTime:0.011001s ]
[ sql ] [ SQL ] SELECT SUM(deposit_amt ) AS deposit_amt FROM `yjy_account_log` WHERE  `change_time` BETWEEN 1564588800 AND 1567180800  AND `deposit_amt` < 0 [ RunTime:0.012001s ]
[ sql ] [ SQL ] SELECT count(osc_id) AS osc_id FROM `yjy_customer_osconsult` WHERE  `createtime` BETWEEN 1564588800 AND 1567180800 [ RunTime:0.001000s ]
[ sql ] [ SQL ] SELECT count(cst_id) AS cst_id FROM `yjy_customer_consult` WHERE  `createtime` BETWEEN 1564588800 AND 1567180800 [ RunTime:0.002000s ]
[ sql ] [ SQL ] SELECT count(rvi_id) AS rvi_id FROM `yjy_rvinfo` WHERE  `rv_date` BETWEEN '2019-08-01' AND '2019-08-31' [ RunTime:0.002000s ]
[ sql ] [ SQL ] SELECT count(rvi_id) AS rvi_id FROM `yjy_rvinfo` WHERE  `rv_time` BETWEEN 1564588800 AND 1567180800 [ RunTime:0.002000s ]
[ sql ] [ SQL ] SHOW COLUMNS FROM `yjy_project` [ RunTime:0.004001s ]
[ sql ] [ SQL ] SELECT `p`.`pro_id`,`p`.`pro_name`,`p`.`pro_code`,`p`.`pro_spec`,`p`.`depot_id`,d.name as dname,u.name as uname,`lot`.`lot_id`,`lot`.`lotnum`,`lot`.`lstock`,`lot`.`lstime`,`lot`.`letime`,`lot`.`lproducer`,`sup`.`sup_name` FROM `yjy_project` `p` LEFT JOIN `yjy_depot` `d` ON `p`.`depot_id`=`d`.`id` LEFT JOIN `yjy_unit` `u` ON `p`.`pro_unit`=`u`.`id` LEFT JOIN `yjy_wm_lotnum` `lot` ON `p`.`pro_id`=`lot`.`lpro_id` LEFT JOIN `yjy_wm_manlist` `ml` ON `lot`.`lot_id`=`ml`.`lotid` LEFT JOIN `yjy_wm_manifest` `mf` ON `ml`.`manid`=`mf`.`man_id` LEFT JOIN `yjy_wm_supplier` `sup` ON `mf`.`msupplier_id`=`sup`.`sup_id` WHERE  `mf`.`mprimary_type` IN ('1','2') AND `lot`.`lstock` > '0'  AND `lot`.`letime` < 1581728623  AND `p`.`pro_type` = 1 ORDER BY `lot`.`lot_id`  ASC [ RunTime:0.007000s ]
---------------------------------------------------------------
[ 2019-08-15T09:03:43+08:00 ] 127.0.0.1 127.0.0.1 GET /customer/rvinfo/todayrevisitnotices
[ info ] h_two.cn/customer/rvinfo/todayrevisitnotices [运行时间：0.603034s][吞吐率：1.66req/s] [内存消耗：6,742.26kb] [文件加载：87]
[ info ] [ LANG ] D:\wamp\www\h_two\thinkphp\lang\zh-cn.php
[ info ] [ BIND ] 'admin'
[ info ] [ ROUTE ] array (
  'type' => 'module',
  'module' => 
  array (
    0 => 'admin',
    1 => 'customer.rvinfo',
    2 => 'todayrevisitnotices',
  ),
)
[ info ] [ HEADER ] array (
  'host' => 'h_two.cn',
  'connection' => 'keep-alive',
  'upgrade-insecure-requests' => '1',
  'user-agent' => 'Mozilla/5.0 (Windows NT 6.1; WOW64) AppleWebKit/537.36 (KHTML, like Gecko) Chrome/73.0.3683.86 Safari/537.36',
  'accept' => 'text/html,application/xhtml+xml,application/xml;q=0.9,image/webp,image/apng,*/*;q=0.8,application/signed-exchange;v=b3',
  'referer' => 'http://h_two.cn/general/notice/index?dialog=1',
  'accept-encoding' => 'gzip, deflate',
  'accept-language' => 'zh-CN,zh;q=0.9,en;q=0.8',
  'cookie' => 'use_simple_menu=1; PHPSESSID=occ5c24f00149tit50qkphmr86',
)
[ info ] [ PARAM ] array (
)
[ info ] [ LANG ] D:\wamp\www\h_two\public/../application/admin\lang\zh-cn.php
[ info ] [ BEHAVIOR ] Run app\common\behavior\Common @module_init [ RunTime:0.001000s ]
[ info ] [ SESSION ] INIT array (
  'id' => '',
  'var_session_id' => '',
  'prefix' => 'think',
  'type' => '',
  'auto_start' => true,
  'expire' => 5400,
  'use_cookies' => true,
)
[ info ] [ CACHE ] INIT File
[ info ] [ LANG ] D:\wamp\www\h_two\public/../application/admin/lang/zh-cn/customer/rvinfo.php
[ info ] [ DB ] INIT mysql
[ info ] [ RUN ] app\admin\controller\customer\Rvinfo->todayrevisitnotices[ D:\wamp\www\h_two\application\admin\controller\customer\Rvinfo.php ]
[ info ] [ VIEW ] D:\wamp\www\h_two\public/../application/admin\view\customer\rvinfo\todayrevisitnotices.html [ array (
  0 => 'breadcrumb',
  1 => 'site',
  2 => 'config',
  3 => 'auth',
  4 => 'admin',
  5 => 'rvStatusList',
  6 => 'deptList',
  7 => 'ArriveStatus',
  8 => 'typeList',
  9 => 'cpdtList',
  10 => 'fatList',
  11 => 'toolList',
  12 => 'startDate',
  13 => 'endDate',
  14 => 'briefAdminList',
  15 => 'ctmSrcList',
  16 => 'channelList',
) ]
[ info ] [ BEHAVIOR ] Run app\admin\behavior\AdminLog @app_end [ RunTime:0.001000s ]
[ info ] [ LOG ] INIT File
[ sql ] [ DB ] CONNECT:[ UseTime:0.002000s ] mysql:dbname=his_beta;host=192.168.0.220;charset=utf8
[ sql ] [ SQL ] SHOW COLUMNS FROM `yjy_rvtype` [ RunTime:0.003000s ]
[ sql ] [ SQL ] SELECT `rvt_id`,`rvt_name` FROM `yjy_rvtype` [ RunTime:0.001000s ]
[ sql ] [ SQL ] SHOW COLUMNS FROM `yjy_c_project` [ RunTime:0.003001s ]
[ sql ] [ SQL ] SELECT `id`,`cpdt_name` FROM `yjy_c_project` WHERE  `cpdt_status` = 1 ORDER BY `id`  ASC [ RunTime:0.002000s ]
[ sql ] [ SQL ] SHOW COLUMNS FROM `yjy_fat` [ RunTime:0.003000s ]
[ sql ] [ SQL ] SELECT `fat_id`,`fat_name` FROM `yjy_fat` [ RunTime:0.002000s ]
[ sql ] [ SQL ] SHOW COLUMNS FROM `yjy_ctmsource` [ RunTime:0.003001s ]
[ sql ] [ SQL ] SELECT `sce_id`,`sce_name` FROM `yjy_ctmsource` WHERE  `sce_status` = 1 ORDER BY `sce_sort`  desc [ RunTime:0.008000s ]
[ sql ] [ SQL ] SHOW COLUMNS FROM `yjy_ctmchannels` [ RunTime:0.004000s ]
[ sql ] [ SQL ] SELECT `chn_id`,`chn_name` FROM `yjy_ctmchannels` WHERE  `chn_status` = 1 ORDER BY `chn_sort`  desc [ RunTime:0.002000s ]
[ sql ] [ SQL ] SHOW COLUMNS FROM `yjy_auth_rule` [ RunTime:0.004000s ]
[ sql ] [ SQL ] SELECT `title`,`remark` FROM `yjy_auth_rule` WHERE  `name` = '/customer/rvinfo/todayrevisitnotices' LIMIT 1 [ RunTime:0.002000s ]
[ sql ] [ SQL ] SHOW COLUMNS FROM `yjy_auth_group_access` [ RunTime:0.003001s ]
[ sql ] [ SQL ] SELECT `AuthGroupAccess`.`uid`,`AuthGroupAccess`.`group_id`,`AuthGroup`.`id`,`AuthGroup`.`pid`,`AuthGroup`.`name`,`AuthGroup`.`rules` FROM `yjy_auth_group_access` `AuthGroupAccess` LEFT JOIN `yjy_auth_group` `AuthGroup` ON `AuthGroupAccess`.`group_id`=`AuthGroup`.`id` WHERE  (  AuthGroupAccess.uid='1' and AuthGroup.status='normal' ) [ RunTime:0.002000s ]
[ sql ] [ SQL ] SELECT `id`,`pid`,`condition`,`icon`,`name`,`title`,`ismenu` FROM `yjy_auth_rule` WHERE  `status` = 'normal' [ RunTime:0.010000s ]
---------------------------------------------------------------
[ 2019-08-15T09:03:44+08:00 ] 127.0.0.1 127.0.0.1 GET /customer/customer/listofbirth
[ info ] h_two.cn/customer/customer/listofbirth [运行时间：1.068061s][吞吐率：0.94req/s] [内存消耗：7,255.95kb] [文件加载：90]
[ info ] [ LANG ] D:\wamp\www\h_two\thinkphp\lang\zh-cn.php
[ info ] [ BIND ] 'admin'
[ info ] [ ROUTE ] array (
  'type' => 'module',
  'module' => 
  array (
    0 => 'admin',
    1 => 'customer.customer',
    2 => 'listofbirth',
  ),
)
[ info ] [ HEADER ] array (
  'host' => 'h_two.cn',
  'connection' => 'keep-alive',
  'upgrade-insecure-requests' => '1',
  'user-agent' => 'Mozilla/5.0 (Windows NT 6.1; WOW64) AppleWebKit/537.36 (KHTML, like Gecko) Chrome/73.0.3683.86 Safari/537.36',
  'accept' => 'text/html,application/xhtml+xml,application/xml;q=0.9,image/webp,image/apng,*/*;q=0.8,application/signed-exchange;v=b3',
  'referer' => 'http://h_two.cn/general/notice/index?dialog=1',
  'accept-encoding' => 'gzip, deflate',
  'accept-language' => 'zh-CN,zh;q=0.9,en;q=0.8',
  'cookie' => 'use_simple_menu=1; PHPSESSID=occ5c24f00149tit50qkphmr86',
)
[ info ] [ PARAM ] array (
)
[ info ] [ LANG ] D:\wamp\www\h_two\public/../application/admin\lang\zh-cn.php
[ info ] [ BEHAVIOR ] Run app\common\behavior\Common @module_init [ RunTime:0.001000s ]
[ info ] [ SESSION ] INIT array (
  'id' => '',
  'var_session_id' => '',
  'prefix' => 'think',
  'type' => '',
  'auto_start' => true,
  'expire' => 5400,
  'use_cookies' => true,
)
[ info ] [ CACHE ] INIT File
[ info ] [ LANG ] D:\wamp\www\h_two\public/../application/admin/lang/zh-cn/customer/customer.php
[ info ] [ DB ] INIT mysql
[ info ] [ RUN ] app\admin\controller\customer\Customer->listofbirth[ D:\wamp\www\h_two\application\admin\controller\customer\Customer.php ]
[ info ] [ VIEW ] D:\wamp\www\h_two\public/../application/admin\view\customer\customer\index.html [ array (
  0 => 'breadcrumb',
  1 => 'site',
  2 => 'config',
  3 => 'auth',
  4 => 'admin',
  5 => 'jobList',
  6 => 'ctmSrcList',
  7 => 'fatList',
  8 => 'channelList',
  9 => 'pdcList',
  10 => 'cpdtList',
  11 => 'oscTypeList',
  12 => 'adminList',
  13 => 'genderList',
  14 => 'briefAdminList',
  15 => 'ctmtypeList',
  16 => 'toolList',
  17 => 'ArriveStatus',
  18 => 'deptList',
) ]
[ info ] [ BEHAVIOR ] Run app\admin\behavior\AdminLog @app_end [ RunTime:0.001001s ]
[ info ] [ LOG ] INIT File
[ sql ] [ DB ] CONNECT:[ UseTime:0.002001s ] mysql:dbname=his_beta;host=192.168.0.220;charset=utf8
[ sql ] [ SQL ] SHOW COLUMNS FROM `yjy_ctmsource` [ RunTime:0.003000s ]
[ sql ] [ SQL ] SELECT `sce_id`,`sce_name` FROM `yjy_ctmsource` WHERE  `sce_status` = 1 ORDER BY `sce_sort`  desc [ RunTime:0.002000s ]
[ sql ] [ SQL ] SHOW COLUMNS FROM `yjy_fat` [ RunTime:0.004000s ]
[ sql ] [ SQL ] SELECT `fat_id`,`fat_name` FROM `yjy_fat` [ RunTime:0.001000s ]
[ sql ] [ SQL ] SHOW COLUMNS FROM `yjy_ctmchannels` [ RunTime:0.003000s ]
[ sql ] [ SQL ] SELECT `chn_id`,`chn_name` FROM `yjy_ctmchannels` WHERE  `chn_status` = 1 ORDER BY `chn_sort`  desc [ RunTime:0.002000s ]
[ sql ] [ SQL ] SHOW COLUMNS FROM `yjy_pducat` [ RunTime:0.003001s ]
[ sql ] [ SQL ] SELECT `pdc_id`,`pdc_name` FROM `yjy_pducat` WHERE  `pdc_status` = 1 ORDER BY `pdc_sort`  DESC,`pdc_id`  ASC [ RunTime:0.003000s ]
[ sql ] [ SQL ] SHOW COLUMNS FROM `yjy_c_project` [ RunTime:0.003000s ]
[ sql ] [ SQL ] SELECT `id`,`cpdt_name` FROM `yjy_c_project` WHERE  `cpdt_status` = 1 ORDER BY `id`  ASC [ RunTime:0.002000s ]
[ sql ] [ SQL ] SHOW COLUMNS FROM `yjy_customertype` [ RunTime:0.003001s ]
[ sql ] [ SQL ] SELECT `type_id`,`type_name` FROM `yjy_customertype` [ RunTime:0.002000s ]
[ sql ] [ SQL ] SELECT `sce_id`,`sce_name` FROM `yjy_ctmsource` WHERE  `sce_status` = 1 ORDER BY `sce_sort`  desc [ RunTime:0.001000s ]
[ sql ] [ SQL ] SELECT `fat_id`,`fat_name` FROM `yjy_fat` [ RunTime:0.001000s ]
[ sql ] [ SQL ] SELECT `chn_id`,`chn_name` FROM `yjy_ctmchannels` WHERE  `chn_status` = 1 ORDER BY `chn_sort`  desc [ RunTime:0.001000s ]
[ sql ] [ SQL ] SELECT `pdc_id`,`pdc_name` FROM `yjy_pducat` WHERE  `pdc_status` = 1 ORDER BY `pdc_sort`  DESC,`pdc_id`  ASC [ RunTime:0.052003s ]
[ sql ] [ SQL ] SELECT `id`,`cpdt_name` FROM `yjy_c_project` WHERE  `cpdt_status` = 1 ORDER BY `id`  ASC [ RunTime:0.002000s ]
[ sql ] [ SQL ] SHOW COLUMNS FROM `yjy_auth_rule` [ RunTime:0.003000s ]
[ sql ] [ SQL ] SELECT `title`,`remark` FROM `yjy_auth_rule` WHERE  `name` = '/customer/customer/listofbirth' LIMIT 1 [ RunTime:0.001001s ]
[ sql ] [ SQL ] SHOW COLUMNS FROM `yjy_auth_group_access` [ RunTime:0.003000s ]
[ sql ] [ SQL ] SELECT `AuthGroupAccess`.`uid`,`AuthGroupAccess`.`group_id`,`AuthGroup`.`id`,`AuthGroup`.`pid`,`AuthGroup`.`name`,`AuthGroup`.`rules` FROM `yjy_auth_group_access` `AuthGroupAccess` LEFT JOIN `yjy_auth_group` `AuthGroup` ON `AuthGroupAccess`.`group_id`=`AuthGroup`.`id` WHERE  (  AuthGroupAccess.uid='1' and AuthGroup.status='normal' ) [ RunTime:0.002000s ]
[ sql ] [ SQL ] SELECT `id`,`pid`,`condition`,`icon`,`name`,`title`,`ismenu` FROM `yjy_auth_rule` WHERE  `status` = 'normal' [ RunTime:0.007001s ]
---------------------------------------------------------------
[ 2019-08-15T09:03:44+08:00 ] 127.0.0.1 127.0.0.1 GET /ajax/lang?callback=define&controllername=general.notice&v=1565831022
[ info ] h_two.cn/ajax/lang?callback=define&controllername=general.notice&v=1565831022 [运行时间：0.926053s][吞吐率：1.08req/s] [内存消耗：3,841.84kb] [文件加载：70]
[ info ] [ LANG ] D:\wamp\www\h_two\thinkphp\lang\zh-cn.php
[ info ] [ BIND ] 'admin'
[ info ] [ ROUTE ] array (
  'type' => 'module',
  'module' => 
  array (
    0 => 'admin',
    1 => 'ajax',
    2 => 'lang',
  ),
)
[ info ] [ HEADER ] array (
  'host' => 'h_two.cn',
  'connection' => 'keep-alive',
  'user-agent' => 'Mozilla/5.0 (Windows NT 6.1; WOW64) AppleWebKit/537.36 (KHTML, like Gecko) Chrome/73.0.3683.86 Safari/537.36',
  'accept' => '*/*',
  'referer' => 'http://h_two.cn/general/notice/index?dialog=1',
  'accept-encoding' => 'gzip, deflate',
  'accept-language' => 'zh-CN,zh;q=0.9,en;q=0.8',
  'cookie' => 'use_simple_menu=1; PHPSESSID=occ5c24f00149tit50qkphmr86',
)
[ info ] [ PARAM ] array (
  'callback' => 'define',
  'controllername' => 'general.notice',
  'v' => '1565831022',
)
[ info ] [ LANG ] D:\wamp\www\h_two\public/../application/admin\lang\zh-cn.php
[ info ] [ BEHAVIOR ] Run app\common\behavior\Common @module_init [ RunTime:0.001001s ]
[ info ] [ SESSION ] INIT array (
  'id' => '',
  'var_session_id' => '',
  'prefix' => 'think',
  'type' => '',
  'auto_start' => true,
  'expire' => 5400,
  'use_cookies' => true,
)
[ info ] [ CACHE ] INIT File
[ info ] [ RUN ] app\admin\controller\Ajax->lang[ D:\wamp\www\h_two\application\admin\controller\Ajax.php ]
[ info ] [ LANG ] D:\wamp\www\h_two\public/../application/admin/lang/zh-cn/general/notice.php
[ info ] [ BEHAVIOR ] Run app\admin\behavior\AdminLog @app_end [ RunTime:0.001000s ]
[ info ] [ LOG ] INIT File
---------------------------------------------------------------
[ 2019-08-15T09:03:44+08:00 ] 127.0.0.1 127.0.0.1 GET /ajax/lang?callback=define&controllername=dashboard&v=1565831022
[ info ] h_two.cn/ajax/lang?callback=define&controllername=dashboard&v=1565831022 [运行时间：0.567033s][吞吐率：1.76req/s] [内存消耗：3,847.19kb] [文件加载：71]
[ info ] [ LANG ] D:\wamp\www\h_two\thinkphp\lang\zh-cn.php
[ info ] [ BIND ] 'admin'
[ info ] [ ROUTE ] array (
  'type' => 'module',
  'module' => 
  array (
    0 => 'admin',
    1 => 'ajax',
    2 => 'lang',
  ),
)
[ info ] [ HEADER ] array (
  'host' => 'h_two.cn',
  'connection' => 'keep-alive',
  'user-agent' => 'Mozilla/5.0 (Windows NT 6.1; WOW64) AppleWebKit/537.36 (KHTML, like Gecko) Chrome/73.0.3683.86 Safari/537.36',
  'accept' => '*/*',
  'referer' => 'http://h_two.cn/dashboard?addtabs=1',
  'accept-encoding' => 'gzip, deflate',
  'accept-language' => 'zh-CN,zh;q=0.9,en;q=0.8',
  'cookie' => 'use_simple_menu=1; PHPSESSID=occ5c24f00149tit50qkphmr86',
)
[ info ] [ PARAM ] array (
  'callback' => 'define',
  'controllername' => 'dashboard',
  'v' => '1565831022',
)
[ info ] [ LANG ] D:\wamp\www\h_two\public/../application/admin\lang\zh-cn.php
[ info ] [ BEHAVIOR ] Run app\common\behavior\Common @module_init [ RunTime:0.001000s ]
[ info ] [ SESSION ] INIT array (
  'id' => '',
  'var_session_id' => '',
  'prefix' => 'think',
  'type' => '',
  'auto_start' => true,
  'expire' => 5400,
  'use_cookies' => true,
)
[ info ] [ CACHE ] INIT File
[ info ] [ RUN ] app\admin\controller\Ajax->lang[ D:\wamp\www\h_two\application\admin\controller\Ajax.php ]
[ info ] [ LANG ] D:\wamp\www\h_two\public/../application/admin/lang/zh-cn/dashboard.php
[ info ] [ BEHAVIOR ] Run app\admin\behavior\AdminLog @app_end [ RunTime:0.000000s ]
[ info ] [ LOG ] INIT File
---------------------------------------------------------------
[ 2019-08-15T09:03:44+08:00 ] 127.0.0.1 127.0.0.1 GET /ajax/lang?callback=define&controllername=customer.rvinfo&v=1565831023
[ info ] h_two.cn/ajax/lang?callback=define&controllername=customer.rvinfo&v=1565831023 [运行时间：0.155009s][吞吐率：6.45req/s] [内存消耗：3,898.75kb] [文件加载：73]
[ info ] [ LANG ] D:\wamp\www\h_two\thinkphp\lang\zh-cn.php
[ info ] [ BIND ] 'admin'
[ info ] [ ROUTE ] array (
  'type' => 'module',
  'module' => 
  array (
    0 => 'admin',
    1 => 'ajax',
    2 => 'lang',
  ),
)
[ info ] [ HEADER ] array (
  'host' => 'h_two.cn',
  'connection' => 'keep-alive',
  'user-agent' => 'Mozilla/5.0 (Windows NT 6.1; WOW64) AppleWebKit/537.36 (KHTML, like Gecko) Chrome/73.0.3683.86 Safari/537.36',
  'accept' => '*/*',
  'referer' => 'http://h_two.cn/customer/rvinfo/todayrevisitnotices',
  'accept-encoding' => 'gzip, deflate',
  'accept-language' => 'zh-CN,zh;q=0.9,en;q=0.8',
  'cookie' => 'use_simple_menu=1; PHPSESSID=occ5c24f00149tit50qkphmr86',
)
[ info ] [ PARAM ] array (
  'callback' => 'define',
  'controllername' => 'customer.rvinfo',
  'v' => '1565831023',
)
[ info ] [ LANG ] D:\wamp\www\h_two\public/../application/admin\lang\zh-cn.php
[ info ] [ BEHAVIOR ] Run app\common\behavior\Common @module_init [ RunTime:0.002000s ]
[ info ] [ SESSION ] INIT array (
  'id' => '',
  'var_session_id' => '',
  'prefix' => 'think',
  'type' => '',
  'auto_start' => true,
  'expire' => 5400,
  'use_cookies' => true,
)
[ info ] [ CACHE ] INIT File
[ info ] [ RUN ] app\admin\controller\Ajax->lang[ D:\wamp\www\h_two\application\admin\controller\Ajax.php ]
[ info ] [ LANG ] D:\wamp\www\h_two\public/../application/admin/lang/zh-cn/customer/rvinfo.php
[ info ] [ BEHAVIOR ] Run app\admin\behavior\AdminLog @app_end [ RunTime:0.001000s ]
[ info ] [ LOG ] INIT File
---------------------------------------------------------------
[ 2019-08-15T09:03:44+08:00 ] 127.0.0.1 127.0.0.1 GET /ajax/lang?callback=define&controllername=customer.customer&v=1565831023
[ info ] h_two.cn/ajax/lang?callback=define&controllername=customer.customer&v=1565831023 [运行时间：0.082004s][吞吐率：12.19req/s] [内存消耗：3,897.76kb] [文件加载：73]
[ info ] [ LANG ] D:\wamp\www\h_two\thinkphp\lang\zh-cn.php
[ info ] [ BIND ] 'admin'
[ info ] [ ROUTE ] array (
  'type' => 'module',
  'module' => 
  array (
    0 => 'admin',
    1 => 'ajax',
    2 => 'lang',
  ),
)
[ info ] [ HEADER ] array (
  'host' => 'h_two.cn',
  'connection' => 'keep-alive',
  'user-agent' => 'Mozilla/5.0 (Windows NT 6.1; WOW64) AppleWebKit/537.36 (KHTML, like Gecko) Chrome/73.0.3683.86 Safari/537.36',
  'accept' => '*/*',
  'referer' => 'http://h_two.cn/customer/customer/listofbirth',
  'accept-encoding' => 'gzip, deflate',
  'accept-language' => 'zh-CN,zh;q=0.9,en;q=0.8',
  'cookie' => 'use_simple_menu=1; PHPSESSID=occ5c24f00149tit50qkphmr86',
)
[ info ] [ PARAM ] array (
  'callback' => 'define',
  'controllername' => 'customer.customer',
  'v' => '1565831023',
)
[ info ] [ LANG ] D:\wamp\www\h_two\public/../application/admin\lang\zh-cn.php
[ info ] [ BEHAVIOR ] Run app\common\behavior\Common @module_init [ RunTime:0.000000s ]
[ info ] [ SESSION ] INIT array (
  'id' => '',
  'var_session_id' => '',
  'prefix' => 'think',
  'type' => '',
  'auto_start' => true,
  'expire' => 5400,
  'use_cookies' => true,
)
[ info ] [ CACHE ] INIT File
[ info ] [ RUN ] app\admin\controller\Ajax->lang[ D:\wamp\www\h_two\application\admin\controller\Ajax.php ]
[ info ] [ LANG ] D:\wamp\www\h_two\public/../application/admin/lang/zh-cn/customer/customer.php
[ info ] [ BEHAVIOR ] Run app\admin\behavior\AdminLog @app_end [ RunTime:0.001000s ]
[ info ] [ LOG ] INIT File
---------------------------------------------------------------
[ 2019-08-15T09:03:44+08:00 ] 127.0.0.1 127.0.0.1 GET /base/msg?sort=msg_id&order=DESC&offset=0&limit=25&_=1565831023478
[ info ] h_two.cn/base/msg?sort=msg_id&order=DESC&offset=0&limit=25&_=1565831023478 [运行时间：0.131007s][吞吐率：7.63req/s] [内存消耗：5,395.99kb] [文件加载：79]
[ info ] [ LANG ] D:\wamp\www\h_two\thinkphp\lang\zh-cn.php
[ info ] [ BIND ] 'admin'
[ info ] [ ROUTE ] array (
  'type' => 'module',
  'module' => 
  array (
    0 => 'admin',
    1 => 'base.msg',
    2 => NULL,
  ),
)
[ info ] [ HEADER ] array (
  'host' => 'h_two.cn',
  'connection' => 'keep-alive',
  'accept' => 'application/json, text/javascript, */*; q=0.01',
  'x-requested-with' => 'XMLHttpRequest',
  'user-agent' => 'Mozilla/5.0 (Windows NT 6.1; WOW64) AppleWebKit/537.36 (KHTML, like Gecko) Chrome/73.0.3683.86 Safari/537.36',
  'content-type' => 'application/json',
  'referer' => 'http://h_two.cn/dashboard?addtabs=1',
  'accept-encoding' => 'gzip, deflate',
  'accept-language' => 'zh-CN,zh;q=0.9,en;q=0.8',
  'cookie' => 'use_simple_menu=1; PHPSESSID=occ5c24f00149tit50qkphmr86',
)
[ info ] [ PARAM ] array (
  'sort' => 'msg_id',
  'order' => 'DESC',
  'offset' => '0',
  'limit' => '25',
  '_' => '1565831023478',
)
[ info ] [ LANG ] D:\wamp\www\h_two\public/../application/admin\lang\zh-cn.php
[ info ] [ BEHAVIOR ] Run app\common\behavior\Common @module_init [ RunTime:0.002000s ]
[ info ] [ SESSION ] INIT array (
  'id' => '',
  'var_session_id' => '',
  'prefix' => 'think',
  'type' => '',
  'auto_start' => true,
  'expire' => 5400,
  'use_cookies' => true,
)
[ info ] [ DB ] INIT mysql
[ info ] [ CACHE ] INIT File
[ info ] [ LANG ] D:\wamp\www\h_two\public/../application/admin/lang/zh-cn/base/msg.php
[ info ] [ RUN ] app\admin\controller\base\Msg->index[ D:\wamp\www\h_two\application\admin\controller\base\Msg.php ]
[ info ] [ BEHAVIOR ] Run app\admin\behavior\AdminLog @app_end [ RunTime:0.000000s ]
[ info ] [ LOG ] INIT File
[ sql ] [ DB ] CONNECT:[ UseTime:0.010001s ] mysql:dbname=his_beta;host=192.168.0.220;charset=utf8
[ sql ] [ SQL ] SHOW COLUMNS FROM `yjy_auth_group_access` [ RunTime:0.004000s ]
[ sql ] [ SQL ] SELECT `AuthGroupAccess`.`uid`,`AuthGroupAccess`.`group_id`,`AuthGroup`.`id`,`AuthGroup`.`pid`,`AuthGroup`.`name`,`AuthGroup`.`rules` FROM `yjy_auth_group_access` `AuthGroupAccess` LEFT JOIN `yjy_auth_group` `AuthGroup` ON `AuthGroupAccess`.`group_id`=`AuthGroup`.`id` WHERE  (  AuthGroupAccess.uid='1' and AuthGroup.status='normal' ) [ RunTime:0.002000s ]
[ sql ] [ SQL ] SHOW COLUMNS FROM `yjy_auth_rule` [ RunTime:0.004000s ]
[ sql ] [ SQL ] SELECT `id`,`pid`,`condition`,`icon`,`name`,`title`,`ismenu` FROM `yjy_auth_rule` WHERE  `status` = 'normal' [ RunTime:0.007001s ]
[ sql ] [ SQL ] SHOW COLUMNS FROM `yjy_msg` [ RunTime:0.003000s ]
[ sql ] [ SQL ] SELECT COUNT(*) AS tp_count FROM `yjy_msg` WHERE  `msg_to` = 1  AND `createtime` <= 1565884799 ORDER BY `msg_id`  DESC LIMIT 1 [ RunTime:0.001000s ]
[ sql ] [ SQL ] SELECT * FROM `yjy_msg` WHERE  `msg_to` = 1  AND `createtime` <= 1565884799 ORDER BY `msg_id`  DESC LIMIT 0,25 [ RunTime:0.001000s ]
---------------------------------------------------------------
[ 2019-08-15T09:03:45+08:00 ] 127.0.0.1 127.0.0.1 GET /customer/customer/listofbirth?sort=ctm_id&order=desc&offset=0&limit=25&_=1565831023479
[ info ] h_two.cn/customer/customer/listofbirth?sort=ctm_id&order=desc&offset=0&limit=25&_=1565831023479 [运行时间：0.290017s][吞吐率：3.45req/s] [内存消耗：6,046.64kb] [文件加载：89]
[ info ] [ LANG ] D:\wamp\www\h_two\thinkphp\lang\zh-cn.php
[ info ] [ BIND ] 'admin'
[ info ] [ ROUTE ] array (
  'type' => 'module',
  'module' => 
  array (
    0 => 'admin',
    1 => 'customer.customer',
    2 => 'listofbirth',
  ),
)
[ info ] [ HEADER ] array (
  'host' => 'h_two.cn',
  'connection' => 'keep-alive',
  'accept' => 'application/json, text/javascript, */*; q=0.01',
  'x-requested-with' => 'XMLHttpRequest',
  'user-agent' => 'Mozilla/5.0 (Windows NT 6.1; WOW64) AppleWebKit/537.36 (KHTML, like Gecko) Chrome/73.0.3683.86 Safari/537.36',
  'content-type' => 'application/json',
  'referer' => 'http://h_two.cn/dashboard?addtabs=1',
  'accept-encoding' => 'gzip, deflate',
  'accept-language' => 'zh-CN,zh;q=0.9,en;q=0.8',
  'cookie' => 'use_simple_menu=1; PHPSESSID=occ5c24f00149tit50qkphmr86',
)
[ info ] [ PARAM ] array (
  'sort' => 'ctm_id',
  'order' => 'desc',
  'offset' => '0',
  'limit' => '25',
  '_' => '1565831023479',
)
[ info ] [ LANG ] D:\wamp\www\h_two\public/../application/admin\lang\zh-cn.php
[ info ] [ BEHAVIOR ] Run app\common\behavior\Common @module_init [ RunTime:0.001001s ]
[ info ] [ SESSION ] INIT array (
  'id' => '',
  'var_session_id' => '',
  'prefix' => 'think',
  'type' => '',
  'auto_start' => true,
  'expire' => 5400,
  'use_cookies' => true,
)
[ info ] [ CACHE ] INIT File
[ info ] [ LANG ] D:\wamp\www\h_two\public/../application/admin/lang/zh-cn/customer/customer.php
[ info ] [ DB ] INIT mysql
[ info ] [ RUN ] app\admin\controller\customer\Customer->listofbirth[ D:\wamp\www\h_two\application\admin\controller\customer\Customer.php ]
[ info ] [ BEHAVIOR ] Run app\admin\behavior\AdminLog @app_end [ RunTime:0.000000s ]
[ info ] [ LOG ] INIT File
[ sql ] [ DB ] CONNECT:[ UseTime:0.001000s ] mysql:dbname=his_beta;host=192.168.0.220;charset=utf8
[ sql ] [ SQL ] SHOW COLUMNS FROM `yjy_ctmsource` [ RunTime:0.003000s ]
[ sql ] [ SQL ] SELECT `sce_id`,`sce_name` FROM `yjy_ctmsource` WHERE  `sce_status` = 1 ORDER BY `sce_sort`  desc [ RunTime:0.002000s ]
[ sql ] [ SQL ] SHOW COLUMNS FROM `yjy_fat` [ RunTime:0.003000s ]
[ sql ] [ SQL ] SELECT `fat_id`,`fat_name` FROM `yjy_fat` [ RunTime:0.002000s ]
[ sql ] [ SQL ] SHOW COLUMNS FROM `yjy_ctmchannels` [ RunTime:0.003000s ]
[ sql ] [ SQL ] SELECT `chn_id`,`chn_name` FROM `yjy_ctmchannels` WHERE  `chn_status` = 1 ORDER BY `chn_sort`  desc [ RunTime:0.002000s ]
[ sql ] [ SQL ] SHOW COLUMNS FROM `yjy_pducat` [ RunTime:0.004000s ]
[ sql ] [ SQL ] SELECT `pdc_id`,`pdc_name` FROM `yjy_pducat` WHERE  `pdc_status` = 1 ORDER BY `pdc_sort`  DESC,`pdc_id`  ASC [ RunTime:0.002000s ]
[ sql ] [ SQL ] SHOW COLUMNS FROM `yjy_c_project` [ RunTime:0.003000s ]
[ sql ] [ SQL ] SELECT `id`,`cpdt_name` FROM `yjy_c_project` WHERE  `cpdt_status` = 1 ORDER BY `id`  ASC [ RunTime:0.002000s ]
[ sql ] [ SQL ] SHOW COLUMNS FROM `yjy_customertype` [ RunTime:0.003000s ]
[ sql ] [ SQL ] SELECT `type_id`,`type_name` FROM `yjy_customertype` [ RunTime:0.002000s ]
[ sql ] [ SQL ] SHOW COLUMNS FROM `yjy_customer` [ RunTime:0.004000s ]
[ sql ] [ SQL ] SELECT COUNT(*) AS tp_count FROM `yjy_customer` `customer` LEFT JOIN `yjy_ctmsource` `sce` ON `customer`.`ctm_source`=`sce`.`sce_id` LEFT JOIN `yjy_ctmchannels` `channels` ON `customer`.`ctm_explore`=`channels`.`chn_id` LEFT JOIN `yjy_admin` `admin` ON `customer`.`admin_id`=`admin`.`id` WHERE  `ctm_status` = 1  AND `ctm_ifbirth` = 1  AND (  `ctm_birthdate` LIKE '%-08-15' ) LIMIT 1 [ RunTime:0.008001s ]
[ sql ] [ SQL ] SELECT `customer`.*,sce.sce_name as ctm_source,channels.chn_name as ctm_explore,admin.dept_id as dept_id FROM `yjy_customer` `customer` LEFT JOIN `yjy_ctmsource` `sce` ON `customer`.`ctm_source`=`sce`.`sce_id` LEFT JOIN `yjy_ctmchannels` `channels` ON `customer`.`ctm_explore`=`channels`.`chn_id` LEFT JOIN `yjy_admin` `admin` ON `customer`.`admin_id`=`admin`.`id` WHERE  `ctm_status` = 1  AND `ctm_ifbirth` = 1  AND (  `ctm_birthdate` LIKE '%-08-15' ) ORDER BY `ctm_id`  desc LIMIT 0,25 [ RunTime:0.024002s ]
[ sql ] [ SQL ] SHOW COLUMNS FROM `yjy_auth_group_access` [ RunTime:0.003000s ]
[ sql ] [ SQL ] SELECT `AuthGroupAccess`.`uid`,`AuthGroupAccess`.`group_id`,`AuthGroup`.`id`,`AuthGroup`.`pid`,`AuthGroup`.`name`,`AuthGroup`.`rules` FROM `yjy_auth_group_access` `AuthGroupAccess` LEFT JOIN `yjy_auth_group` `AuthGroup` ON `AuthGroupAccess`.`group_id`=`AuthGroup`.`id` WHERE  (  AuthGroupAccess.uid='1' and AuthGroup.status='normal' ) [ RunTime:0.001000s ]
[ sql ] [ SQL ] SELECT `id`,`cpdt_name` FROM `yjy_c_project` [ RunTime:0.001000s ]
---------------------------------------------------------------
[ 2019-08-15T09:03:46+08:00 ] 127.0.0.1 127.0.0.1 GET /wm/drugs?addtabs=1
[ info ] h_two.cn/wm/drugs?addtabs=1 [运行时间：0.151009s][吞吐率：6.62req/s] [内存消耗：5,711.54kb] [文件加载：82]
[ info ] [ LANG ] D:\wamp\www\h_two\thinkphp\lang\zh-cn.php
[ info ] [ BIND ] 'admin'
[ info ] [ ROUTE ] array (
  'type' => 'module',
  'module' => 
  array (
    0 => 'admin',
    1 => 'wm.drugs',
    2 => NULL,
  ),
)
[ info ] [ HEADER ] array (
  'host' => 'h_two.cn',
  'connection' => 'keep-alive',
  'upgrade-insecure-requests' => '1',
  'user-agent' => 'Mozilla/5.0 (Windows NT 6.1; WOW64) AppleWebKit/537.36 (KHTML, like Gecko) Chrome/73.0.3683.86 Safari/537.36',
  'accept' => 'text/html,application/xhtml+xml,application/xml;q=0.9,image/webp,image/apng,*/*;q=0.8,application/signed-exchange;v=b3',
  'referer' => 'http://h_two.cn/wm/drugs?ref=addtabs',
  'accept-encoding' => 'gzip, deflate',
  'accept-language' => 'zh-CN,zh;q=0.9,en;q=0.8',
  'cookie' => 'use_simple_menu=1; PHPSESSID=occ5c24f00149tit50qkphmr86',
)
[ info ] [ PARAM ] array (
  'addtabs' => '1',
)
[ info ] [ LANG ] D:\wamp\www\h_two\public/../application/admin\lang\zh-cn.php
[ info ] [ BEHAVIOR ] Run app\common\behavior\Common @module_init [ RunTime:0.001000s ]
[ info ] [ SESSION ] INIT array (
  'id' => '',
  'var_session_id' => '',
  'prefix' => 'think',
  'type' => '',
  'auto_start' => true,
  'expire' => 5400,
  'use_cookies' => true,
)
[ info ] [ DB ] INIT mysql
[ info ] [ CACHE ] INIT File
[ info ] [ LANG ] D:\wamp\www\h_two\public/../application/admin/lang/zh-cn/wm/drugs.php
[ info ] [ RUN ] app\admin\controller\wm\Drugs->index[ D:\wamp\www\h_two\application\admin\controller\wm\Drugs.php ]
[ info ] [ VIEW ] D:\wamp\www\h_two\public/../application/admin\view\wm\drugs\index.html [ array (
  0 => 'breadcrumb',
  1 => 'site',
  2 => 'config',
  3 => 'auth',
  4 => 'admin',
  5 => 'proFeeType',
  6 => 'ptypeList',
  7 => 'statusList',
  8 => 'unitList',
  9 => 'depotList',
  10 => 'deptmentList',
  11 => 'subject',
) ]
[ info ] [ BEHAVIOR ] Run app\admin\behavior\AdminLog @app_end [ RunTime:0.001000s ]
[ info ] [ LOG ] INIT File
[ sql ] [ DB ] CONNECT:[ UseTime:0.002000s ] mysql:dbname=his_beta;host=192.168.0.220;charset=utf8
[ sql ] [ SQL ] SHOW COLUMNS FROM `yjy_auth_group_access` [ RunTime:0.003000s ]
[ sql ] [ SQL ] SELECT `AuthGroupAccess`.`uid`,`AuthGroupAccess`.`group_id`,`AuthGroup`.`id`,`AuthGroup`.`pid`,`AuthGroup`.`name`,`AuthGroup`.`rules` FROM `yjy_auth_group_access` `AuthGroupAccess` LEFT JOIN `yjy_auth_group` `AuthGroup` ON `AuthGroupAccess`.`group_id`=`AuthGroup`.`id` WHERE  (  AuthGroupAccess.uid='1' and AuthGroup.status='normal' ) [ RunTime:0.002000s ]
[ sql ] [ SQL ] SHOW COLUMNS FROM `yjy_auth_rule` [ RunTime:0.003000s ]
[ sql ] [ SQL ] SELECT `id`,`pid`,`condition`,`icon`,`name`,`title`,`ismenu` FROM `yjy_auth_rule` WHERE  `status` = 'normal' [ RunTime:0.007001s ]
[ sql ] [ SQL ] SHOW COLUMNS FROM `yjy_unit` [ RunTime:0.003001s ]
[ sql ] [ SQL ] SELECT * FROM `yjy_unit` WHERE  `status` = 'normal' ORDER BY `id`  asc [ RunTime:0.002000s ]
[ sql ] [ SQL ] SHOW COLUMNS FROM `yjy_depot` [ RunTime:0.003000s ]
[ sql ] [ SQL ] SELECT * FROM `yjy_depot` WHERE  `type` = 1  AND `status` = 'normal' ORDER BY `id`  asc [ RunTime:0.002000s ]
[ sql ] [ SQL ] SHOW COLUMNS FROM `yjy_deptment` [ RunTime:0.003001s ]
[ sql ] [ SQL ] SELECT * FROM `yjy_deptment` WHERE  `dept_type` = 'deduct'  AND `dept_status` = 1 ORDER BY `dept_id`  asc [ RunTime:0.002000s ]
[ sql ] [ SQL ] SHOW COLUMNS FROM `yjy_pducat` [ RunTime:0.003000s ]
[ sql ] [ SQL ] SELECT * FROM `yjy_pducat` WHERE  `pdc_zpttype` = 4  AND `pdc_status` = 1  AND `pdc_pid` = 0 [ RunTime:0.002000s ]
[ sql ] [ SQL ] SELECT `title`,`remark` FROM `yjy_auth_rule` WHERE  `name` = '/wm/drugs' LIMIT 1 [ RunTime:0.002000s ]
---------------------------------------------------------------
[ 2019-08-15T09:03:46+08:00 ] 127.0.0.1 127.0.0.1 GET /ajax/lang?callback=define&controllername=wm.drugs&v=1565831026
[ info ] h_two.cn/ajax/lang?callback=define&controllername=wm.drugs&v=1565831026 [运行时间：0.062004s][吞吐率：16.13req/s] [内存消耗：3,844.62kb] [文件加载：70]
[ info ] [ LANG ] D:\wamp\www\h_two\thinkphp\lang\zh-cn.php
[ info ] [ BIND ] 'admin'
[ info ] [ ROUTE ] array (
  'type' => 'module',
  'module' => 
  array (
    0 => 'admin',
    1 => 'ajax',
    2 => 'lang',
  ),
)
[ info ] [ HEADER ] array (
  'host' => 'h_two.cn',
  'connection' => 'keep-alive',
  'user-agent' => 'Mozilla/5.0 (Windows NT 6.1; WOW64) AppleWebKit/537.36 (KHTML, like Gecko) Chrome/73.0.3683.86 Safari/537.36',
  'accept' => '*/*',
  'referer' => 'http://h_two.cn/wm/drugs?addtabs=1',
  'accept-encoding' => 'gzip, deflate',
  'accept-language' => 'zh-CN,zh;q=0.9,en;q=0.8',
  'cookie' => 'use_simple_menu=1; PHPSESSID=occ5c24f00149tit50qkphmr86',
)
[ info ] [ PARAM ] array (
  'callback' => 'define',
  'controllername' => 'wm.drugs',
  'v' => '1565831026',
)
[ info ] [ LANG ] D:\wamp\www\h_two\public/../application/admin\lang\zh-cn.php
[ info ] [ BEHAVIOR ] Run app\common\behavior\Common @module_init [ RunTime:0.001000s ]
[ info ] [ SESSION ] INIT array (
  'id' => '',
  'var_session_id' => '',
  'prefix' => 'think',
  'type' => '',
  'auto_start' => true,
  'expire' => 5400,
  'use_cookies' => true,
)
[ info ] [ CACHE ] INIT File
[ info ] [ RUN ] app\admin\controller\Ajax->lang[ D:\wamp\www\h_two\application\admin\controller\Ajax.php ]
[ info ] [ LANG ] D:\wamp\www\h_two\public/../application/admin/lang/zh-cn/wm/drugs.php
[ info ] [ BEHAVIOR ] Run app\admin\behavior\AdminLog @app_end [ RunTime:0.001000s ]
[ info ] [ LOG ] INIT File
---------------------------------------------------------------
[ 2019-08-15T09:03:47+08:00 ] 127.0.0.1 127.0.0.1 GET /wm/drugs/index?sort=pro_id&order=desc&offset=0&limit=25&_=1565831026738
[ info ] h_two.cn/wm/drugs/index?sort=pro_id&order=desc&offset=0&limit=25&_=1565831026738 [运行时间：0.228013s][吞吐率：4.39req/s] [内存消耗：5,824.59kb] [文件加载：82]
[ info ] [ LANG ] D:\wamp\www\h_two\thinkphp\lang\zh-cn.php
[ info ] [ BIND ] 'admin'
[ info ] [ ROUTE ] array (
  'type' => 'module',
  'module' => 
  array (
    0 => 'admin',
    1 => 'wm.drugs',
    2 => 'index',
  ),
)
[ info ] [ HEADER ] array (
  'host' => 'h_two.cn',
  'connection' => 'keep-alive',
  'accept' => 'application/json, text/javascript, */*; q=0.01',
  'x-requested-with' => 'XMLHttpRequest',
  'user-agent' => 'Mozilla/5.0 (Windows NT 6.1; WOW64) AppleWebKit/537.36 (KHTML, like Gecko) Chrome/73.0.3683.86 Safari/537.36',
  'content-type' => 'application/json',
  'referer' => 'http://h_two.cn/wm/drugs?addtabs=1',
  'accept-encoding' => 'gzip, deflate',
  'accept-language' => 'zh-CN,zh;q=0.9,en;q=0.8',
  'cookie' => 'use_simple_menu=1; PHPSESSID=occ5c24f00149tit50qkphmr86',
)
[ info ] [ PARAM ] array (
  'sort' => 'pro_id',
  'order' => 'desc',
  'offset' => '0',
  'limit' => '25',
  '_' => '1565831026738',
)
[ info ] [ LANG ] D:\wamp\www\h_two\public/../application/admin\lang\zh-cn.php
[ info ] [ BEHAVIOR ] Run app\common\behavior\Common @module_init [ RunTime:0.001000s ]
[ info ] [ SESSION ] INIT array (
  'id' => '',
  'var_session_id' => '',
  'prefix' => 'think',
  'type' => '',
  'auto_start' => true,
  'expire' => 5400,
  'use_cookies' => true,
)
[ info ] [ DB ] INIT mysql
[ info ] [ CACHE ] INIT File
[ info ] [ LANG ] D:\wamp\www\h_two\public/../application/admin/lang/zh-cn/wm/drugs.php
[ info ] [ RUN ] app\admin\controller\wm\Drugs->index[ D:\wamp\www\h_two\application\admin\controller\wm\Drugs.php ]
[ info ] [ BEHAVIOR ] Run app\admin\behavior\AdminLog @app_end [ RunTime:0.000000s ]
[ info ] [ LOG ] INIT File
[ sql ] [ DB ] CONNECT:[ UseTime:0.002000s ] mysql:dbname=his_beta;host=192.168.0.220;charset=utf8
[ sql ] [ SQL ] SHOW COLUMNS FROM `yjy_auth_group_access` [ RunTime:0.003001s ]
[ sql ] [ SQL ] SELECT `AuthGroupAccess`.`uid`,`AuthGroupAccess`.`group_id`,`AuthGroup`.`id`,`AuthGroup`.`pid`,`AuthGroup`.`name`,`AuthGroup`.`rules` FROM `yjy_auth_group_access` `AuthGroupAccess` LEFT JOIN `yjy_auth_group` `AuthGroup` ON `AuthGroupAccess`.`group_id`=`AuthGroup`.`id` WHERE  (  AuthGroupAccess.uid='1' and AuthGroup.status='normal' ) [ RunTime:0.002000s ]
[ sql ] [ SQL ] SHOW COLUMNS FROM `yjy_auth_rule` [ RunTime:0.003000s ]
[ sql ] [ SQL ] SELECT `id`,`pid`,`condition`,`icon`,`name`,`title`,`ismenu` FROM `yjy_auth_rule` WHERE  `status` = 'normal' [ RunTime:0.007000s ]
[ sql ] [ SQL ] SHOW COLUMNS FROM `yjy_unit` [ RunTime:0.003000s ]
[ sql ] [ SQL ] SELECT * FROM `yjy_unit` WHERE  `status` = 'normal' ORDER BY `id`  asc [ RunTime:0.002000s ]
[ sql ] [ SQL ] SHOW COLUMNS FROM `yjy_depot` [ RunTime:0.003001s ]
[ sql ] [ SQL ] SELECT * FROM `yjy_depot` WHERE  `type` = 1  AND `status` = 'normal' ORDER BY `id`  asc [ RunTime:0.002000s ]
[ sql ] [ SQL ] SHOW COLUMNS FROM `yjy_deptment` [ RunTime:0.003000s ]
[ sql ] [ SQL ] SELECT * FROM `yjy_deptment` WHERE  `dept_type` = 'deduct'  AND `dept_status` = 1 ORDER BY `dept_id`  asc [ RunTime:0.002000s ]
[ sql ] [ SQL ] SHOW COLUMNS FROM `yjy_pducat` [ RunTime:0.003000s ]
[ sql ] [ SQL ] SELECT * FROM `yjy_pducat` WHERE  `pdc_zpttype` = 4  AND `pdc_status` = 1  AND `pdc_pid` = 0 [ RunTime:0.002000s ]
[ sql ] [ SQL ] SHOW COLUMNS FROM `yjy_project` [ RunTime:0.004000s ]
[ sql ] [ SQL ] SELECT COUNT(*) AS tp_count FROM `yjy_project` `pro` WHERE  `pro`.`pro_type` = '1' LIMIT 1 [ RunTime:0.006001s ]
[ sql ] [ SQL ] SELECT `pro`.*,u.name as u_name,`pd`.`pdc_name`,pdc.pdc_name as pro_cat,depot.name as depot_name,`dept_name` FROM `yjy_project` `pro` LEFT JOIN `yjy_unit` `u` ON `pro`.`pro_unit`=`u`.`id` LEFT JOIN `yjy_pducat` `pd` ON `pro`.`pro_cat1`=`pd`.`pdc_id` LEFT JOIN `yjy_pducat` `pdc` ON `pro`.`pro_cat2`=`pdc`.`pdc_id` LEFT JOIN `yjy_depot` `depot` ON `pro`.`depot_id`=`depot`.`id` LEFT JOIN `yjy_deptment` `dept` ON `pro`.`dept_id`=`dept`.`dept_id` WHERE  `pro`.`pro_type` = '1' ORDER BY `pro`.`pro_id`  desc,`pro`.`pro_status`  desc LIMIT 0,25 [ RunTime:0.011000s ]
---------------------------------------------------------------
[ 2019-08-15T10:16:49+08:00 ] 127.0.0.1 127.0.0.1 GET /wm/drugs/index?sort=pro_id&order=desc&offset=0&limit=25&_=1565831026739
[ info ] h_two.cn/wm/drugs/index?sort=pro_id&order=desc&offset=0&limit=25&_=1565831026739 [运行时间：0.274016s][吞吐率：3.65req/s] [内存消耗：5,824.57kb] [文件加载：82]
[ info ] [ LANG ] D:\wamp\www\h_two\thinkphp\lang\zh-cn.php
[ info ] [ BIND ] 'admin'
[ info ] [ ROUTE ] array (
  'type' => 'module',
  'module' => 
  array (
    0 => 'admin',
    1 => 'wm.drugs',
    2 => 'index',
  ),
)
[ info ] [ HEADER ] array (
  'host' => 'h_two.cn',
  'connection' => 'keep-alive',
  'accept' => 'application/json, text/javascript, */*; q=0.01',
  'x-requested-with' => 'XMLHttpRequest',
  'user-agent' => 'Mozilla/5.0 (Windows NT 6.1; WOW64) AppleWebKit/537.36 (KHTML, like Gecko) Chrome/73.0.3683.86 Safari/537.36',
  'content-type' => 'application/json',
  'referer' => 'http://h_two.cn/wm/drugs?addtabs=1',
  'accept-encoding' => 'gzip, deflate',
  'accept-language' => 'zh-CN,zh;q=0.9,en;q=0.8',
  'cookie' => 'use_simple_menu=1; PHPSESSID=occ5c24f00149tit50qkphmr86',
)
[ info ] [ PARAM ] array (
  'sort' => 'pro_id',
  'order' => 'desc',
  'offset' => '0',
  'limit' => '25',
  '_' => '1565831026739',
)
[ info ] [ LANG ] D:\wamp\www\h_two\public/../application/admin\lang\zh-cn.php
[ info ] [ BEHAVIOR ] Run app\common\behavior\Common @module_init [ RunTime:0.002000s ]
[ info ] [ SESSION ] INIT array (
  'id' => '',
  'var_session_id' => '',
  'prefix' => 'think',
  'type' => '',
  'auto_start' => true,
  'expire' => 5400,
  'use_cookies' => true,
)
[ info ] [ DB ] INIT mysql
[ info ] [ CACHE ] INIT File
[ info ] [ LANG ] D:\wamp\www\h_two\public/../application/admin/lang/zh-cn/wm/drugs.php
[ info ] [ RUN ] app\admin\controller\wm\Drugs->index[ D:\wamp\www\h_two\application\admin\controller\wm\Drugs.php ]
[ info ] [ BEHAVIOR ] Run app\admin\behavior\AdminLog @app_end [ RunTime:0.000000s ]
[ info ] [ LOG ] INIT File
[ sql ] [ DB ] CONNECT:[ UseTime:0.003000s ] mysql:dbname=his_beta;host=192.168.0.220;charset=utf8
[ sql ] [ SQL ] SHOW COLUMNS FROM `yjy_auth_group_access` [ RunTime:0.003001s ]
[ sql ] [ SQL ] SELECT `AuthGroupAccess`.`uid`,`AuthGroupAccess`.`group_id`,`AuthGroup`.`id`,`AuthGroup`.`pid`,`AuthGroup`.`name`,`AuthGroup`.`rules` FROM `yjy_auth_group_access` `AuthGroupAccess` LEFT JOIN `yjy_auth_group` `AuthGroup` ON `AuthGroupAccess`.`group_id`=`AuthGroup`.`id` WHERE  (  AuthGroupAccess.uid='1' and AuthGroup.status='normal' ) [ RunTime:0.002000s ]
[ sql ] [ SQL ] SHOW COLUMNS FROM `yjy_auth_rule` [ RunTime:0.004000s ]
[ sql ] [ SQL ] SELECT `id`,`pid`,`condition`,`icon`,`name`,`title`,`ismenu` FROM `yjy_auth_rule` WHERE  `status` = 'normal' [ RunTime:0.007001s ]
[ sql ] [ SQL ] SHOW COLUMNS FROM `yjy_unit` [ RunTime:0.003001s ]
[ sql ] [ SQL ] SELECT * FROM `yjy_unit` WHERE  `status` = 'normal' ORDER BY `id`  asc [ RunTime:0.002000s ]
[ sql ] [ SQL ] SHOW COLUMNS FROM `yjy_depot` [ RunTime:0.003000s ]
[ sql ] [ SQL ] SELECT * FROM `yjy_depot` WHERE  `type` = 1  AND `status` = 'normal' ORDER BY `id`  asc [ RunTime:0.002000s ]
[ sql ] [ SQL ] SHOW COLUMNS FROM `yjy_deptment` [ RunTime:0.003001s ]
[ sql ] [ SQL ] SELECT * FROM `yjy_deptment` WHERE  `dept_type` = 'deduct'  AND `dept_status` = 1 ORDER BY `dept_id`  asc [ RunTime:0.002000s ]
[ sql ] [ SQL ] SHOW COLUMNS FROM `yjy_pducat` [ RunTime:0.003000s ]
[ sql ] [ SQL ] SELECT * FROM `yjy_pducat` WHERE  `pdc_zpttype` = 4  AND `pdc_status` = 1  AND `pdc_pid` = 0 [ RunTime:0.002001s ]
[ sql ] [ SQL ] SHOW COLUMNS FROM `yjy_project` [ RunTime:0.004000s ]
[ sql ] [ SQL ] SELECT COUNT(*) AS tp_count FROM `yjy_project` `pro` WHERE  `pro`.`pro_type` = '1' LIMIT 1 [ RunTime:0.006000s ]
[ sql ] [ SQL ] SELECT `pro`.*,u.name as u_name,`pd`.`pdc_name`,pdc.pdc_name as pro_cat,depot.name as depot_name,`dept_name` FROM `yjy_project` `pro` LEFT JOIN `yjy_unit` `u` ON `pro`.`pro_unit`=`u`.`id` LEFT JOIN `yjy_pducat` `pd` ON `pro`.`pro_cat1`=`pd`.`pdc_id` LEFT JOIN `yjy_pducat` `pdc` ON `pro`.`pro_cat2`=`pdc`.`pdc_id` LEFT JOIN `yjy_depot` `depot` ON `pro`.`depot_id`=`depot`.`id` LEFT JOIN `yjy_deptment` `dept` ON `pro`.`dept_id`=`dept`.`dept_id` WHERE  `pro`.`pro_type` = '1' ORDER BY `pro`.`pro_id`  desc,`pro`.`pro_status`  desc LIMIT 0,25 [ RunTime:0.011000s ]
---------------------------------------------------------------
[ 2019-08-15T10:16:53+08:00 ] 127.0.0.1 127.0.0.1 GET /wm/drugs/searchlot/ids/3230?dialog=1
[ info ] h_two.cn/wm/drugs/searchlot/ids/3230?dialog=1 [运行时间：0.156009s][吞吐率：6.41req/s] [内存消耗：5,720.68kb] [文件加载：82]
[ info ] [ LANG ] D:\wamp\www\h_two\thinkphp\lang\zh-cn.php
[ info ] [ BIND ] 'admin'
[ info ] [ ROUTE ] array (
  'type' => 'module',
  'module' => 
  array (
    0 => 'admin',
    1 => 'wm.drugs',
    2 => 'searchlot',
  ),
)
[ info ] [ HEADER ] array (
  'host' => 'h_two.cn',
  'connection' => 'keep-alive',
  'upgrade-insecure-requests' => '1',
  'user-agent' => 'Mozilla/5.0 (Windows NT 6.1; WOW64) AppleWebKit/537.36 (KHTML, like Gecko) Chrome/73.0.3683.86 Safari/537.36',
  'accept' => 'text/html,application/xhtml+xml,application/xml;q=0.9,image/webp,image/apng,*/*;q=0.8,application/signed-exchange;v=b3',
  'referer' => 'http://h_two.cn/wm/drugs?addtabs=1',
  'accept-encoding' => 'gzip, deflate',
  'accept-language' => 'zh-CN,zh;q=0.9,en;q=0.8',
  'cookie' => 'use_simple_menu=1; PHPSESSID=occ5c24f00149tit50qkphmr86',
)
[ info ] [ PARAM ] array (
  'dialog' => '1',
  'ids' => '3230',
)
[ info ] [ LANG ] D:\wamp\www\h_two\public/../application/admin\lang\zh-cn.php
[ info ] [ BEHAVIOR ] Run app\common\behavior\Common @module_init [ RunTime:0.001000s ]
[ info ] [ SESSION ] INIT array (
  'id' => '',
  'var_session_id' => '',
  'prefix' => 'think',
  'type' => '',
  'auto_start' => true,
  'expire' => 5400,
  'use_cookies' => true,
)
[ info ] [ DB ] INIT mysql
[ info ] [ CACHE ] INIT File
[ info ] [ LANG ] D:\wamp\www\h_two\public/../application/admin/lang/zh-cn/wm/drugs.php
[ info ] [ RUN ] app\admin\controller\wm\Drugs->searchlot[ D:\wamp\www\h_two\application\admin\controller\wm\Drugs.php ]
[ info ] [ VIEW ] D:\wamp\www\h_two\public/../application/admin\view\wm\drugs\searchlot.html [ array (
  0 => 'breadcrumb',
  1 => 'site',
  2 => 'config',
  3 => 'auth',
  4 => 'admin',
  5 => 'proFeeType',
  6 => 'ptypeList',
  7 => 'statusList',
  8 => 'unitList',
  9 => 'depotList',
  10 => 'deptmentList',
  11 => 'subject',
  12 => 'row',
) ]
[ info ] [ BEHAVIOR ] Run app\admin\behavior\AdminLog @app_end [ RunTime:0.001000s ]
[ info ] [ LOG ] INIT File
[ sql ] [ DB ] CONNECT:[ UseTime:0.002000s ] mysql:dbname=his_beta;host=192.168.0.220;charset=utf8
[ sql ] [ SQL ] SHOW COLUMNS FROM `yjy_auth_group_access` [ RunTime:0.003000s ]
[ sql ] [ SQL ] SELECT `AuthGroupAccess`.`uid`,`AuthGroupAccess`.`group_id`,`AuthGroup`.`id`,`AuthGroup`.`pid`,`AuthGroup`.`name`,`AuthGroup`.`rules` FROM `yjy_auth_group_access` `AuthGroupAccess` LEFT JOIN `yjy_auth_group` `AuthGroup` ON `AuthGroupAccess`.`group_id`=`AuthGroup`.`id` WHERE  (  AuthGroupAccess.uid='1' and AuthGroup.status='normal' ) [ RunTime:0.002000s ]
[ sql ] [ SQL ] SHOW COLUMNS FROM `yjy_auth_rule` [ RunTime:0.003000s ]
[ sql ] [ SQL ] SELECT `id`,`pid`,`condition`,`icon`,`name`,`title`,`ismenu` FROM `yjy_auth_rule` WHERE  `status` = 'normal' [ RunTime:0.007001s ]
[ sql ] [ SQL ] SHOW COLUMNS FROM `yjy_unit` [ RunTime:0.004000s ]
[ sql ] [ SQL ] SELECT * FROM `yjy_unit` WHERE  `status` = 'normal' ORDER BY `id`  asc [ RunTime:0.002000s ]
[ sql ] [ SQL ] SHOW COLUMNS FROM `yjy_depot` [ RunTime:0.003000s ]
[ sql ] [ SQL ] SELECT * FROM `yjy_depot` WHERE  `type` = 1  AND `status` = 'normal' ORDER BY `id`  asc [ RunTime:0.002000s ]
[ sql ] [ SQL ] SHOW COLUMNS FROM `yjy_deptment` [ RunTime:0.004000s ]
[ sql ] [ SQL ] SELECT * FROM `yjy_deptment` WHERE  `dept_type` = 'deduct'  AND `dept_status` = 1 ORDER BY `dept_id`  asc [ RunTime:0.002001s ]
[ sql ] [ SQL ] SHOW COLUMNS FROM `yjy_pducat` [ RunTime:0.003000s ]
[ sql ] [ SQL ] SELECT * FROM `yjy_pducat` WHERE  `pdc_zpttype` = 4  AND `pdc_status` = 1  AND `pdc_pid` = 0 [ RunTime:0.001000s ]
[ sql ] [ SQL ] SHOW COLUMNS FROM `yjy_wm_lotnum` [ RunTime:0.004000s ]
[ sql ] [ SQL ] SELECT * FROM `yjy_wm_lotnum` WHERE  `lpro_id` = 3230 [ RunTime:0.002000s ]
[ sql ] [ SQL ] SELECT `title`,`remark` FROM `yjy_auth_rule` WHERE  `name` = '/wm/drugs/searchlot/ids/3230' LIMIT 1 [ RunTime:0.001000s ]
---------------------------------------------------------------
[ 2019-08-15T10:16:53+08:00 ] 127.0.0.1 127.0.0.1 GET /ajax/lang?callback=define&controllername=wm.drugs&v=1565835413
[ info ] h_two.cn/ajax/lang?callback=define&controllername=wm.drugs&v=1565835413 [运行时间：0.089005s][吞吐率：11.24req/s] [内存消耗：3,844.68kb] [文件加载：70]
[ info ] [ LANG ] D:\wamp\www\h_two\thinkphp\lang\zh-cn.php
[ info ] [ BIND ] 'admin'
[ info ] [ ROUTE ] array (
  'type' => 'module',
  'module' => 
  array (
    0 => 'admin',
    1 => 'ajax',
    2 => 'lang',
  ),
)
[ info ] [ HEADER ] array (
  'host' => 'h_two.cn',
  'connection' => 'keep-alive',
  'user-agent' => 'Mozilla/5.0 (Windows NT 6.1; WOW64) AppleWebKit/537.36 (KHTML, like Gecko) Chrome/73.0.3683.86 Safari/537.36',
  'accept' => '*/*',
  'referer' => 'http://h_two.cn/wm/drugs/searchlot/ids/3230?dialog=1',
  'accept-encoding' => 'gzip, deflate',
  'accept-language' => 'zh-CN,zh;q=0.9,en;q=0.8',
  'cookie' => 'use_simple_menu=1; PHPSESSID=occ5c24f00149tit50qkphmr86',
)
[ info ] [ PARAM ] array (
  'callback' => 'define',
  'controllername' => 'wm.drugs',
  'v' => '1565835413',
)
[ info ] [ LANG ] D:\wamp\www\h_two\public/../application/admin\lang\zh-cn.php
[ info ] [ BEHAVIOR ] Run app\common\behavior\Common @module_init [ RunTime:0.002001s ]
[ info ] [ SESSION ] INIT array (
  'id' => '',
  'var_session_id' => '',
  'prefix' => 'think',
  'type' => '',
  'auto_start' => true,
  'expire' => 5400,
  'use_cookies' => true,
)
[ info ] [ CACHE ] INIT File
[ info ] [ RUN ] app\admin\controller\Ajax->lang[ D:\wamp\www\h_two\application\admin\controller\Ajax.php ]
[ info ] [ LANG ] D:\wamp\www\h_two\public/../application/admin/lang/zh-cn/wm/drugs.php
[ info ] [ BEHAVIOR ] Run app\admin\behavior\AdminLog @app_end [ RunTime:0.001000s ]
[ info ] [ LOG ] INIT File
---------------------------------------------------------------
[ 2019-08-15T10:16:55+08:00 ] 127.0.0.1 127.0.0.1 GET /wm/drugs/edit/ids/3230?dialog=1
[ info ] h_two.cn/wm/drugs/edit/ids/3230?dialog=1 [运行时间：0.224013s][吞吐率：4.46req/s] [内存消耗：5,889.32kb] [文件加载：83]
[ info ] [ LANG ] D:\wamp\www\h_two\thinkphp\lang\zh-cn.php
[ info ] [ BIND ] 'admin'
[ info ] [ ROUTE ] array (
  'type' => 'module',
  'module' => 
  array (
    0 => 'admin',
    1 => 'wm.drugs',
    2 => 'edit',
  ),
)
[ info ] [ HEADER ] array (
  'host' => 'h_two.cn',
  'connection' => 'keep-alive',
  'upgrade-insecure-requests' => '1',
  'user-agent' => 'Mozilla/5.0 (Windows NT 6.1; WOW64) AppleWebKit/537.36 (KHTML, like Gecko) Chrome/73.0.3683.86 Safari/537.36',
  'accept' => 'text/html,application/xhtml+xml,application/xml;q=0.9,image/webp,image/apng,*/*;q=0.8,application/signed-exchange;v=b3',
  'referer' => 'http://h_two.cn/wm/drugs?addtabs=1',
  'accept-encoding' => 'gzip, deflate',
  'accept-language' => 'zh-CN,zh;q=0.9,en;q=0.8',
  'cookie' => 'use_simple_menu=1; PHPSESSID=occ5c24f00149tit50qkphmr86',
)
[ info ] [ PARAM ] array (
  'dialog' => '1',
  'ids' => '3230',
)
[ info ] [ LANG ] D:\wamp\www\h_two\public/../application/admin\lang\zh-cn.php
[ info ] [ BEHAVIOR ] Run app\common\behavior\Common @module_init [ RunTime:0.001000s ]
[ info ] [ SESSION ] INIT array (
  'id' => '',
  'var_session_id' => '',
  'prefix' => 'think',
  'type' => '',
  'auto_start' => true,
  'expire' => 5400,
  'use_cookies' => true,
)
[ info ] [ DB ] INIT mysql
[ info ] [ CACHE ] INIT File
[ info ] [ LANG ] D:\wamp\www\h_two\public/../application/admin/lang/zh-cn/wm/drugs.php
[ info ] [ RUN ] app\admin\controller\wm\Drugs->edit[ D:\wamp\www\h_two\application\admin\controller\wm\Drugs.php ]
[ info ] [ VIEW ] D:\wamp\www\h_two\public/../application/admin\view\wm\drugs\edit.html [ array (
  0 => 'breadcrumb',
  1 => 'site',
  2 => 'config',
  3 => 'auth',
  4 => 'admin',
  5 => 'proFeeType',
  6 => 'ptypeList',
  7 => 'statusList',
  8 => 'unitList',
  9 => 'depotList',
  10 => 'deptmentList',
  11 => 'subject',
  12 => 'pro_cat2',
  13 => 'goods_id',
  14 => 'row',
  15 => 'lockType',
) ]
[ info ] [ BEHAVIOR ] Run app\admin\behavior\AdminLog @app_end [ RunTime:0.001000s ]
[ info ] [ LOG ] INIT File
[ sql ] [ DB ] CONNECT:[ UseTime:0.011000s ] mysql:dbname=his_beta;host=192.168.0.220;charset=utf8
[ sql ] [ SQL ] SHOW COLUMNS FROM `yjy_auth_group_access` [ RunTime:0.004000s ]
[ sql ] [ SQL ] SELECT `AuthGroupAccess`.`uid`,`AuthGroupAccess`.`group_id`,`AuthGroup`.`id`,`AuthGroup`.`pid`,`AuthGroup`.`name`,`AuthGroup`.`rules` FROM `yjy_auth_group_access` `AuthGroupAccess` LEFT JOIN `yjy_auth_group` `AuthGroup` ON `AuthGroupAccess`.`group_id`=`AuthGroup`.`id` WHERE  (  AuthGroupAccess.uid='1' and AuthGroup.status='normal' ) [ RunTime:0.002000s ]
[ sql ] [ SQL ] SHOW COLUMNS FROM `yjy_auth_rule` [ RunTime:0.004000s ]
[ sql ] [ SQL ] SELECT `id`,`pid`,`condition`,`icon`,`name`,`title`,`ismenu` FROM `yjy_auth_rule` WHERE  `status` = 'normal' [ RunTime:0.007000s ]
[ sql ] [ SQL ] SHOW COLUMNS FROM `yjy_unit` [ RunTime:0.003000s ]
[ sql ] [ SQL ] SELECT * FROM `yjy_unit` WHERE  `status` = 'normal' ORDER BY `id`  asc [ RunTime:0.002001s ]
[ sql ] [ SQL ] SHOW COLUMNS FROM `yjy_depot` [ RunTime:0.003000s ]
[ sql ] [ SQL ] SELECT * FROM `yjy_depot` WHERE  `type` = 1  AND `status` = 'normal' ORDER BY `id`  asc [ RunTime:0.002000s ]
[ sql ] [ SQL ] SHOW COLUMNS FROM `yjy_deptment` [ RunTime:0.003000s ]
[ sql ] [ SQL ] SELECT * FROM `yjy_deptment` WHERE  `dept_type` = 'deduct'  AND `dept_status` = 1 ORDER BY `dept_id`  asc [ RunTime:0.003001s ]
[ sql ] [ SQL ] SHOW COLUMNS FROM `yjy_pducat` [ RunTime:0.003000s ]
[ sql ] [ SQL ] SELECT * FROM `yjy_pducat` WHERE  `pdc_zpttype` = 4  AND `pdc_status` = 1  AND `pdc_pid` = 0 [ RunTime:0.002000s ]
[ sql ] [ SQL ] SHOW COLUMNS FROM `yjy_project` [ RunTime:0.004001s ]
[ sql ] [ SQL ] SELECT * FROM `yjy_project` WHERE  `pro_id` = 3230 LIMIT 1 [ RunTime:0.003000s ]
[ sql ] [ SQL ] SELECT `pro_cat1`,`pro_cat2` FROM `yjy_project` WHERE  `pro_id` = 3230 [ RunTime:0.002000s ]
[ sql ] [ SQL ] SHOW COLUMNS FROM `yjy_wm_lotnum` [ RunTime:0.003000s ]
[ sql ] [ SQL ] SELECT COUNT(*) AS tp_count FROM `yjy_wm_lotnum` WHERE  `lpro_id` = 3230 LIMIT 1 [ RunTime:0.002001s ]
[ sql ] [ SQL ] SELECT `pdc_id`,`pdc_pid`,`pdc_name` FROM `yjy_pducat` WHERE  `pdc_pid` = 51 [ RunTime:0.002000s ]
---------------------------------------------------------------
[ 2019-08-15T10:16:55+08:00 ] 127.0.0.1 127.0.0.1 GET /ajax/lang?callback=define&controllername=wm.drugs&v=1565835415
[ info ] h_two.cn/ajax/lang?callback=define&controllername=wm.drugs&v=1565835415 [运行时间：0.069004s][吞吐率：14.49req/s] [内存消耗：3,844.64kb] [文件加载：70]
[ info ] [ LANG ] D:\wamp\www\h_two\thinkphp\lang\zh-cn.php
[ info ] [ BIND ] 'admin'
[ info ] [ ROUTE ] array (
  'type' => 'module',
  'module' => 
  array (
    0 => 'admin',
    1 => 'ajax',
    2 => 'lang',
  ),
)
[ info ] [ HEADER ] array (
  'host' => 'h_two.cn',
  'connection' => 'keep-alive',
  'user-agent' => 'Mozilla/5.0 (Windows NT 6.1; WOW64) AppleWebKit/537.36 (KHTML, like Gecko) Chrome/73.0.3683.86 Safari/537.36',
  'accept' => '*/*',
  'referer' => 'http://h_two.cn/wm/drugs/edit/ids/3230?dialog=1',
  'accept-encoding' => 'gzip, deflate',
  'accept-language' => 'zh-CN,zh;q=0.9,en;q=0.8',
  'cookie' => 'use_simple_menu=1; PHPSESSID=occ5c24f00149tit50qkphmr86',
)
[ info ] [ PARAM ] array (
  'callback' => 'define',
  'controllername' => 'wm.drugs',
  'v' => '1565835415',
)
[ info ] [ LANG ] D:\wamp\www\h_two\public/../application/admin\lang\zh-cn.php
[ info ] [ BEHAVIOR ] Run app\common\behavior\Common @module_init [ RunTime:0.001001s ]
[ info ] [ SESSION ] INIT array (
  'id' => '',
  'var_session_id' => '',
  'prefix' => 'think',
  'type' => '',
  'auto_start' => true,
  'expire' => 5400,
  'use_cookies' => true,
)
[ info ] [ CACHE ] INIT File
[ info ] [ RUN ] app\admin\controller\Ajax->lang[ D:\wamp\www\h_two\application\admin\controller\Ajax.php ]
[ info ] [ LANG ] D:\wamp\www\h_two\public/../application/admin/lang/zh-cn/wm/drugs.php
[ info ] [ BEHAVIOR ] Run app\admin\behavior\AdminLog @app_end [ RunTime:0.001000s ]
[ info ] [ LOG ] INIT File
---------------------------------------------------------------
[ 2019-08-15T10:16:57+08:00 ] 127.0.0.1 127.0.0.1 GET /wm/drugs/searchlot/ids/3227?dialog=1
[ info ] h_two.cn/wm/drugs/searchlot/ids/3227?dialog=1 [运行时间：0.161009s][吞吐率：6.21req/s] [内存消耗：5,726.04kb] [文件加载：82]
[ info ] [ LANG ] D:\wamp\www\h_two\thinkphp\lang\zh-cn.php
[ info ] [ BIND ] 'admin'
[ info ] [ ROUTE ] array (
  'type' => 'module',
  'module' => 
  array (
    0 => 'admin',
    1 => 'wm.drugs',
    2 => 'searchlot',
  ),
)
[ info ] [ HEADER ] array (
  'host' => 'h_two.cn',
  'connection' => 'keep-alive',
  'upgrade-insecure-requests' => '1',
  'user-agent' => 'Mozilla/5.0 (Windows NT 6.1; WOW64) AppleWebKit/537.36 (KHTML, like Gecko) Chrome/73.0.3683.86 Safari/537.36',
  'accept' => 'text/html,application/xhtml+xml,application/xml;q=0.9,image/webp,image/apng,*/*;q=0.8,application/signed-exchange;v=b3',
  'referer' => 'http://h_two.cn/wm/drugs?addtabs=1',
  'accept-encoding' => 'gzip, deflate',
  'accept-language' => 'zh-CN,zh;q=0.9,en;q=0.8',
  'cookie' => 'use_simple_menu=1; PHPSESSID=occ5c24f00149tit50qkphmr86',
)
[ info ] [ PARAM ] array (
  'dialog' => '1',
  'ids' => '3227',
)
[ info ] [ LANG ] D:\wamp\www\h_two\public/../application/admin\lang\zh-cn.php
[ info ] [ BEHAVIOR ] Run app\common\behavior\Common @module_init [ RunTime:0.001000s ]
[ info ] [ SESSION ] INIT array (
  'id' => '',
  'var_session_id' => '',
  'prefix' => 'think',
  'type' => '',
  'auto_start' => true,
  'expire' => 5400,
  'use_cookies' => true,
)
[ info ] [ DB ] INIT mysql
[ info ] [ CACHE ] INIT File
[ info ] [ LANG ] D:\wamp\www\h_two\public/../application/admin/lang/zh-cn/wm/drugs.php
[ info ] [ RUN ] app\admin\controller\wm\Drugs->searchlot[ D:\wamp\www\h_two\application\admin\controller\wm\Drugs.php ]
[ info ] [ VIEW ] D:\wamp\www\h_two\public/../application/admin\view\wm\drugs\searchlot.html [ array (
  0 => 'breadcrumb',
  1 => 'site',
  2 => 'config',
  3 => 'auth',
  4 => 'admin',
  5 => 'proFeeType',
  6 => 'ptypeList',
  7 => 'statusList',
  8 => 'unitList',
  9 => 'depotList',
  10 => 'deptmentList',
  11 => 'subject',
  12 => 'row',
) ]
[ info ] [ BEHAVIOR ] Run app\admin\behavior\AdminLog @app_end [ RunTime:0.000000s ]
[ info ] [ LOG ] INIT File
[ sql ] [ DB ] CONNECT:[ UseTime:0.002001s ] mysql:dbname=his_beta;host=192.168.0.220;charset=utf8
[ sql ] [ SQL ] SHOW COLUMNS FROM `yjy_auth_group_access` [ RunTime:0.003000s ]
[ sql ] [ SQL ] SELECT `AuthGroupAccess`.`uid`,`AuthGroupAccess`.`group_id`,`AuthGroup`.`id`,`AuthGroup`.`pid`,`AuthGroup`.`name`,`AuthGroup`.`rules` FROM `yjy_auth_group_access` `AuthGroupAccess` LEFT JOIN `yjy_auth_group` `AuthGroup` ON `AuthGroupAccess`.`group_id`=`AuthGroup`.`id` WHERE  (  AuthGroupAccess.uid='1' and AuthGroup.status='normal' ) [ RunTime:0.002000s ]
[ sql ] [ SQL ] SHOW COLUMNS FROM `yjy_auth_rule` [ RunTime:0.003000s ]
[ sql ] [ SQL ] SELECT `id`,`pid`,`condition`,`icon`,`name`,`title`,`ismenu` FROM `yjy_auth_rule` WHERE  `status` = 'normal' [ RunTime:0.007001s ]
[ sql ] [ SQL ] SHOW COLUMNS FROM `yjy_unit` [ RunTime:0.004000s ]
[ sql ] [ SQL ] SELECT * FROM `yjy_unit` WHERE  `status` = 'normal' ORDER BY `id`  asc [ RunTime:0.002000s ]
[ sql ] [ SQL ] SHOW COLUMNS FROM `yjy_depot` [ RunTime:0.003000s ]
[ sql ] [ SQL ] SELECT * FROM `yjy_depot` WHERE  `type` = 1  AND `status` = 'normal' ORDER BY `id`  asc [ RunTime:0.003000s ]
[ sql ] [ SQL ] SHOW COLUMNS FROM `yjy_deptment` [ RunTime:0.004000s ]
[ sql ] [ SQL ] SELECT * FROM `yjy_deptment` WHERE  `dept_type` = 'deduct'  AND `dept_status` = 1 ORDER BY `dept_id`  asc [ RunTime:0.002000s ]
[ sql ] [ SQL ] SHOW COLUMNS FROM `yjy_pducat` [ RunTime:0.003000s ]
[ sql ] [ SQL ] SELECT * FROM `yjy_pducat` WHERE  `pdc_zpttype` = 4  AND `pdc_status` = 1  AND `pdc_pid` = 0 [ RunTime:0.002000s ]
[ sql ] [ SQL ] SHOW COLUMNS FROM `yjy_wm_lotnum` [ RunTime:0.003000s ]
[ sql ] [ SQL ] SELECT * FROM `yjy_wm_lotnum` WHERE  `lpro_id` = 3227 [ RunTime:0.003000s ]
[ sql ] [ SQL ] SELECT `title`,`remark` FROM `yjy_auth_rule` WHERE  `name` = '/wm/drugs/searchlot/ids/3227' LIMIT 1 [ RunTime:0.002000s ]
---------------------------------------------------------------
[ 2019-08-15T10:16:57+08:00 ] 127.0.0.1 127.0.0.1 GET /ajax/lang?callback=define&controllername=wm.drugs&v=1565835417
[ info ] h_two.cn/ajax/lang?callback=define&controllername=wm.drugs&v=1565835417 [运行时间：0.092005s][吞吐率：10.87req/s] [内存消耗：3,844.69kb] [文件加载：70]
[ info ] [ LANG ] D:\wamp\www\h_two\thinkphp\lang\zh-cn.php
[ info ] [ BIND ] 'admin'
[ info ] [ ROUTE ] array (
  'type' => 'module',
  'module' => 
  array (
    0 => 'admin',
    1 => 'ajax',
    2 => 'lang',
  ),
)
[ info ] [ HEADER ] array (
  'host' => 'h_two.cn',
  'connection' => 'keep-alive',
  'user-agent' => 'Mozilla/5.0 (Windows NT 6.1; WOW64) AppleWebKit/537.36 (KHTML, like Gecko) Chrome/73.0.3683.86 Safari/537.36',
  'accept' => '*/*',
  'referer' => 'http://h_two.cn/wm/drugs/searchlot/ids/3227?dialog=1',
  'accept-encoding' => 'gzip, deflate',
  'accept-language' => 'zh-CN,zh;q=0.9,en;q=0.8',
  'cookie' => 'use_simple_menu=1; PHPSESSID=occ5c24f00149tit50qkphmr86',
)
[ info ] [ PARAM ] array (
  'callback' => 'define',
  'controllername' => 'wm.drugs',
  'v' => '1565835417',
)
[ info ] [ LANG ] D:\wamp\www\h_two\public/../application/admin\lang\zh-cn.php
[ info ] [ BEHAVIOR ] Run app\common\behavior\Common @module_init [ RunTime:0.001000s ]
[ info ] [ SESSION ] INIT array (
  'id' => '',
  'var_session_id' => '',
  'prefix' => 'think',
  'type' => '',
  'auto_start' => true,
  'expire' => 5400,
  'use_cookies' => true,
)
[ info ] [ CACHE ] INIT File
[ info ] [ RUN ] app\admin\controller\Ajax->lang[ D:\wamp\www\h_two\application\admin\controller\Ajax.php ]
[ info ] [ LANG ] D:\wamp\www\h_two\public/../application/admin/lang/zh-cn/wm/drugs.php
[ info ] [ BEHAVIOR ] Run app\admin\behavior\AdminLog @app_end [ RunTime:0.001000s ]
[ info ] [ LOG ] INIT File
---------------------------------------------------------------
[ 2019-08-15T10:17:00+08:00 ] 127.0.0.1 127.0.0.1 GET /wm/drugs/edit/ids/3227?dialog=1
[ info ] h_two.cn/wm/drugs/edit/ids/3227?dialog=1 [运行时间：0.194011s][吞吐率：5.15req/s] [内存消耗：5,889.52kb] [文件加载：83]
[ info ] [ LANG ] D:\wamp\www\h_two\thinkphp\lang\zh-cn.php
[ info ] [ BIND ] 'admin'
[ info ] [ ROUTE ] array (
  'type' => 'module',
  'module' => 
  array (
    0 => 'admin',
    1 => 'wm.drugs',
    2 => 'edit',
  ),
)
[ info ] [ HEADER ] array (
  'host' => 'h_two.cn',
  'connection' => 'keep-alive',
  'upgrade-insecure-requests' => '1',
  'user-agent' => 'Mozilla/5.0 (Windows NT 6.1; WOW64) AppleWebKit/537.36 (KHTML, like Gecko) Chrome/73.0.3683.86 Safari/537.36',
  'accept' => 'text/html,application/xhtml+xml,application/xml;q=0.9,image/webp,image/apng,*/*;q=0.8,application/signed-exchange;v=b3',
  'referer' => 'http://h_two.cn/wm/drugs?addtabs=1',
  'accept-encoding' => 'gzip, deflate',
  'accept-language' => 'zh-CN,zh;q=0.9,en;q=0.8',
  'cookie' => 'use_simple_menu=1; PHPSESSID=occ5c24f00149tit50qkphmr86',
)
[ info ] [ PARAM ] array (
  'dialog' => '1',
  'ids' => '3227',
)
[ info ] [ LANG ] D:\wamp\www\h_two\public/../application/admin\lang\zh-cn.php
[ info ] [ BEHAVIOR ] Run app\common\behavior\Common @module_init [ RunTime:0.000000s ]
[ info ] [ SESSION ] INIT array (
  'id' => '',
  'var_session_id' => '',
  'prefix' => 'think',
  'type' => '',
  'auto_start' => true,
  'expire' => 5400,
  'use_cookies' => true,
)
[ info ] [ DB ] INIT mysql
[ info ] [ CACHE ] INIT File
[ info ] [ LANG ] D:\wamp\www\h_two\public/../application/admin/lang/zh-cn/wm/drugs.php
[ info ] [ RUN ] app\admin\controller\wm\Drugs->edit[ D:\wamp\www\h_two\application\admin\controller\wm\Drugs.php ]
[ info ] [ VIEW ] D:\wamp\www\h_two\public/../application/admin\view\wm\drugs\edit.html [ array (
  0 => 'breadcrumb',
  1 => 'site',
  2 => 'config',
  3 => 'auth',
  4 => 'admin',
  5 => 'proFeeType',
  6 => 'ptypeList',
  7 => 'statusList',
  8 => 'unitList',
  9 => 'depotList',
  10 => 'deptmentList',
  11 => 'subject',
  12 => 'pro_cat2',
  13 => 'goods_id',
  14 => 'row',
  15 => 'lockType',
) ]
[ info ] [ BEHAVIOR ] Run app\admin\behavior\AdminLog @app_end [ RunTime:0.000000s ]
[ info ] [ LOG ] INIT File
[ sql ] [ DB ] CONNECT:[ UseTime:0.002000s ] mysql:dbname=his_beta;host=192.168.0.220;charset=utf8
[ sql ] [ SQL ] SHOW COLUMNS FROM `yjy_auth_group_access` [ RunTime:0.003000s ]
[ sql ] [ SQL ] SELECT `AuthGroupAccess`.`uid`,`AuthGroupAccess`.`group_id`,`AuthGroup`.`id`,`AuthGroup`.`pid`,`AuthGroup`.`name`,`AuthGroup`.`rules` FROM `yjy_auth_group_access` `AuthGroupAccess` LEFT JOIN `yjy_auth_group` `AuthGroup` ON `AuthGroupAccess`.`group_id`=`AuthGroup`.`id` WHERE  (  AuthGroupAccess.uid='1' and AuthGroup.status='normal' ) [ RunTime:0.002000s ]
[ sql ] [ SQL ] SHOW COLUMNS FROM `yjy_auth_rule` [ RunTime:0.003000s ]
[ sql ] [ SQL ] SELECT `id`,`pid`,`condition`,`icon`,`name`,`title`,`ismenu` FROM `yjy_auth_rule` WHERE  `status` = 'normal' [ RunTime:0.007001s ]
[ sql ] [ SQL ] SHOW COLUMNS FROM `yjy_unit` [ RunTime:0.003001s ]
[ sql ] [ SQL ] SELECT * FROM `yjy_unit` WHERE  `status` = 'normal' ORDER BY `id`  asc [ RunTime:0.002000s ]
[ sql ] [ SQL ] SHOW COLUMNS FROM `yjy_depot` [ RunTime:0.003000s ]
[ sql ] [ SQL ] SELECT * FROM `yjy_depot` WHERE  `type` = 1  AND `status` = 'normal' ORDER BY `id`  asc [ RunTime:0.002000s ]
[ sql ] [ SQL ] SHOW COLUMNS FROM `yjy_deptment` [ RunTime:0.004001s ]
[ sql ] [ SQL ] SELECT * FROM `yjy_deptment` WHERE  `dept_type` = 'deduct'  AND `dept_status` = 1 ORDER BY `dept_id`  asc [ RunTime:0.002000s ]
[ sql ] [ SQL ] SHOW COLUMNS FROM `yjy_pducat` [ RunTime:0.004000s ]
[ sql ] [ SQL ] SELECT * FROM `yjy_pducat` WHERE  `pdc_zpttype` = 4  AND `pdc_status` = 1  AND `pdc_pid` = 0 [ RunTime:0.002000s ]
[ sql ] [ SQL ] SHOW COLUMNS FROM `yjy_project` [ RunTime:0.004001s ]
[ sql ] [ SQL ] SELECT * FROM `yjy_project` WHERE  `pro_id` = 3227 LIMIT 1 [ RunTime:0.002000s ]
[ sql ] [ SQL ] SELECT `pro_cat1`,`pro_cat2` FROM `yjy_project` WHERE  `pro_id` = 3227 [ RunTime:0.002000s ]
[ sql ] [ SQL ] SHOW COLUMNS FROM `yjy_wm_lotnum` [ RunTime:0.003000s ]
[ sql ] [ SQL ] SELECT COUNT(*) AS tp_count FROM `yjy_wm_lotnum` WHERE  `lpro_id` = 3227 LIMIT 1 [ RunTime:0.002000s ]
[ sql ] [ SQL ] SELECT `pdc_id`,`pdc_pid`,`pdc_name` FROM `yjy_pducat` WHERE  `pdc_pid` = 51 [ RunTime:0.002000s ]
---------------------------------------------------------------
[ 2019-08-15T10:17:00+08:00 ] 127.0.0.1 127.0.0.1 GET /ajax/lang?callback=define&controllername=wm.drugs&v=1565835419
[ info ] h_two.cn/ajax/lang?callback=define&controllername=wm.drugs&v=1565835419 [运行时间：0.070004s][吞吐率：14.28req/s] [内存消耗：3,844.64kb] [文件加载：70]
[ info ] [ LANG ] D:\wamp\www\h_two\thinkphp\lang\zh-cn.php
[ info ] [ BIND ] 'admin'
[ info ] [ ROUTE ] array (
  'type' => 'module',
  'module' => 
  array (
    0 => 'admin',
    1 => 'ajax',
    2 => 'lang',
  ),
)
[ info ] [ HEADER ] array (
  'host' => 'h_two.cn',
  'connection' => 'keep-alive',
  'user-agent' => 'Mozilla/5.0 (Windows NT 6.1; WOW64) AppleWebKit/537.36 (KHTML, like Gecko) Chrome/73.0.3683.86 Safari/537.36',
  'accept' => '*/*',
  'referer' => 'http://h_two.cn/wm/drugs/edit/ids/3227?dialog=1',
  'accept-encoding' => 'gzip, deflate',
  'accept-language' => 'zh-CN,zh;q=0.9,en;q=0.8',
  'cookie' => 'use_simple_menu=1; PHPSESSID=occ5c24f00149tit50qkphmr86',
)
[ info ] [ PARAM ] array (
  'callback' => 'define',
  'controllername' => 'wm.drugs',
  'v' => '1565835419',
)
[ info ] [ LANG ] D:\wamp\www\h_two\public/../application/admin\lang\zh-cn.php
[ info ] [ BEHAVIOR ] Run app\common\behavior\Common @module_init [ RunTime:0.001000s ]
[ info ] [ SESSION ] INIT array (
  'id' => '',
  'var_session_id' => '',
  'prefix' => 'think',
  'type' => '',
  'auto_start' => true,
  'expire' => 5400,
  'use_cookies' => true,
)
[ info ] [ CACHE ] INIT File
[ info ] [ RUN ] app\admin\controller\Ajax->lang[ D:\wamp\www\h_two\application\admin\controller\Ajax.php ]
[ info ] [ LANG ] D:\wamp\www\h_two\public/../application/admin/lang/zh-cn/wm/drugs.php
[ info ] [ BEHAVIOR ] Run app\admin\behavior\AdminLog @app_end [ RunTime:0.001000s ]
[ info ] [ LOG ] INIT File
